!!!!!!!!!!!!!!!!!!!!!!!!!!!!!!!!!!!!!!!!!!!!!!!!!!!!!!!!!!!!!!!!!!!!!!!!!!!!!!!!!!!!!!!EXCEPTION ** FROM AGENT #HOST_MANAGER##simu_14#HostManager_98:77negotiation.negotiationframework.contracts.UnknownContractException: 
Contract (1335791456156   30 Apr 2012 13:10:56 GMT) (init : #HOST_MANAGER##simu_14#HostManager_98:77, part : [#simu_14#DomainAgent_229, #HOST_MANAGER##simu_14#HostManager_98:77]),(expired?false, will expire?false) On Hostctkarch(Mon Apr 30 15:11:25 CEST 2012 - 1335791485078):
facing unknonw contract!!!!! 
Contract (1335791456156   30 Apr 2012 13:10:56 GMT) (init : #HOST_MANAGER##simu_14#HostManager_98:77, part : [#simu_14#DomainAgent_229, #HOST_MANAGER##simu_14#HostManager_98:77]),(expired?false, will expire?false)
receivedContract?false
alreadyCancelled?false
alreadyExecuted?false lost contracts are : 

!!!!!!!!!!!!!!!!!!!!!!!!!!!!!!!!!!!!!!!!!!!!!!!!!!!!!!!!!!!!!!!!!!!!!!!!!!!!!!!!!!!!!!!EXCEPTION ** FROM AGENT #HOST_MANAGER##simu_14#HostManager_98:77negotiation.negotiationframework.contracts.UnknownContractException: 
Contract (1335791456156   30 Apr 2012 13:10:56 GMT) (init : #HOST_MANAGER##simu_14#HostManager_98:77, part : [#simu_14#DomainAgent_1114, #HOST_MANAGER##simu_14#HostManager_98:77]),(expired?false, will expire?false) On Hostctkarch(Mon Apr 30 15:11:25 CEST 2012 - 1335791485080):
facing unknonw contract!!!!! 
Contract (1335791456156   30 Apr 2012 13:10:56 GMT) (init : #HOST_MANAGER##simu_14#HostManager_98:77, part : [#simu_14#DomainAgent_1114, #HOST_MANAGER##simu_14#HostManager_98:77]),(expired?false, will expire?false)
receivedContract?false
alreadyCancelled?false
alreadyExecuted?false lost contracts are : 

!!!!!!!!!!!!!!!!!!!!!!!!!!!!!!!!!!!!!!!!!!!!!!!!!!!!!!!!!!!!!!!!!!!!!!!!!!!!!!!!!!!!!!!EXCEPTION ** FROM AGENT #HOST_MANAGER##simu_14#HostManager_98:77negotiation.negotiationframework.contracts.UnknownContractException: 
Contract (1335791456156   30 Apr 2012 13:10:56 GMT) (init : #HOST_MANAGER##simu_14#HostManager_98:77, part : [#simu_14#DomainAgent_682, #HOST_MANAGER##simu_14#HostManager_98:77]),(expired?false, will expire?false) On Hostctkarch(Mon Apr 30 15:11:25 CEST 2012 - 1335791485081):
facing unknonw contract!!!!! 
Contract (1335791456156   30 Apr 2012 13:10:56 GMT) (init : #HOST_MANAGER##simu_14#HostManager_98:77, part : [#simu_14#DomainAgent_682, #HOST_MANAGER##simu_14#HostManager_98:77]),(expired?false, will expire?false)
receivedContract?false
alreadyCancelled?false
alreadyExecuted?false lost contracts are : 

!!!!!!!!!!!!!!!!!!!!!!!!!!!!!!!!!!!!!!!!!!!!!!!!!!!!!!!!!!!!!!!!!!!!!!!!!!!!!!!!!!!!!!!EXCEPTION ** FROM AGENT #HOST_MANAGER##simu_14#HostManager_98:77negotiation.negotiationframework.contracts.UnknownContractException: 
Contract (1335791456156   30 Apr 2012 13:10:56 GMT) (init : #HOST_MANAGER##simu_14#HostManager_98:77, part : [#simu_14#DomainAgent_786, #HOST_MANAGER##simu_14#HostManager_98:77]),(expired?false, will expire?false) On Hostctkarch(Mon Apr 30 15:11:25 CEST 2012 - 1335791485082):
facing unknonw contract!!!!! 
Contract (1335791456156   30 Apr 2012 13:10:56 GMT) (init : #HOST_MANAGER##simu_14#HostManager_98:77, part : [#simu_14#DomainAgent_786, #HOST_MANAGER##simu_14#HostManager_98:77]),(expired?false, will expire?false)
receivedContract?false
alreadyCancelled?false
alreadyExecuted?false lost contracts are : 

