!!!!!!!!!!!!!!!!!!!!!!!!!!!!!!!!!!!!!!!!!!!!!!!!!!!!!!!!!!!!!!!!!!!!!!!!!!!!!!!!!!!!!!!EXCEPTION ** FROM AGENT #HOST_MANAGER##simu_12#HostManager_68:77negotiation.negotiationframework.contracts.UnknownContractException: 
Contract (1335785862701   30 Apr 2012 11:37:42 GMT) (init : #HOST_MANAGER##simu_12#HostManager_68:77, part : [#simu_12#DomainAgent_257, #HOST_MANAGER##simu_12#HostManager_68:77]),(expired?false, will expire?false) On Hostctkarch(Mon Apr 30 13:37:58 CEST 2012 - 1335785878143):
facing unknonw contract!!!!! 
Contract (1335785862701   30 Apr 2012 11:37:42 GMT) (init : #HOST_MANAGER##simu_12#HostManager_68:77, part : [#simu_12#DomainAgent_257, #HOST_MANAGER##simu_12#HostManager_68:77]),(expired?false, will expire?false)
receivedContract?false
alreadyCancelled?false
alreadyExecuted?false lost contracts are : 

!!!!!!!!!!!!!!!!!!!!!!!!!!!!!!!!!!!!!!!!!!!!!!!!!!!!!!!!!!!!!!!!!!!!!!!!!!!!!!!!!!!!!!!EXCEPTION ** FROM AGENT #HOST_MANAGER##simu_12#HostManager_68:77negotiation.negotiationframework.contracts.UnknownContractException: 
Contract (1335785862701   30 Apr 2012 11:37:42 GMT) (init : #HOST_MANAGER##simu_12#HostManager_68:77, part : [#simu_12#DomainAgent_199, #HOST_MANAGER##simu_12#HostManager_68:77]),(expired?false, will expire?false) On Hostctkarch(Mon Apr 30 13:37:58 CEST 2012 - 1335785878144):
facing unknonw contract!!!!! 
Contract (1335785862701   30 Apr 2012 11:37:42 GMT) (init : #HOST_MANAGER##simu_12#HostManager_68:77, part : [#simu_12#DomainAgent_199, #HOST_MANAGER##simu_12#HostManager_68:77]),(expired?false, will expire?false)
receivedContract?false
alreadyCancelled?false
alreadyExecuted?false lost contracts are : 

!!!!!!!!!!!!!!!!!!!!!!!!!!!!!!!!!!!!!!!!!!!!!!!!!!!!!!!!!!!!!!!!!!!!!!!!!!!!!!!!!!!!!!!EXCEPTION ** FROM AGENT #HOST_MANAGER##simu_12#HostManager_68:77negotiation.negotiationframework.contracts.UnknownContractException: 
Contract (1335785862701   30 Apr 2012 11:37:42 GMT) (init : #HOST_MANAGER##simu_12#HostManager_68:77, part : [#simu_12#DomainAgent_73, #HOST_MANAGER##simu_12#HostManager_68:77]),(expired?false, will expire?false) On Hostctkarch(Mon Apr 30 13:37:58 CEST 2012 - 1335785878144):
facing unknonw contract!!!!! 
Contract (1335785862701   30 Apr 2012 11:37:42 GMT) (init : #HOST_MANAGER##simu_12#HostManager_68:77, part : [#simu_12#DomainAgent_73, #HOST_MANAGER##simu_12#HostManager_68:77]),(expired?false, will expire?false)
receivedContract?false
alreadyCancelled?false
alreadyExecuted?false lost contracts are : 

!!!!!!!!!!!!!!!!!!!!!!!!!!!!!!!!!!!!!!!!!!!!!!!!!!!!!!!!!!!!!!!!!!!!!!!!!!!!!!!!!!!!!!!EXCEPTION ** FROM AGENT #HOST_MANAGER##simu_12#HostManager_68:77negotiation.negotiationframework.contracts.UnknownContractException: 
Contract (1335785862701   30 Apr 2012 11:37:42 GMT) (init : #HOST_MANAGER##simu_12#HostManager_68:77, part : [#simu_12#DomainAgent_340, #HOST_MANAGER##simu_12#HostManager_68:77]),(expired?false, will expire?false) On Hostctkarch(Mon Apr 30 13:37:58 CEST 2012 - 1335785878519):
facing unknonw contract!!!!! 
Contract (1335785862701   30 Apr 2012 11:37:42 GMT) (init : #HOST_MANAGER##simu_12#HostManager_68:77, part : [#simu_12#DomainAgent_340, #HOST_MANAGER##simu_12#HostManager_68:77]),(expired?false, will expire?false)
receivedContract?false
alreadyCancelled?false
alreadyExecuted?false lost contracts are : 

!!!!!!!!!!!!!!!!!!!!!!!!!!!!!!!!!!!!!!!!!!!!!!!!!!!!!!!!!!!!!!!!!!!!!!!!!!!!!!!!!!!!!!!EXCEPTION ** FROM AGENT #HOST_MANAGER##simu_12#HostManager_68:77negotiation.negotiationframework.contracts.UnknownContractException: 
Contract (1335785862701   30 Apr 2012 11:37:42 GMT) (init : #HOST_MANAGER##simu_12#HostManager_68:77, part : [#simu_12#DomainAgent_170, #HOST_MANAGER##simu_12#HostManager_68:77]),(expired?false, will expire?false) On Hostctkarch(Mon Apr 30 13:37:58 CEST 2012 - 1335785878520):
facing unknonw contract!!!!! 
Contract (1335785862701   30 Apr 2012 11:37:42 GMT) (init : #HOST_MANAGER##simu_12#HostManager_68:77, part : [#simu_12#DomainAgent_170, #HOST_MANAGER##simu_12#HostManager_68:77]),(expired?false, will expire?false)
receivedContract?false
alreadyCancelled?false
alreadyExecuted?false lost contracts are : 

!!!!!!!!!!!!!!!!!!!!!!!!!!!!!!!!!!!!!!!!!!!!!!!!!!!!!!!!!!!!!!!!!!!!!!!!!!!!!!!!!!!!!!!EXCEPTION ** FROM AGENT #HOST_MANAGER##simu_12#HostManager_68:77negotiation.negotiationframework.contracts.UnknownContractException: 
Contract (1335785862701   30 Apr 2012 11:37:42 GMT) (init : #HOST_MANAGER##simu_12#HostManager_68:77, part : [#simu_12#DomainAgent_496, #HOST_MANAGER##simu_12#HostManager_68:77]),(expired?false, will expire?false) On Hostctkarch(Mon Apr 30 13:37:58 CEST 2012 - 1335785878521):
facing unknonw contract!!!!! 
Contract (1335785862701   30 Apr 2012 11:37:42 GMT) (init : #HOST_MANAGER##simu_12#HostManager_68:77, part : [#simu_12#DomainAgent_496, #HOST_MANAGER##simu_12#HostManager_68:77]),(expired?false, will expire?false)
receivedContract?false
alreadyCancelled?false
alreadyExecuted?false lost contracts are : 

!!!!!!!!!!!!!!!!!!!!!!!!!!!!!!!!!!!!!!!!!!!!!!!!!!!!!!!!!!!!!!!!!!!!!!!!!!!!!!!!!!!!!!!EXCEPTION ** FROM AGENT #HOST_MANAGER##simu_12#HostManager_68:77negotiation.negotiationframework.contracts.UnknownContractException: 
Contract (1335785862701   30 Apr 2012 11:37:42 GMT) (init : #HOST_MANAGER##simu_12#HostManager_68:77, part : [#simu_12#DomainAgent_122, #HOST_MANAGER##simu_12#HostManager_68:77]),(expired?false, will expire?false) On Hostctkarch(Mon Apr 30 13:37:58 CEST 2012 - 1335785878809):
facing unknonw contract!!!!! 
Contract (1335785862701   30 Apr 2012 11:37:42 GMT) (init : #HOST_MANAGER##simu_12#HostManager_68:77, part : [#simu_12#DomainAgent_122, #HOST_MANAGER##simu_12#HostManager_68:77]),(expired?false, will expire?false)
receivedContract?false
alreadyCancelled?false
alreadyExecuted?false lost contracts are : 

