!!!!!!!!!!!!!!!!!!!!!!!!!!!!!!!!!!!!!!!!!!!!!!!!!!!!!!!!!!!!!!!!!!!!!!!!!!!!!!!!!!!!!!!EXCEPTION ** FROM AGENT #HOST_MANAGER##simu_12#HostManager_3:77negotiation.negotiationframework.contracts.UnknownContractException: 
Contract (1335785863000   30 Apr 2012 11:37:43 GMT) (init : #HOST_MANAGER##simu_12#HostManager_3:77, part : [#simu_12#DomainAgent_244, #HOST_MANAGER##simu_12#HostManager_3:77]),(expired?false, will expire?false) On Hostctkarch(Mon Apr 30 13:37:48 CEST 2012 - 1335785868876):
facing unknonw contract!!!!! 
Contract (1335785863000   30 Apr 2012 11:37:43 GMT) (init : #HOST_MANAGER##simu_12#HostManager_3:77, part : [#simu_12#DomainAgent_244, #HOST_MANAGER##simu_12#HostManager_3:77]),(expired?false, will expire?false)
receivedContract?false
alreadyCancelled?false
alreadyExecuted?false lost contracts are : 

!!!!!!!!!!!!!!!!!!!!!!!!!!!!!!!!!!!!!!!!!!!!!!!!!!!!!!!!!!!!!!!!!!!!!!!!!!!!!!!!!!!!!!!EXCEPTION ** FROM AGENT #HOST_MANAGER##simu_12#HostManager_3:77negotiation.negotiationframework.contracts.UnknownContractException: 
Contract (1335785863000   30 Apr 2012 11:37:43 GMT) (init : #HOST_MANAGER##simu_12#HostManager_3:77, part : [#simu_12#DomainAgent_409, #HOST_MANAGER##simu_12#HostManager_3:77]),(expired?false, will expire?false) On Hostctkarch(Mon Apr 30 13:37:49 CEST 2012 - 1335785869724):
facing unknonw contract!!!!! 
Contract (1335785863000   30 Apr 2012 11:37:43 GMT) (init : #HOST_MANAGER##simu_12#HostManager_3:77, part : [#simu_12#DomainAgent_409, #HOST_MANAGER##simu_12#HostManager_3:77]),(expired?false, will expire?false)
receivedContract?false
alreadyCancelled?false
alreadyExecuted?false lost contracts are : 

!!!!!!!!!!!!!!!!!!!!!!!!!!!!!!!!!!!!!!!!!!!!!!!!!!!!!!!!!!!!!!!!!!!!!!!!!!!!!!!!!!!!!!!EXCEPTION ** FROM AGENT #HOST_MANAGER##simu_12#HostManager_3:77negotiation.negotiationframework.contracts.UnknownContractException: 
Contract (1335785863000   30 Apr 2012 11:37:43 GMT) (init : #HOST_MANAGER##simu_12#HostManager_3:77, part : [#simu_12#DomainAgent_344, #HOST_MANAGER##simu_12#HostManager_3:77]),(expired?false, will expire?false) On Hostctkarch(Mon Apr 30 13:37:49 CEST 2012 - 1335785869725):
facing unknonw contract!!!!! 
Contract (1335785863000   30 Apr 2012 11:37:43 GMT) (init : #HOST_MANAGER##simu_12#HostManager_3:77, part : [#simu_12#DomainAgent_344, #HOST_MANAGER##simu_12#HostManager_3:77]),(expired?false, will expire?false)
receivedContract?false
alreadyCancelled?false
alreadyExecuted?false lost contracts are : 

