!!!!!!!!!!!!!!!!!!!!!!!!!!!!!!!!!!!!!!!!!!!!!!!!!!!!!!!!!!!!!!!!!!!!!!!!!!!!!!!!!!!!!!!EXCEPTION ** FROM AGENT #HOST_MANAGER##simu_12#HostManager_111:77negotiation.negotiationframework.contracts.UnknownContractException: 
Contract (1335785858404   30 Apr 2012 11:37:38 GMT) (init : #HOST_MANAGER##simu_12#HostManager_111:77, part : [#simu_12#DomainAgent_45, #HOST_MANAGER##simu_12#HostManager_111:77]),(expired?false, will expire?false) On Hostctkarch(Mon Apr 30 13:37:43 CEST 2012 - 1335785863835):
facing unknonw contract!!!!! 
Contract (1335785858404   30 Apr 2012 11:37:38 GMT) (init : #HOST_MANAGER##simu_12#HostManager_111:77, part : [#simu_12#DomainAgent_45, #HOST_MANAGER##simu_12#HostManager_111:77]),(expired?false, will expire?false)
receivedContract?false
alreadyCancelled?false
alreadyExecuted?false lost contracts are : 

!!!!!!!!!!!!!!!!!!!!!!!!!!!!!!!!!!!!!!!!!!!!!!!!!!!!!!!!!!!!!!!!!!!!!!!!!!!!!!!!!!!!!!!EXCEPTION ** FROM AGENT #HOST_MANAGER##simu_12#HostManager_111:77negotiation.negotiationframework.contracts.UnknownContractException: 
Contract (1335785858404   30 Apr 2012 11:37:38 GMT) (init : #HOST_MANAGER##simu_12#HostManager_111:77, part : [#simu_12#DomainAgent_528, #HOST_MANAGER##simu_12#HostManager_111:77]),(expired?false, will expire?false) On Hostctkarch(Mon Apr 30 13:37:44 CEST 2012 - 1335785864097):
facing unknonw contract!!!!! 
Contract (1335785858404   30 Apr 2012 11:37:38 GMT) (init : #HOST_MANAGER##simu_12#HostManager_111:77, part : [#simu_12#DomainAgent_528, #HOST_MANAGER##simu_12#HostManager_111:77]),(expired?false, will expire?false)
receivedContract?false
alreadyCancelled?false
alreadyExecuted?false lost contracts are : 

!!!!!!!!!!!!!!!!!!!!!!!!!!!!!!!!!!!!!!!!!!!!!!!!!!!!!!!!!!!!!!!!!!!!!!!!!!!!!!!!!!!!!!!EXCEPTION ** FROM AGENT #HOST_MANAGER##simu_12#HostManager_111:77negotiation.negotiationframework.contracts.UnknownContractException: 
Contract (1335785858404   30 Apr 2012 11:37:38 GMT) (init : #HOST_MANAGER##simu_12#HostManager_111:77, part : [#simu_12#DomainAgent_120, #HOST_MANAGER##simu_12#HostManager_111:77]),(expired?false, will expire?false) On Hostctkarch(Mon Apr 30 13:37:44 CEST 2012 - 1335785864105):
facing unknonw contract!!!!! 
Contract (1335785858404   30 Apr 2012 11:37:38 GMT) (init : #HOST_MANAGER##simu_12#HostManager_111:77, part : [#simu_12#DomainAgent_120, #HOST_MANAGER##simu_12#HostManager_111:77]),(expired?false, will expire?false)
receivedContract?false
alreadyCancelled?false
alreadyExecuted?false lost contracts are : 

