!!!!!!!!!!!!!!!!!!!!!!!!!!!!!!!!!!!!!!!!!!!!!!!!!!!!!!!!!!!!!!!!!!!!!!!!!!!!!!!!!!!!!!!EXCEPTION ** FROM AGENT #HOST_MANAGER##simu_14#HostManager_59:77negotiation.negotiationframework.contracts.UnknownContractException: 
Contract (1335791452658   30 Apr 2012 13:10:52 GMT) (init : #HOST_MANAGER##simu_14#HostManager_59:77, part : [#simu_14#DomainAgent_107, #HOST_MANAGER##simu_14#HostManager_59:77]),(expired?false, will expire?false) On Hostctkarch(Mon Apr 30 15:13:20 CEST 2012 - 1335791600208):
facing unknonw contract!!!!! 
Contract (1335791452658   30 Apr 2012 13:10:52 GMT) (init : #HOST_MANAGER##simu_14#HostManager_59:77, part : [#simu_14#DomainAgent_107, #HOST_MANAGER##simu_14#HostManager_59:77]),(expired?false, will expire?false)
receivedContract?false
alreadyCancelled?false
alreadyExecuted?false lost contracts are : 

!!!!!!!!!!!!!!!!!!!!!!!!!!!!!!!!!!!!!!!!!!!!!!!!!!!!!!!!!!!!!!!!!!!!!!!!!!!!!!!!!!!!!!!EXCEPTION ** FROM AGENT #HOST_MANAGER##simu_14#HostManager_59:77negotiation.negotiationframework.contracts.UnknownContractException: 
Contract (1335791452658   30 Apr 2012 13:10:52 GMT) (init : #HOST_MANAGER##simu_14#HostManager_59:77, part : [#simu_14#DomainAgent_1109, #HOST_MANAGER##simu_14#HostManager_59:77]),(expired?false, will expire?false) On Hostctkarch(Mon Apr 30 15:13:20 CEST 2012 - 1335791600209):
facing unknonw contract!!!!! 
Contract (1335791452658   30 Apr 2012 13:10:52 GMT) (init : #HOST_MANAGER##simu_14#HostManager_59:77, part : [#simu_14#DomainAgent_1109, #HOST_MANAGER##simu_14#HostManager_59:77]),(expired?false, will expire?false)
receivedContract?false
alreadyCancelled?false
alreadyExecuted?false lost contracts are : 

!!!!!!!!!!!!!!!!!!!!!!!!!!!!!!!!!!!!!!!!!!!!!!!!!!!!!!!!!!!!!!!!!!!!!!!!!!!!!!!!!!!!!!!EXCEPTION ** FROM AGENT #HOST_MANAGER##simu_14#HostManager_59:77negotiation.negotiationframework.contracts.UnknownContractException: 
Contract (1335791452658   30 Apr 2012 13:10:52 GMT) (init : #HOST_MANAGER##simu_14#HostManager_59:77, part : [#simu_14#DomainAgent_903, #HOST_MANAGER##simu_14#HostManager_59:77]),(expired?false, will expire?false) On Hostctkarch(Mon Apr 30 15:13:20 CEST 2012 - 1335791600210):
facing unknonw contract!!!!! 
Contract (1335791452658   30 Apr 2012 13:10:52 GMT) (init : #HOST_MANAGER##simu_14#HostManager_59:77, part : [#simu_14#DomainAgent_903, #HOST_MANAGER##simu_14#HostManager_59:77]),(expired?false, will expire?false)
receivedContract?false
alreadyCancelled?false
alreadyExecuted?false lost contracts are : 

!!!!!!!!!!!!!!!!!!!!!!!!!!!!!!!!!!!!!!!!!!!!!!!!!!!!!!!!!!!!!!!!!!!!!!!!!!!!!!!!!!!!!!!EXCEPTION ** FROM AGENT #HOST_MANAGER##simu_14#HostManager_59:77negotiation.negotiationframework.contracts.UnknownContractException: 
Contract (1335791452658   30 Apr 2012 13:10:52 GMT) (init : #HOST_MANAGER##simu_14#HostManager_59:77, part : [#simu_14#DomainAgent_471, #HOST_MANAGER##simu_14#HostManager_59:77]),(expired?false, will expire?false) On Hostctkarch(Mon Apr 30 15:13:21 CEST 2012 - 1335791601352):
facing unknonw contract!!!!! 
Contract (1335791452658   30 Apr 2012 13:10:52 GMT) (init : #HOST_MANAGER##simu_14#HostManager_59:77, part : [#simu_14#DomainAgent_471, #HOST_MANAGER##simu_14#HostManager_59:77]),(expired?false, will expire?false)
receivedContract?false
alreadyCancelled?false
alreadyExecuted?false lost contracts are : 

!!!!!!!!!!!!!!!!!!!!!!!!!!!!!!!!!!!!!!!!!!!!!!!!!!!!!!!!!!!!!!!!!!!!!!!!!!!!!!!!!!!!!!!EXCEPTION ** FROM AGENT #HOST_MANAGER##simu_14#HostManager_59:77negotiation.negotiationframework.contracts.UnknownContractException: 
Contract (1335791452658   30 Apr 2012 13:10:52 GMT) (init : #HOST_MANAGER##simu_14#HostManager_59:77, part : [#simu_14#DomainAgent_378, #HOST_MANAGER##simu_14#HostManager_59:77]),(expired?false, will expire?false) On Hostctkarch(Mon Apr 30 15:13:21 CEST 2012 - 1335791601353):
facing unknonw contract!!!!! 
Contract (1335791452658   30 Apr 2012 13:10:52 GMT) (init : #HOST_MANAGER##simu_14#HostManager_59:77, part : [#simu_14#DomainAgent_378, #HOST_MANAGER##simu_14#HostManager_59:77]),(expired?false, will expire?false)
receivedContract?false
alreadyCancelled?false
alreadyExecuted?false lost contracts are : 

