!!!!!!!!!!!!!!!!!!!!!!!!!!!!!!!!!!!!!!!!!!!!!!!!!!!!!!!!!!!!!!!!!!!!!!!!!!!!!!!!!!!!!!!EXCEPTION ** FROM AGENT #HOST_MANAGER##simu_14#HostManager_249:77negotiation.negotiationframework.contracts.UnknownContractException: 
Contract (1335791442262   30 Apr 2012 13:10:42 GMT) (init : #HOST_MANAGER##simu_14#HostManager_249:77, part : [#simu_14#DomainAgent_56, #HOST_MANAGER##simu_14#HostManager_249:77]),(expired?false, will expire?false) On Hostctkarch(Mon Apr 30 15:11:06 CEST 2012 - 1335791466811):
facing unknonw contract!!!!! 
Contract (1335791442262   30 Apr 2012 13:10:42 GMT) (init : #HOST_MANAGER##simu_14#HostManager_249:77, part : [#simu_14#DomainAgent_56, #HOST_MANAGER##simu_14#HostManager_249:77]),(expired?false, will expire?false)
receivedContract?false
alreadyCancelled?false
alreadyExecuted?false lost contracts are : 

!!!!!!!!!!!!!!!!!!!!!!!!!!!!!!!!!!!!!!!!!!!!!!!!!!!!!!!!!!!!!!!!!!!!!!!!!!!!!!!!!!!!!!!EXCEPTION ** FROM AGENT #HOST_MANAGER##simu_14#HostManager_249:77negotiation.negotiationframework.contracts.UnknownContractException: 
Contract (1335791442262   30 Apr 2012 13:10:42 GMT) (init : #HOST_MANAGER##simu_14#HostManager_249:77, part : [#simu_14#DomainAgent_992, #HOST_MANAGER##simu_14#HostManager_249:77]),(expired?false, will expire?false) On Hostctkarch(Mon Apr 30 15:11:06 CEST 2012 - 1335791466812):
facing unknonw contract!!!!! 
Contract (1335791442262   30 Apr 2012 13:10:42 GMT) (init : #HOST_MANAGER##simu_14#HostManager_249:77, part : [#simu_14#DomainAgent_992, #HOST_MANAGER##simu_14#HostManager_249:77]),(expired?false, will expire?false)
receivedContract?false
alreadyCancelled?false
alreadyExecuted?false lost contracts are : 

!!!!!!!!!!!!!!!!!!!!!!!!!!!!!!!!!!!!!!!!!!!!!!!!!!!!!!!!!!!!!!!!!!!!!!!!!!!!!!!!!!!!!!!EXCEPTION ** FROM AGENT #HOST_MANAGER##simu_14#HostManager_249:77negotiation.negotiationframework.contracts.UnknownContractException: 
Contract (1335791442262   30 Apr 2012 13:10:42 GMT) (init : #HOST_MANAGER##simu_14#HostManager_249:77, part : [#simu_14#DomainAgent_709, #HOST_MANAGER##simu_14#HostManager_249:77]),(expired?false, will expire?false) On Hostctkarch(Mon Apr 30 15:11:06 CEST 2012 - 1335791466813):
facing unknonw contract!!!!! 
Contract (1335791442262   30 Apr 2012 13:10:42 GMT) (init : #HOST_MANAGER##simu_14#HostManager_249:77, part : [#simu_14#DomainAgent_709, #HOST_MANAGER##simu_14#HostManager_249:77]),(expired?false, will expire?false)
receivedContract?false
alreadyCancelled?false
alreadyExecuted?false lost contracts are : 

!!!!!!!!!!!!!!!!!!!!!!!!!!!!!!!!!!!!!!!!!!!!!!!!!!!!!!!!!!!!!!!!!!!!!!!!!!!!!!!!!!!!!!!EXCEPTION ** FROM AGENT #HOST_MANAGER##simu_14#HostManager_249:77negotiation.negotiationframework.contracts.UnknownContractException: 
Contract (1335791442262   30 Apr 2012 13:10:42 GMT) (init : #HOST_MANAGER##simu_14#HostManager_249:77, part : [#simu_14#DomainAgent_742, #HOST_MANAGER##simu_14#HostManager_249:77]),(expired?false, will expire?false) On Hostctkarch(Mon Apr 30 15:11:07 CEST 2012 - 1335791467395):
facing unknonw contract!!!!! 
Contract (1335791442262   30 Apr 2012 13:10:42 GMT) (init : #HOST_MANAGER##simu_14#HostManager_249:77, part : [#simu_14#DomainAgent_742, #HOST_MANAGER##simu_14#HostManager_249:77]),(expired?false, will expire?false)
receivedContract?false
alreadyCancelled?false
alreadyExecuted?false lost contracts are : 

