!!!!!!!!!!!!!!!!!!!!!!!!!!!!!!!!!!!!!!!!!!!!!!!!!!!!!!!!!!!!!!!!!!!!!!!!!!!!!!!!!!!!!!!EXCEPTION ** FROM AGENT #HOST_MANAGER##simu_14#HostManager_104:77negotiation.negotiationframework.contracts.UnknownContractException: 
Contract (1335791438127   30 Apr 2012 13:10:38 GMT) (init : #HOST_MANAGER##simu_14#HostManager_104:77, part : [#simu_14#DomainAgent_645, #HOST_MANAGER##simu_14#HostManager_104:77]),(expired?false, will expire?false) On Hostctkarch(Mon Apr 30 15:11:11 CEST 2012 - 1335791471748):
facing unknonw contract!!!!! 
Contract (1335791438127   30 Apr 2012 13:10:38 GMT) (init : #HOST_MANAGER##simu_14#HostManager_104:77, part : [#simu_14#DomainAgent_645, #HOST_MANAGER##simu_14#HostManager_104:77]),(expired?false, will expire?false)
receivedContract?false
alreadyCancelled?false
alreadyExecuted?false lost contracts are : 

!!!!!!!!!!!!!!!!!!!!!!!!!!!!!!!!!!!!!!!!!!!!!!!!!!!!!!!!!!!!!!!!!!!!!!!!!!!!!!!!!!!!!!!EXCEPTION ** FROM AGENT #HOST_MANAGER##simu_14#HostManager_104:77negotiation.negotiationframework.contracts.UnknownContractException: 
Contract (1335791438127   30 Apr 2012 13:10:38 GMT) (init : #HOST_MANAGER##simu_14#HostManager_104:77, part : [#simu_14#DomainAgent_305, #HOST_MANAGER##simu_14#HostManager_104:77]),(expired?false, will expire?false) On Hostctkarch(Mon Apr 30 15:11:11 CEST 2012 - 1335791471749):
facing unknonw contract!!!!! 
Contract (1335791438127   30 Apr 2012 13:10:38 GMT) (init : #HOST_MANAGER##simu_14#HostManager_104:77, part : [#simu_14#DomainAgent_305, #HOST_MANAGER##simu_14#HostManager_104:77]),(expired?false, will expire?false)
receivedContract?false
alreadyCancelled?false
alreadyExecuted?false lost contracts are : 

!!!!!!!!!!!!!!!!!!!!!!!!!!!!!!!!!!!!!!!!!!!!!!!!!!!!!!!!!!!!!!!!!!!!!!!!!!!!!!!!!!!!!!!EXCEPTION ** FROM AGENT #HOST_MANAGER##simu_14#HostManager_104:77negotiation.negotiationframework.contracts.UnknownContractException: 
Contract (1335791438127   30 Apr 2012 13:10:38 GMT) (init : #HOST_MANAGER##simu_14#HostManager_104:77, part : [#simu_14#DomainAgent_942, #HOST_MANAGER##simu_14#HostManager_104:77]),(expired?false, will expire?false) On Hostctkarch(Mon Apr 30 15:11:11 CEST 2012 - 1335791471749):
facing unknonw contract!!!!! 
Contract (1335791438127   30 Apr 2012 13:10:38 GMT) (init : #HOST_MANAGER##simu_14#HostManager_104:77, part : [#simu_14#DomainAgent_942, #HOST_MANAGER##simu_14#HostManager_104:77]),(expired?false, will expire?false)
receivedContract?false
alreadyCancelled?false
alreadyExecuted?false lost contracts are : 

!!!!!!!!!!!!!!!!!!!!!!!!!!!!!!!!!!!!!!!!!!!!!!!!!!!!!!!!!!!!!!!!!!!!!!!!!!!!!!!!!!!!!!!EXCEPTION ** FROM AGENT #HOST_MANAGER##simu_14#HostManager_104:77negotiation.negotiationframework.contracts.UnknownContractException: 
Contract (1335791438127   30 Apr 2012 13:10:38 GMT) (init : #HOST_MANAGER##simu_14#HostManager_104:77, part : [#simu_14#DomainAgent_713, #HOST_MANAGER##simu_14#HostManager_104:77]),(expired?false, will expire?false) On Hostctkarch(Mon Apr 30 15:11:12 CEST 2012 - 1335791472379):
facing unknonw contract!!!!! 
Contract (1335791438127   30 Apr 2012 13:10:38 GMT) (init : #HOST_MANAGER##simu_14#HostManager_104:77, part : [#simu_14#DomainAgent_713, #HOST_MANAGER##simu_14#HostManager_104:77]),(expired?false, will expire?false)
receivedContract?false
alreadyCancelled?false
alreadyExecuted?false lost contracts are : 

