!!!!!!!!!!!!!!!!!!!!!!!!!!!!!!!!!!!!!!!!!!!!!!!!!!!!!!!!!!!!!!!!!!!!!!!!!!!!!!!!!!!!!!!EXCEPTION ** FROM AGENT #HOST_MANAGER##simu_14#HostManager_128:77negotiation.negotiationframework.contracts.UnknownContractException: 
Contract (1335791442990   30 Apr 2012 13:10:42 GMT) (init : #HOST_MANAGER##simu_14#HostManager_128:77, part : [#simu_14#DomainAgent_614, #HOST_MANAGER##simu_14#HostManager_128:77]),(expired?false, will expire?false) On Hostctkarch(Mon Apr 30 15:11:12 CEST 2012 - 1335791472572):
facing unknonw contract!!!!! 
Contract (1335791442990   30 Apr 2012 13:10:42 GMT) (init : #HOST_MANAGER##simu_14#HostManager_128:77, part : [#simu_14#DomainAgent_614, #HOST_MANAGER##simu_14#HostManager_128:77]),(expired?false, will expire?false)
receivedContract?false
alreadyCancelled?false
alreadyExecuted?false lost contracts are : 

!!!!!!!!!!!!!!!!!!!!!!!!!!!!!!!!!!!!!!!!!!!!!!!!!!!!!!!!!!!!!!!!!!!!!!!!!!!!!!!!!!!!!!!EXCEPTION ** FROM AGENT #HOST_MANAGER##simu_14#HostManager_128:77negotiation.negotiationframework.contracts.UnknownContractException: 
Contract (1335791442990   30 Apr 2012 13:10:42 GMT) (init : #HOST_MANAGER##simu_14#HostManager_128:77, part : [#simu_14#DomainAgent_211, #HOST_MANAGER##simu_14#HostManager_128:77]),(expired?false, will expire?false) On Hostctkarch(Mon Apr 30 15:11:12 CEST 2012 - 1335791472573):
facing unknonw contract!!!!! 
Contract (1335791442990   30 Apr 2012 13:10:42 GMT) (init : #HOST_MANAGER##simu_14#HostManager_128:77, part : [#simu_14#DomainAgent_211, #HOST_MANAGER##simu_14#HostManager_128:77]),(expired?false, will expire?false)
receivedContract?false
alreadyCancelled?false
alreadyExecuted?false lost contracts are : 

!!!!!!!!!!!!!!!!!!!!!!!!!!!!!!!!!!!!!!!!!!!!!!!!!!!!!!!!!!!!!!!!!!!!!!!!!!!!!!!!!!!!!!!EXCEPTION ** FROM AGENT #HOST_MANAGER##simu_14#HostManager_128:77negotiation.negotiationframework.contracts.UnknownContractException: 
Contract (1335791442990   30 Apr 2012 13:10:42 GMT) (init : #HOST_MANAGER##simu_14#HostManager_128:77, part : [#simu_14#DomainAgent_1074, #HOST_MANAGER##simu_14#HostManager_128:77]),(expired?false, will expire?false) On Hostctkarch(Mon Apr 30 15:11:12 CEST 2012 - 1335791472574):
facing unknonw contract!!!!! 
Contract (1335791442990   30 Apr 2012 13:10:42 GMT) (init : #HOST_MANAGER##simu_14#HostManager_128:77, part : [#simu_14#DomainAgent_1074, #HOST_MANAGER##simu_14#HostManager_128:77]),(expired?false, will expire?false)
receivedContract?false
alreadyCancelled?false
alreadyExecuted?false lost contracts are : 

!!!!!!!!!!!!!!!!!!!!!!!!!!!!!!!!!!!!!!!!!!!!!!!!!!!!!!!!!!!!!!!!!!!!!!!!!!!!!!!!!!!!!!!EXCEPTION ** FROM AGENT #HOST_MANAGER##simu_14#HostManager_128:77negotiation.negotiationframework.contracts.UnknownContractException: 
Contract (1335791442990   30 Apr 2012 13:10:42 GMT) (init : #HOST_MANAGER##simu_14#HostManager_128:77, part : [#simu_14#DomainAgent_100, #HOST_MANAGER##simu_14#HostManager_128:77]),(expired?false, will expire?false) On Hostctkarch(Mon Apr 30 15:11:12 CEST 2012 - 1335791472575):
facing unknonw contract!!!!! 
Contract (1335791442990   30 Apr 2012 13:10:42 GMT) (init : #HOST_MANAGER##simu_14#HostManager_128:77, part : [#simu_14#DomainAgent_100, #HOST_MANAGER##simu_14#HostManager_128:77]),(expired?false, will expire?false)
receivedContract?false
alreadyCancelled?false
alreadyExecuted?false lost contracts are : 

