!!!!!!!!!!!!!!!!!!!!!!!!!!!!!!!!!!!!!!!!!!!!!!!!!!!!!!!!!!!!!!!!!!!!!!!!!!!!!!!!!!!!!!!EXCEPTION ** FROM AGENT #HOST_MANAGER##simu_13#HostManager_529:77negotiation.negotiationframework.contracts.UnknownContractException: 
Contract (1335788616066   30 Apr 2012 12:23:36 GMT) (init : #HOST_MANAGER##simu_13#HostManager_529:77, part : [#simu_13#DomainAgent_538, #HOST_MANAGER##simu_13#HostManager_529:77]),(expired?false, will expire?false) On Hostctkarch(Mon Apr 30 14:23:46 CEST 2012 - 1335788626763):
facing unknonw contract!!!!! 
Contract (1335788616066   30 Apr 2012 12:23:36 GMT) (init : #HOST_MANAGER##simu_13#HostManager_529:77, part : [#simu_13#DomainAgent_538, #HOST_MANAGER##simu_13#HostManager_529:77]),(expired?false, will expire?false)
receivedContract?false
alreadyCancelled?false
alreadyExecuted?false lost contracts are : 

!!!!!!!!!!!!!!!!!!!!!!!!!!!!!!!!!!!!!!!!!!!!!!!!!!!!!!!!!!!!!!!!!!!!!!!!!!!!!!!!!!!!!!!EXCEPTION ** FROM AGENT #HOST_MANAGER##simu_13#HostManager_529:77negotiation.negotiationframework.contracts.UnknownContractException: 
Contract (1335788616066   30 Apr 2012 12:23:36 GMT) (init : #HOST_MANAGER##simu_13#HostManager_529:77, part : [#simu_13#DomainAgent_757, #HOST_MANAGER##simu_13#HostManager_529:77]),(expired?false, will expire?false) On Hostctkarch(Mon Apr 30 14:23:46 CEST 2012 - 1335788626764):
facing unknonw contract!!!!! 
Contract (1335788616066   30 Apr 2012 12:23:36 GMT) (init : #HOST_MANAGER##simu_13#HostManager_529:77, part : [#simu_13#DomainAgent_757, #HOST_MANAGER##simu_13#HostManager_529:77]),(expired?false, will expire?false)
receivedContract?false
alreadyCancelled?false
alreadyExecuted?false lost contracts are : 

!!!!!!!!!!!!!!!!!!!!!!!!!!!!!!!!!!!!!!!!!!!!!!!!!!!!!!!!!!!!!!!!!!!!!!!!!!!!!!!!!!!!!!!EXCEPTION ** FROM AGENT #HOST_MANAGER##simu_13#HostManager_529:77negotiation.negotiationframework.contracts.UnknownContractException: 
Contract (1335788616066   30 Apr 2012 12:23:36 GMT) (init : #HOST_MANAGER##simu_13#HostManager_529:77, part : [#simu_13#DomainAgent_516, #HOST_MANAGER##simu_13#HostManager_529:77]),(expired?false, will expire?false) On Hostctkarch(Mon Apr 30 14:23:46 CEST 2012 - 1335788626764):
facing unknonw contract!!!!! 
Contract (1335788616066   30 Apr 2012 12:23:36 GMT) (init : #HOST_MANAGER##simu_13#HostManager_529:77, part : [#simu_13#DomainAgent_516, #HOST_MANAGER##simu_13#HostManager_529:77]),(expired?false, will expire?false)
receivedContract?false
alreadyCancelled?false
alreadyExecuted?false lost contracts are : 

