!!!!!!!!!!!!!!!!!!!!!!!!!!!!!!!!!!!!!!!!!!!!!!!!!!!!!!!!!!!!!!!!!!!!!!!!!!!!!!!!!!!!!!!EXCEPTION ** FROM AGENT #HOST_MANAGER##simu_14#HostManager_204:77negotiation.negotiationframework.contracts.UnknownContractException: 
Contract (1335791437879   30 Apr 2012 13:10:37 GMT) (init : #HOST_MANAGER##simu_14#HostManager_204:77, part : [#simu_14#DomainAgent_217, #HOST_MANAGER##simu_14#HostManager_204:77]),(expired?false, will expire?false) On Hostctkarch(Mon Apr 30 15:13:06 CEST 2012 - 1335791586011):
facing unknonw contract!!!!! 
Contract (1335791437879   30 Apr 2012 13:10:37 GMT) (init : #HOST_MANAGER##simu_14#HostManager_204:77, part : [#simu_14#DomainAgent_217, #HOST_MANAGER##simu_14#HostManager_204:77]),(expired?false, will expire?false)
receivedContract?false
alreadyCancelled?false
alreadyExecuted?false lost contracts are : 

!!!!!!!!!!!!!!!!!!!!!!!!!!!!!!!!!!!!!!!!!!!!!!!!!!!!!!!!!!!!!!!!!!!!!!!!!!!!!!!!!!!!!!!EXCEPTION ** FROM AGENT #HOST_MANAGER##simu_14#HostManager_204:77negotiation.negotiationframework.contracts.UnknownContractException: 
Contract (1335791437879   30 Apr 2012 13:10:37 GMT) (init : #HOST_MANAGER##simu_14#HostManager_204:77, part : [#simu_14#DomainAgent_215, #HOST_MANAGER##simu_14#HostManager_204:77]),(expired?false, will expire?false) On Hostctkarch(Mon Apr 30 15:13:06 CEST 2012 - 1335791586013):
facing unknonw contract!!!!! 
Contract (1335791437879   30 Apr 2012 13:10:37 GMT) (init : #HOST_MANAGER##simu_14#HostManager_204:77, part : [#simu_14#DomainAgent_215, #HOST_MANAGER##simu_14#HostManager_204:77]),(expired?false, will expire?false)
receivedContract?false
alreadyCancelled?false
alreadyExecuted?false lost contracts are : 

!!!!!!!!!!!!!!!!!!!!!!!!!!!!!!!!!!!!!!!!!!!!!!!!!!!!!!!!!!!!!!!!!!!!!!!!!!!!!!!!!!!!!!!EXCEPTION ** FROM AGENT #HOST_MANAGER##simu_14#HostManager_204:77negotiation.negotiationframework.contracts.UnknownContractException: 
Contract (1335791437879   30 Apr 2012 13:10:37 GMT) (init : #HOST_MANAGER##simu_14#HostManager_204:77, part : [#simu_14#DomainAgent_645, #HOST_MANAGER##simu_14#HostManager_204:77]),(expired?false, will expire?false) On Hostctkarch(Mon Apr 30 15:13:06 CEST 2012 - 1335791586014):
facing unknonw contract!!!!! 
Contract (1335791437879   30 Apr 2012 13:10:37 GMT) (init : #HOST_MANAGER##simu_14#HostManager_204:77, part : [#simu_14#DomainAgent_645, #HOST_MANAGER##simu_14#HostManager_204:77]),(expired?false, will expire?false)
receivedContract?false
alreadyCancelled?false
alreadyExecuted?false lost contracts are : 

!!!!!!!!!!!!!!!!!!!!!!!!!!!!!!!!!!!!!!!!!!!!!!!!!!!!!!!!!!!!!!!!!!!!!!!!!!!!!!!!!!!!!!!EXCEPTION ** FROM AGENT #HOST_MANAGER##simu_14#HostManager_204:77negotiation.negotiationframework.contracts.UnknownContractException: 
Contract (1335791437879   30 Apr 2012 13:10:37 GMT) (init : #HOST_MANAGER##simu_14#HostManager_204:77, part : [#simu_14#DomainAgent_760, #HOST_MANAGER##simu_14#HostManager_204:77]),(expired?false, will expire?false) On Hostctkarch(Mon Apr 30 15:13:06 CEST 2012 - 1335791586039):
facing unknonw contract!!!!! 
Contract (1335791437879   30 Apr 2012 13:10:37 GMT) (init : #HOST_MANAGER##simu_14#HostManager_204:77, part : [#simu_14#DomainAgent_760, #HOST_MANAGER##simu_14#HostManager_204:77]),(expired?false, will expire?false)
receivedContract?false
alreadyCancelled?false
alreadyExecuted?false lost contracts are : 

