!!!!!!!!!!!!!!!!!!!!!!!!!!!!!!!!!!!!!!!!!!!!!!!!!!!!!!!!!!!!!!!!!!!!!!!!!!!!!!!!!!!!!!!EXCEPTION ** FROM AGENT #HOST_MANAGER##simu_13#HostManager_99:77negotiation.negotiationframework.contracts.UnknownContractException: 
Contract (1335788604790   30 Apr 2012 12:23:24 GMT) (init : #HOST_MANAGER##simu_13#HostManager_99:77, part : [#simu_13#DomainAgent_985, #HOST_MANAGER##simu_13#HostManager_99:77]),(expired?false, will expire?false) On Hostctkarch(Mon Apr 30 14:24:07 CEST 2012 - 1335788647297):
facing unknonw contract!!!!! 
Contract (1335788604790   30 Apr 2012 12:23:24 GMT) (init : #HOST_MANAGER##simu_13#HostManager_99:77, part : [#simu_13#DomainAgent_985, #HOST_MANAGER##simu_13#HostManager_99:77]),(expired?false, will expire?false)
receivedContract?false
alreadyCancelled?false
alreadyExecuted?false lost contracts are : 

!!!!!!!!!!!!!!!!!!!!!!!!!!!!!!!!!!!!!!!!!!!!!!!!!!!!!!!!!!!!!!!!!!!!!!!!!!!!!!!!!!!!!!!EXCEPTION ** FROM AGENT #HOST_MANAGER##simu_13#HostManager_99:77negotiation.negotiationframework.contracts.UnknownContractException: 
Contract (1335788604790   30 Apr 2012 12:23:24 GMT) (init : #HOST_MANAGER##simu_13#HostManager_99:77, part : [#simu_13#DomainAgent_494, #HOST_MANAGER##simu_13#HostManager_99:77]),(expired?false, will expire?false) On Hostctkarch(Mon Apr 30 14:24:07 CEST 2012 - 1335788647298):
facing unknonw contract!!!!! 
Contract (1335788604790   30 Apr 2012 12:23:24 GMT) (init : #HOST_MANAGER##simu_13#HostManager_99:77, part : [#simu_13#DomainAgent_494, #HOST_MANAGER##simu_13#HostManager_99:77]),(expired?false, will expire?false)
receivedContract?false
alreadyCancelled?false
alreadyExecuted?false lost contracts are : 

!!!!!!!!!!!!!!!!!!!!!!!!!!!!!!!!!!!!!!!!!!!!!!!!!!!!!!!!!!!!!!!!!!!!!!!!!!!!!!!!!!!!!!!EXCEPTION ** FROM AGENT #HOST_MANAGER##simu_13#HostManager_99:77negotiation.negotiationframework.contracts.UnknownContractException: 
Contract (1335788604790   30 Apr 2012 12:23:24 GMT) (init : #HOST_MANAGER##simu_13#HostManager_99:77, part : [#simu_13#DomainAgent_1202, #HOST_MANAGER##simu_13#HostManager_99:77]),(expired?false, will expire?false) On Hostctkarch(Mon Apr 30 14:24:07 CEST 2012 - 1335788647298):
facing unknonw contract!!!!! 
Contract (1335788604790   30 Apr 2012 12:23:24 GMT) (init : #HOST_MANAGER##simu_13#HostManager_99:77, part : [#simu_13#DomainAgent_1202, #HOST_MANAGER##simu_13#HostManager_99:77]),(expired?false, will expire?false)
receivedContract?false
alreadyCancelled?false
alreadyExecuted?false lost contracts are : 

