!!!!!!!!!!!!!!!!!!!!!!!!!!!!!!!!!!!!!!!!!!!!!!!!!!!!!!!!!!!!!!!!!!!!!!!!!!!!!!!!!!!!!!!EXCEPTION ** FROM AGENT #HOST_MANAGER##simu_13#HostManager_150:77negotiation.negotiationframework.contracts.UnknownContractException: 
Contract (1335788610436   30 Apr 2012 12:23:30 GMT) (init : #HOST_MANAGER##simu_13#HostManager_150:77, part : [#simu_13#DomainAgent_1950, #HOST_MANAGER##simu_13#HostManager_150:77]),(expired?false, will expire?false) On Hostctkarch(Mon Apr 30 14:23:47 CEST 2012 - 1335788627456):
facing unknonw contract!!!!! 
Contract (1335788610436   30 Apr 2012 12:23:30 GMT) (init : #HOST_MANAGER##simu_13#HostManager_150:77, part : [#simu_13#DomainAgent_1950, #HOST_MANAGER##simu_13#HostManager_150:77]),(expired?false, will expire?false)
receivedContract?false
alreadyCancelled?false
alreadyExecuted?false lost contracts are : 

!!!!!!!!!!!!!!!!!!!!!!!!!!!!!!!!!!!!!!!!!!!!!!!!!!!!!!!!!!!!!!!!!!!!!!!!!!!!!!!!!!!!!!!EXCEPTION ** FROM AGENT #HOST_MANAGER##simu_13#HostManager_150:77negotiation.negotiationframework.contracts.UnknownContractException: 
Contract (1335788610436   30 Apr 2012 12:23:30 GMT) (init : #HOST_MANAGER##simu_13#HostManager_150:77, part : [#simu_13#DomainAgent_277, #HOST_MANAGER##simu_13#HostManager_150:77]),(expired?false, will expire?false) On Hostctkarch(Mon Apr 30 14:23:47 CEST 2012 - 1335788627457):
facing unknonw contract!!!!! 
Contract (1335788610436   30 Apr 2012 12:23:30 GMT) (init : #HOST_MANAGER##simu_13#HostManager_150:77, part : [#simu_13#DomainAgent_277, #HOST_MANAGER##simu_13#HostManager_150:77]),(expired?false, will expire?false)
receivedContract?false
alreadyCancelled?false
alreadyExecuted?false lost contracts are : 

!!!!!!!!!!!!!!!!!!!!!!!!!!!!!!!!!!!!!!!!!!!!!!!!!!!!!!!!!!!!!!!!!!!!!!!!!!!!!!!!!!!!!!!EXCEPTION ** FROM AGENT #HOST_MANAGER##simu_13#HostManager_150:77negotiation.negotiationframework.contracts.UnknownContractException: 
Contract (1335788610436   30 Apr 2012 12:23:30 GMT) (init : #HOST_MANAGER##simu_13#HostManager_150:77, part : [#simu_13#DomainAgent_1228, #HOST_MANAGER##simu_13#HostManager_150:77]),(expired?false, will expire?false) On Hostctkarch(Mon Apr 30 14:23:47 CEST 2012 - 1335788627458):
facing unknonw contract!!!!! 
Contract (1335788610436   30 Apr 2012 12:23:30 GMT) (init : #HOST_MANAGER##simu_13#HostManager_150:77, part : [#simu_13#DomainAgent_1228, #HOST_MANAGER##simu_13#HostManager_150:77]),(expired?false, will expire?false)
receivedContract?false
alreadyCancelled?false
alreadyExecuted?false lost contracts are : 

