!!!!!!!!!!!!!!!!!!!!!!!!!!!!!!!!!!!!!!!!!!!!!!!!!!!!!!!!!!!!!!!!!!!!!!!!!!!!!!!!!!!!!!!EXCEPTION ** FROM AGENT #HOST_MANAGER##simu_13#HostManager_427:77negotiation.negotiationframework.contracts.UnknownContractException: 
Contract (1335788588866   30 Apr 2012 12:23:08 GMT) (init : #HOST_MANAGER##simu_13#HostManager_427:77, part : [#simu_13#DomainAgent_70, #HOST_MANAGER##simu_13#HostManager_427:77]),(expired?false, will expire?false) On Hostctkarch(Mon Apr 30 14:23:34 CEST 2012 - 1335788614313):
facing unknonw contract!!!!! 
Contract (1335788588866   30 Apr 2012 12:23:08 GMT) (init : #HOST_MANAGER##simu_13#HostManager_427:77, part : [#simu_13#DomainAgent_70, #HOST_MANAGER##simu_13#HostManager_427:77]),(expired?false, will expire?false)
receivedContract?false
alreadyCancelled?false
alreadyExecuted?false lost contracts are : 

!!!!!!!!!!!!!!!!!!!!!!!!!!!!!!!!!!!!!!!!!!!!!!!!!!!!!!!!!!!!!!!!!!!!!!!!!!!!!!!!!!!!!!!EXCEPTION ** FROM AGENT #HOST_MANAGER##simu_13#HostManager_427:77negotiation.negotiationframework.contracts.UnknownContractException: 
Contract (1335788588866   30 Apr 2012 12:23:08 GMT) (init : #HOST_MANAGER##simu_13#HostManager_427:77, part : [#simu_13#DomainAgent_1575, #HOST_MANAGER##simu_13#HostManager_427:77]),(expired?false, will expire?false) On Hostctkarch(Mon Apr 30 14:23:34 CEST 2012 - 1335788614314):
facing unknonw contract!!!!! 
Contract (1335788588866   30 Apr 2012 12:23:08 GMT) (init : #HOST_MANAGER##simu_13#HostManager_427:77, part : [#simu_13#DomainAgent_1575, #HOST_MANAGER##simu_13#HostManager_427:77]),(expired?false, will expire?false)
receivedContract?false
alreadyCancelled?false
alreadyExecuted?false lost contracts are : 

!!!!!!!!!!!!!!!!!!!!!!!!!!!!!!!!!!!!!!!!!!!!!!!!!!!!!!!!!!!!!!!!!!!!!!!!!!!!!!!!!!!!!!!EXCEPTION ** FROM AGENT #HOST_MANAGER##simu_13#HostManager_427:77negotiation.negotiationframework.contracts.UnknownContractException: 
Contract (1335788588866   30 Apr 2012 12:23:08 GMT) (init : #HOST_MANAGER##simu_13#HostManager_427:77, part : [#simu_13#DomainAgent_690, #HOST_MANAGER##simu_13#HostManager_427:77]),(expired?false, will expire?false) On Hostctkarch(Mon Apr 30 14:23:34 CEST 2012 - 1335788614315):
facing unknonw contract!!!!! 
Contract (1335788588866   30 Apr 2012 12:23:08 GMT) (init : #HOST_MANAGER##simu_13#HostManager_427:77, part : [#simu_13#DomainAgent_690, #HOST_MANAGER##simu_13#HostManager_427:77]),(expired?false, will expire?false)
receivedContract?false
alreadyCancelled?false
alreadyExecuted?false lost contracts are : 

!!!!!!!!!!!!!!!!!!!!!!!!!!!!!!!!!!!!!!!!!!!!!!!!!!!!!!!!!!!!!!!!!!!!!!!!!!!!!!!!!!!!!!!EXCEPTION ** FROM AGENT #HOST_MANAGER##simu_13#HostManager_427:77negotiation.negotiationframework.contracts.UnknownContractException: 
Contract (1335788588866   30 Apr 2012 12:23:08 GMT) (init : #HOST_MANAGER##simu_13#HostManager_427:77, part : [#simu_13#DomainAgent_1680, #HOST_MANAGER##simu_13#HostManager_427:77]),(expired?false, will expire?false) On Hostctkarch(Mon Apr 30 14:23:34 CEST 2012 - 1335788614809):
facing unknonw contract!!!!! 
Contract (1335788588866   30 Apr 2012 12:23:08 GMT) (init : #HOST_MANAGER##simu_13#HostManager_427:77, part : [#simu_13#DomainAgent_1680, #HOST_MANAGER##simu_13#HostManager_427:77]),(expired?false, will expire?false)
receivedContract?false
alreadyCancelled?false
alreadyExecuted?false lost contracts are : 

!!!!!!!!!!!!!!!!!!!!!!!!!!!!!!!!!!!!!!!!!!!!!!!!!!!!!!!!!!!!!!!!!!!!!!!!!!!!!!!!!!!!!!!EXCEPTION ** FROM AGENT #HOST_MANAGER##simu_13#HostManager_427:77negotiation.negotiationframework.contracts.UnknownContractException: 
Contract (1335788588866   30 Apr 2012 12:23:08 GMT) (init : #HOST_MANAGER##simu_13#HostManager_427:77, part : [#simu_13#DomainAgent_388, #HOST_MANAGER##simu_13#HostManager_427:77]),(expired?false, will expire?false) On Hostctkarch(Mon Apr 30 14:23:34 CEST 2012 - 1335788614811):
facing unknonw contract!!!!! 
Contract (1335788588866   30 Apr 2012 12:23:08 GMT) (init : #HOST_MANAGER##simu_13#HostManager_427:77, part : [#simu_13#DomainAgent_388, #HOST_MANAGER##simu_13#HostManager_427:77]),(expired?false, will expire?false)
receivedContract?false
alreadyCancelled?false
alreadyExecuted?false lost contracts are : 

