!!!!!!!!!!!!!!!!!!!!!!!!!!!!!!!!!!!!!!!!!!!!!!!!!!!!!!!!!!!!!!!!!!!!!!!!!!!!!!!!!!!!!!!EXCEPTION ** FROM AGENT #HOST_MANAGER##simu_12#HostManager_101:77negotiation.negotiationframework.contracts.UnknownContractException: 
Contract (1335785853921   30 Apr 2012 11:37:33 GMT) (init : #HOST_MANAGER##simu_12#HostManager_101:77, part : [#simu_12#DomainAgent_592, #HOST_MANAGER##simu_12#HostManager_101:77]),(expired?false, will expire?false) On Hostctkarch(Mon Apr 30 13:37:43 CEST 2012 - 1335785863294):
facing unknonw contract!!!!! 
Contract (1335785853921   30 Apr 2012 11:37:33 GMT) (init : #HOST_MANAGER##simu_12#HostManager_101:77, part : [#simu_12#DomainAgent_592, #HOST_MANAGER##simu_12#HostManager_101:77]),(expired?false, will expire?false)
receivedContract?false
alreadyCancelled?false
alreadyExecuted?false lost contracts are : 

!!!!!!!!!!!!!!!!!!!!!!!!!!!!!!!!!!!!!!!!!!!!!!!!!!!!!!!!!!!!!!!!!!!!!!!!!!!!!!!!!!!!!!!EXCEPTION ** FROM AGENT #HOST_MANAGER##simu_12#HostManager_101:77negotiation.negotiationframework.contracts.UnknownContractException: 
Contract (1335785854345   30 Apr 2012 11:37:34 GMT) (init : #HOST_MANAGER##simu_12#HostManager_101:77, part : [#simu_12#DomainAgent_516, #HOST_MANAGER##simu_12#HostManager_101:77]),(expired?false, will expire?false) On Hostctkarch(Mon Apr 30 13:37:43 CEST 2012 - 1335785863506):
facing unknonw contract!!!!! 
Contract (1335785854345   30 Apr 2012 11:37:34 GMT) (init : #HOST_MANAGER##simu_12#HostManager_101:77, part : [#simu_12#DomainAgent_516, #HOST_MANAGER##simu_12#HostManager_101:77]),(expired?false, will expire?false)
receivedContract?false
alreadyCancelled?false
alreadyExecuted?false lost contracts are : 

!!!!!!!!!!!!!!!!!!!!!!!!!!!!!!!!!!!!!!!!!!!!!!!!!!!!!!!!!!!!!!!!!!!!!!!!!!!!!!!!!!!!!!!EXCEPTION ** FROM AGENT #HOST_MANAGER##simu_12#HostManager_101:77negotiation.negotiationframework.contracts.UnknownContractException: 
Contract (1335785853921   30 Apr 2012 11:37:33 GMT) (init : #HOST_MANAGER##simu_12#HostManager_101:77, part : [#simu_12#DomainAgent_591, #HOST_MANAGER##simu_12#HostManager_101:77]),(expired?false, will expire?false) On Hostctkarch(Mon Apr 30 13:37:43 CEST 2012 - 1335785863726):
facing unknonw contract!!!!! 
Contract (1335785853921   30 Apr 2012 11:37:33 GMT) (init : #HOST_MANAGER##simu_12#HostManager_101:77, part : [#simu_12#DomainAgent_591, #HOST_MANAGER##simu_12#HostManager_101:77]),(expired?false, will expire?false)
receivedContract?false
alreadyCancelled?false
alreadyExecuted?false lost contracts are : 

