!!!!!!!!!!!!!!!!!!!!!!!!!!!!!!!!!!!!!!!!!!!!!!!!!!!!!!!!!!!!!!!!!!!!!!!!!!!!!!!!!!!!!!!EXCEPTION ** FROM AGENT #HOST_MANAGER##simu_16#HostManager_208:77negotiation.negotiationframework.contracts.UnknownContractException: 
Contract (1335797121185   30 Apr 2012 14:45:21 GMT) (init : #HOST_MANAGER##simu_16#HostManager_208:77, part : [#simu_16#DomainAgent_642, #HOST_MANAGER##simu_16#HostManager_208:77]),(expired?false, will expire?false) On Hostctkarch(Mon Apr 30 16:45:34 CEST 2012 - 1335797134928):
facing unknonw contract!!!!! 
Contract (1335797121185   30 Apr 2012 14:45:21 GMT) (init : #HOST_MANAGER##simu_16#HostManager_208:77, part : [#simu_16#DomainAgent_642, #HOST_MANAGER##simu_16#HostManager_208:77]),(expired?false, will expire?false)
receivedContract?false
alreadyCancelled?false
alreadyExecuted?false lost contracts are : 

!!!!!!!!!!!!!!!!!!!!!!!!!!!!!!!!!!!!!!!!!!!!!!!!!!!!!!!!!!!!!!!!!!!!!!!!!!!!!!!!!!!!!!!EXCEPTION ** FROM AGENT #HOST_MANAGER##simu_16#HostManager_208:77negotiation.negotiationframework.contracts.UnknownContractException: 
Contract (1335797121185   30 Apr 2012 14:45:21 GMT) (init : #HOST_MANAGER##simu_16#HostManager_208:77, part : [#simu_16#DomainAgent_540, #HOST_MANAGER##simu_16#HostManager_208:77]),(expired?false, will expire?false) On Hostctkarch(Mon Apr 30 16:45:34 CEST 2012 - 1335797134929):
facing unknonw contract!!!!! 
Contract (1335797121185   30 Apr 2012 14:45:21 GMT) (init : #HOST_MANAGER##simu_16#HostManager_208:77, part : [#simu_16#DomainAgent_540, #HOST_MANAGER##simu_16#HostManager_208:77]),(expired?false, will expire?false)
receivedContract?false
alreadyCancelled?false
alreadyExecuted?false lost contracts are : 

!!!!!!!!!!!!!!!!!!!!!!!!!!!!!!!!!!!!!!!!!!!!!!!!!!!!!!!!!!!!!!!!!!!!!!!!!!!!!!!!!!!!!!!EXCEPTION ** FROM AGENT #HOST_MANAGER##simu_16#HostManager_208:77negotiation.negotiationframework.contracts.UnknownContractException: 
Contract (1335797121185   30 Apr 2012 14:45:21 GMT) (init : #HOST_MANAGER##simu_16#HostManager_208:77, part : [#simu_16#DomainAgent_1288, #HOST_MANAGER##simu_16#HostManager_208:77]),(expired?false, will expire?false) On Hostctkarch(Mon Apr 30 16:45:34 CEST 2012 - 1335797134930):
facing unknonw contract!!!!! 
Contract (1335797121185   30 Apr 2012 14:45:21 GMT) (init : #HOST_MANAGER##simu_16#HostManager_208:77, part : [#simu_16#DomainAgent_1288, #HOST_MANAGER##simu_16#HostManager_208:77]),(expired?false, will expire?false)
receivedContract?false
alreadyCancelled?false
alreadyExecuted?false lost contracts are : 

!!!!!!!!!!!!!!!!!!!!!!!!!!!!!!!!!!!!!!!!!!!!!!!!!!!!!!!!!!!!!!!!!!!!!!!!!!!!!!!!!!!!!!!EXCEPTION ** FROM AGENT #HOST_MANAGER##simu_16#HostManager_208:77negotiation.negotiationframework.contracts.UnknownContractException: 
Contract (1335797121185   30 Apr 2012 14:45:21 GMT) (init : #HOST_MANAGER##simu_16#HostManager_208:77, part : [#simu_16#DomainAgent_1938, #HOST_MANAGER##simu_16#HostManager_208:77]),(expired?false, will expire?false) On Hostctkarch(Mon Apr 30 16:45:34 CEST 2012 - 1335797134998):
facing unknonw contract!!!!! 
Contract (1335797121185   30 Apr 2012 14:45:21 GMT) (init : #HOST_MANAGER##simu_16#HostManager_208:77, part : [#simu_16#DomainAgent_1938, #HOST_MANAGER##simu_16#HostManager_208:77]),(expired?false, will expire?false)
receivedContract?false
alreadyCancelled?false
alreadyExecuted?false lost contracts are : 

!!!!!!!!!!!!!!!!!!!!!!!!!!!!!!!!!!!!!!!!!!!!!!!!!!!!!!!!!!!!!!!!!!!!!!!!!!!!!!!!!!!!!!!EXCEPTION ** FROM AGENT #HOST_MANAGER##simu_16#HostManager_208:77negotiation.negotiationframework.contracts.UnknownContractException: 
Contract (1335797121185   30 Apr 2012 14:45:21 GMT) (init : #HOST_MANAGER##simu_16#HostManager_208:77, part : [#simu_16#DomainAgent_1540, #HOST_MANAGER##simu_16#HostManager_208:77]),(expired?false, will expire?false) On Hostctkarch(Mon Apr 30 16:45:35 CEST 2012 - 1335797135000):
facing unknonw contract!!!!! 
Contract (1335797121185   30 Apr 2012 14:45:21 GMT) (init : #HOST_MANAGER##simu_16#HostManager_208:77, part : [#simu_16#DomainAgent_1540, #HOST_MANAGER##simu_16#HostManager_208:77]),(expired?false, will expire?false)
receivedContract?false
alreadyCancelled?false
alreadyExecuted?false lost contracts are : 

