!!!!!!!!!!!!!!!!!!!!!!!!!!!!!!!!!!!!!!!!!!!!!!!!!!!!!!!!!!!!!!!!!!!!!!!!!!!!!!!!!!!!!!!EXCEPTION ** FROM AGENT #HOST_MANAGER##simu_12#HostManager_45:77negotiation.negotiationframework.contracts.UnknownContractException: 
Contract (1335785858205   30 Apr 2012 11:37:38 GMT) (init : #HOST_MANAGER##simu_12#HostManager_45:77, part : [#simu_12#DomainAgent_235, #HOST_MANAGER##simu_12#HostManager_45:77]),(expired?false, will expire?false) On Hostctkarch(Mon Apr 30 13:37:41 CEST 2012 - 1335785861643):
facing unknonw contract!!!!! 
Contract (1335785858205   30 Apr 2012 11:37:38 GMT) (init : #HOST_MANAGER##simu_12#HostManager_45:77, part : [#simu_12#DomainAgent_235, #HOST_MANAGER##simu_12#HostManager_45:77]),(expired?false, will expire?false)
receivedContract?false
alreadyCancelled?false
alreadyExecuted?false lost contracts are : 

!!!!!!!!!!!!!!!!!!!!!!!!!!!!!!!!!!!!!!!!!!!!!!!!!!!!!!!!!!!!!!!!!!!!!!!!!!!!!!!!!!!!!!!EXCEPTION ** FROM AGENT #HOST_MANAGER##simu_12#HostManager_45:77negotiation.negotiationframework.contracts.UnknownContractException: 
Contract (1335785858205   30 Apr 2012 11:37:38 GMT) (init : #HOST_MANAGER##simu_12#HostManager_45:77, part : [#simu_12#DomainAgent_234, #HOST_MANAGER##simu_12#HostManager_45:77]),(expired?false, will expire?false) On Hostctkarch(Mon Apr 30 13:37:41 CEST 2012 - 1335785861645):
facing unknonw contract!!!!! 
Contract (1335785858205   30 Apr 2012 11:37:38 GMT) (init : #HOST_MANAGER##simu_12#HostManager_45:77, part : [#simu_12#DomainAgent_234, #HOST_MANAGER##simu_12#HostManager_45:77]),(expired?false, will expire?false)
receivedContract?false
alreadyCancelled?false
alreadyExecuted?false lost contracts are : 

!!!!!!!!!!!!!!!!!!!!!!!!!!!!!!!!!!!!!!!!!!!!!!!!!!!!!!!!!!!!!!!!!!!!!!!!!!!!!!!!!!!!!!!EXCEPTION ** FROM AGENT #HOST_MANAGER##simu_12#HostManager_45:77negotiation.negotiationframework.contracts.UnknownContractException: 
Contract (1335785858205   30 Apr 2012 11:37:38 GMT) (init : #HOST_MANAGER##simu_12#HostManager_45:77, part : [#simu_12#DomainAgent_316, #HOST_MANAGER##simu_12#HostManager_45:77]),(expired?false, will expire?false) On Hostctkarch(Mon Apr 30 13:37:42 CEST 2012 - 1335785862535):
facing unknonw contract!!!!! 
Contract (1335785858205   30 Apr 2012 11:37:38 GMT) (init : #HOST_MANAGER##simu_12#HostManager_45:77, part : [#simu_12#DomainAgent_316, #HOST_MANAGER##simu_12#HostManager_45:77]),(expired?false, will expire?false)
receivedContract?false
alreadyCancelled?false
alreadyExecuted?false lost contracts are : 

