!!!!!!!!!!!!!!!!!!!!!!!!!!!!!!!!!!!!!!!!!!!!!!!!!!!!!!!!!!!!!!!!!!!!!!!!!!!!!!!!!!!!!!!EXCEPTION ** FROM AGENT #HOST_MANAGER##simu_12#HostManager_35:77negotiation.negotiationframework.contracts.UnknownContractException: 
Contract (1335785859350   30 Apr 2012 11:37:39 GMT) (init : #HOST_MANAGER##simu_12#HostManager_35:77, part : [#simu_12#DomainAgent_126, #HOST_MANAGER##simu_12#HostManager_35:77]),(expired?false, will expire?false) On Hostctkarch(Mon Apr 30 13:37:43 CEST 2012 - 1335785863635):
facing unknonw contract!!!!! 
Contract (1335785859350   30 Apr 2012 11:37:39 GMT) (init : #HOST_MANAGER##simu_12#HostManager_35:77, part : [#simu_12#DomainAgent_126, #HOST_MANAGER##simu_12#HostManager_35:77]),(expired?false, will expire?false)
receivedContract?false
alreadyCancelled?false
alreadyExecuted?false lost contracts are : 

!!!!!!!!!!!!!!!!!!!!!!!!!!!!!!!!!!!!!!!!!!!!!!!!!!!!!!!!!!!!!!!!!!!!!!!!!!!!!!!!!!!!!!!EXCEPTION ** FROM AGENT #HOST_MANAGER##simu_12#HostManager_35:77negotiation.negotiationframework.contracts.UnknownContractException: 
Contract (1335785859350   30 Apr 2012 11:37:39 GMT) (init : #HOST_MANAGER##simu_12#HostManager_35:77, part : [#simu_12#DomainAgent_156, #HOST_MANAGER##simu_12#HostManager_35:77]),(expired?false, will expire?false) On Hostctkarch(Mon Apr 30 13:37:43 CEST 2012 - 1335785863636):
facing unknonw contract!!!!! 
Contract (1335785859350   30 Apr 2012 11:37:39 GMT) (init : #HOST_MANAGER##simu_12#HostManager_35:77, part : [#simu_12#DomainAgent_156, #HOST_MANAGER##simu_12#HostManager_35:77]),(expired?false, will expire?false)
receivedContract?false
alreadyCancelled?false
alreadyExecuted?false lost contracts are : 

!!!!!!!!!!!!!!!!!!!!!!!!!!!!!!!!!!!!!!!!!!!!!!!!!!!!!!!!!!!!!!!!!!!!!!!!!!!!!!!!!!!!!!!EXCEPTION ** FROM AGENT #HOST_MANAGER##simu_12#HostManager_35:77negotiation.negotiationframework.contracts.UnknownContractException: 
Contract (1335785859350   30 Apr 2012 11:37:39 GMT) (init : #HOST_MANAGER##simu_12#HostManager_35:77, part : [#simu_12#DomainAgent_35, #HOST_MANAGER##simu_12#HostManager_35:77]),(expired?false, will expire?false) On Hostctkarch(Mon Apr 30 13:37:43 CEST 2012 - 1335785863638):
facing unknonw contract!!!!! 
Contract (1335785859350   30 Apr 2012 11:37:39 GMT) (init : #HOST_MANAGER##simu_12#HostManager_35:77, part : [#simu_12#DomainAgent_35, #HOST_MANAGER##simu_12#HostManager_35:77]),(expired?false, will expire?false)
receivedContract?false
alreadyCancelled?false
alreadyExecuted?false lost contracts are : 

