!!!!!!!!!!!!!!!!!!!!!!!!!!!!!!!!!!!!!!!!!!!!!!!!!!!!!!!!!!!!!!!!!!!!!!!!!!!!!!!!!!!!!!!EXCEPTION ** FROM AGENT #HOST_MANAGER##simu_12#HostManager_12:77negotiation.negotiationframework.contracts.UnknownContractException: 
Contract (1335785859419   30 Apr 2012 11:37:39 GMT) (init : #HOST_MANAGER##simu_12#HostManager_12:77, part : [#simu_12#DomainAgent_11, #HOST_MANAGER##simu_12#HostManager_12:77]),(expired?false, will expire?false) On Hostctkarch(Mon Apr 30 13:44:26 CEST 2012 - 1335786266771):
facing unknonw contract!!!!! 
Contract (1335785859419   30 Apr 2012 11:37:39 GMT) (init : #HOST_MANAGER##simu_12#HostManager_12:77, part : [#simu_12#DomainAgent_11, #HOST_MANAGER##simu_12#HostManager_12:77]),(expired?false, will expire?false)
receivedContract?false
alreadyCancelled?false
alreadyExecuted?false lost contracts are : 

!!!!!!!!!!!!!!!!!!!!!!!!!!!!!!!!!!!!!!!!!!!!!!!!!!!!!!!!!!!!!!!!!!!!!!!!!!!!!!!!!!!!!!!EXCEPTION ** FROM AGENT #HOST_MANAGER##simu_12#HostManager_12:77negotiation.negotiationframework.contracts.UnknownContractException: 
Contract (1335785859419   30 Apr 2012 11:37:39 GMT) (init : #HOST_MANAGER##simu_12#HostManager_12:77, part : [#simu_12#DomainAgent_106, #HOST_MANAGER##simu_12#HostManager_12:77]),(expired?false, will expire?false) On Hostctkarch(Mon Apr 30 13:44:26 CEST 2012 - 1335786266772):
facing unknonw contract!!!!! 
Contract (1335785859419   30 Apr 2012 11:37:39 GMT) (init : #HOST_MANAGER##simu_12#HostManager_12:77, part : [#simu_12#DomainAgent_106, #HOST_MANAGER##simu_12#HostManager_12:77]),(expired?false, will expire?false)
receivedContract?false
alreadyCancelled?false
alreadyExecuted?false lost contracts are : 

!!!!!!!!!!!!!!!!!!!!!!!!!!!!!!!!!!!!!!!!!!!!!!!!!!!!!!!!!!!!!!!!!!!!!!!!!!!!!!!!!!!!!!!EXCEPTION ** FROM AGENT #HOST_MANAGER##simu_12#HostManager_12:77negotiation.negotiationframework.contracts.UnknownContractException: 
Contract (1335785859419   30 Apr 2012 11:37:39 GMT) (init : #HOST_MANAGER##simu_12#HostManager_12:77, part : [#simu_12#DomainAgent_323, #HOST_MANAGER##simu_12#HostManager_12:77]),(expired?false, will expire?false) On Hostctkarch(Mon Apr 30 13:44:26 CEST 2012 - 1335786266773):
facing unknonw contract!!!!! 
Contract (1335785859419   30 Apr 2012 11:37:39 GMT) (init : #HOST_MANAGER##simu_12#HostManager_12:77, part : [#simu_12#DomainAgent_323, #HOST_MANAGER##simu_12#HostManager_12:77]),(expired?false, will expire?false)
receivedContract?false
alreadyCancelled?false
alreadyExecuted?false lost contracts are : 

!!!!!!!!!!!!!!!!!!!!!!!!!!!!!!!!!!!!!!!!!!!!!!!!!!!!!!!!!!!!!!!!!!!!!!!!!!!!!!!!!!!!!!!EXCEPTION ** FROM AGENT #HOST_MANAGER##simu_12#HostManager_12:77negotiation.negotiationframework.contracts.UnknownContractException: 
Contract (1335785859419   30 Apr 2012 11:37:39 GMT) (init : #HOST_MANAGER##simu_12#HostManager_12:77, part : [#simu_12#DomainAgent_5, #HOST_MANAGER##simu_12#HostManager_12:77]),(expired?false, will expire?false) On Hostctkarch(Mon Apr 30 13:44:27 CEST 2012 - 1335786267488):
facing unknonw contract!!!!! 
Contract (1335785859419   30 Apr 2012 11:37:39 GMT) (init : #HOST_MANAGER##simu_12#HostManager_12:77, part : [#simu_12#DomainAgent_5, #HOST_MANAGER##simu_12#HostManager_12:77]),(expired?false, will expire?false)
receivedContract?false
alreadyCancelled?false
alreadyExecuted?false lost contracts are : 

!!!!!!!!!!!!!!!!!!!!!!!!!!!!!!!!!!!!!!!!!!!!!!!!!!!!!!!!!!!!!!!!!!!!!!!!!!!!!!!!!!!!!!!EXCEPTION ** FROM AGENT #HOST_MANAGER##simu_12#HostManager_12:77negotiation.negotiationframework.contracts.UnknownContractException: 
Contract (1335785859419   30 Apr 2012 11:37:39 GMT) (init : #HOST_MANAGER##simu_12#HostManager_12:77, part : [#simu_12#DomainAgent_86, #HOST_MANAGER##simu_12#HostManager_12:77]),(expired?false, will expire?false) On Hostctkarch(Mon Apr 30 13:44:27 CEST 2012 - 1335786267490):
facing unknonw contract!!!!! 
Contract (1335785859419   30 Apr 2012 11:37:39 GMT) (init : #HOST_MANAGER##simu_12#HostManager_12:77, part : [#simu_12#DomainAgent_86, #HOST_MANAGER##simu_12#HostManager_12:77]),(expired?false, will expire?false)
receivedContract?false
alreadyCancelled?false
alreadyExecuted?false lost contracts are : 

!!!!!!!!!!!!!!!!!!!!!!!!!!!!!!!!!!!!!!!!!!!!!!!!!!!!!!!!!!!!!!!!!!!!!!!!!!!!!!!!!!!!!!!EXCEPTION ** FROM AGENT #HOST_MANAGER##simu_12#HostManager_12:77negotiation.negotiationframework.contracts.UnknownContractException: 
Contract (1335785859419   30 Apr 2012 11:37:39 GMT) (init : #HOST_MANAGER##simu_12#HostManager_12:77, part : [#simu_12#DomainAgent_353, #HOST_MANAGER##simu_12#HostManager_12:77]),(expired?false, will expire?false) On Hostctkarch(Mon Apr 30 13:44:27 CEST 2012 - 1335786267517):
facing unknonw contract!!!!! 
Contract (1335785859419   30 Apr 2012 11:37:39 GMT) (init : #HOST_MANAGER##simu_12#HostManager_12:77, part : [#simu_12#DomainAgent_353, #HOST_MANAGER##simu_12#HostManager_12:77]),(expired?false, will expire?false)
receivedContract?false
alreadyCancelled?false
alreadyExecuted?false lost contracts are : 

