!!!!!!!!!!!!!!!!!!!!!!!!!!!!!!!!!!!!!!!!!!!!!!!!!!!!!!!!!!!!!!!!!!!!!!!!!!!!!!!!!!!!!!!EXCEPTION ** FROM AGENT #HOST_MANAGER##simu_14#HostManager_148:77negotiation.negotiationframework.contracts.UnknownContractException: 
Contract (1335791443685   30 Apr 2012 13:10:43 GMT) (init : #HOST_MANAGER##simu_14#HostManager_148:77, part : [#simu_14#DomainAgent_903, #HOST_MANAGER##simu_14#HostManager_148:77]),(expired?false, will expire?false) On Hostctkarch(Mon Apr 30 15:10:55 CEST 2012 - 1335791455214):
facing unknonw contract!!!!! 
Contract (1335791443685   30 Apr 2012 13:10:43 GMT) (init : #HOST_MANAGER##simu_14#HostManager_148:77, part : [#simu_14#DomainAgent_903, #HOST_MANAGER##simu_14#HostManager_148:77]),(expired?false, will expire?false)
receivedContract?false
alreadyCancelled?false
alreadyExecuted?false lost contracts are : 

!!!!!!!!!!!!!!!!!!!!!!!!!!!!!!!!!!!!!!!!!!!!!!!!!!!!!!!!!!!!!!!!!!!!!!!!!!!!!!!!!!!!!!!EXCEPTION ** FROM AGENT #HOST_MANAGER##simu_14#HostManager_148:77negotiation.negotiationframework.contracts.UnknownContractException: 
Contract (1335791443685   30 Apr 2012 13:10:43 GMT) (init : #HOST_MANAGER##simu_14#HostManager_148:77, part : [#simu_14#DomainAgent_8, #HOST_MANAGER##simu_14#HostManager_148:77]),(expired?false, will expire?false) On Hostctkarch(Mon Apr 30 15:10:55 CEST 2012 - 1335791455215):
facing unknonw contract!!!!! 
Contract (1335791443685   30 Apr 2012 13:10:43 GMT) (init : #HOST_MANAGER##simu_14#HostManager_148:77, part : [#simu_14#DomainAgent_8, #HOST_MANAGER##simu_14#HostManager_148:77]),(expired?false, will expire?false)
receivedContract?false
alreadyCancelled?false
alreadyExecuted?false lost contracts are : 

!!!!!!!!!!!!!!!!!!!!!!!!!!!!!!!!!!!!!!!!!!!!!!!!!!!!!!!!!!!!!!!!!!!!!!!!!!!!!!!!!!!!!!!EXCEPTION ** FROM AGENT #HOST_MANAGER##simu_14#HostManager_148:77negotiation.negotiationframework.contracts.UnknownContractException: 
Contract (1335791443685   30 Apr 2012 13:10:43 GMT) (init : #HOST_MANAGER##simu_14#HostManager_148:77, part : [#simu_14#DomainAgent_1135, #HOST_MANAGER##simu_14#HostManager_148:77]),(expired?false, will expire?false) On Hostctkarch(Mon Apr 30 15:10:55 CEST 2012 - 1335791455216):
facing unknonw contract!!!!! 
Contract (1335791443685   30 Apr 2012 13:10:43 GMT) (init : #HOST_MANAGER##simu_14#HostManager_148:77, part : [#simu_14#DomainAgent_1135, #HOST_MANAGER##simu_14#HostManager_148:77]),(expired?false, will expire?false)
receivedContract?false
alreadyCancelled?false
alreadyExecuted?false lost contracts are : 

!!!!!!!!!!!!!!!!!!!!!!!!!!!!!!!!!!!!!!!!!!!!!!!!!!!!!!!!!!!!!!!!!!!!!!!!!!!!!!!!!!!!!!!EXCEPTION ** FROM AGENT #HOST_MANAGER##simu_14#HostManager_148:77negotiation.negotiationframework.contracts.UnknownContractException: 
Contract (1335791443685   30 Apr 2012 13:10:43 GMT) (init : #HOST_MANAGER##simu_14#HostManager_148:77, part : [#simu_14#DomainAgent_961, #HOST_MANAGER##simu_14#HostManager_148:77]),(expired?false, will expire?false) On Hostctkarch(Mon Apr 30 15:10:56 CEST 2012 - 1335791456118):
facing unknonw contract!!!!! 
Contract (1335791443685   30 Apr 2012 13:10:43 GMT) (init : #HOST_MANAGER##simu_14#HostManager_148:77, part : [#simu_14#DomainAgent_961, #HOST_MANAGER##simu_14#HostManager_148:77]),(expired?false, will expire?false)
receivedContract?false
alreadyCancelled?false
alreadyExecuted?false lost contracts are : 

