!!!!!!!!!!!!!!!!!!!!!!!!!!!!!!!!!!!!!!!!!!!!!!!!!!!!!!!!!!!!!!!!!!!!!!!!!!!!!!!!!!!!!!!EXCEPTION ** FROM AGENT #HOST_MANAGER##simu_13#HostManager_517:77negotiation.negotiationframework.contracts.UnknownContractException: 
Contract (1335788595796   30 Apr 2012 12:23:15 GMT) (init : #HOST_MANAGER##simu_13#HostManager_517:77, part : [#simu_13#DomainAgent_793, #HOST_MANAGER##simu_13#HostManager_517:77]),(expired?false, will expire?false) On Hostctkarch(Mon Apr 30 14:23:24 CEST 2012 - 1335788604801):
facing unknonw contract!!!!! 
Contract (1335788595796   30 Apr 2012 12:23:15 GMT) (init : #HOST_MANAGER##simu_13#HostManager_517:77, part : [#simu_13#DomainAgent_793, #HOST_MANAGER##simu_13#HostManager_517:77]),(expired?false, will expire?false)
receivedContract?false
alreadyCancelled?false
alreadyExecuted?false lost contracts are : 

!!!!!!!!!!!!!!!!!!!!!!!!!!!!!!!!!!!!!!!!!!!!!!!!!!!!!!!!!!!!!!!!!!!!!!!!!!!!!!!!!!!!!!!EXCEPTION ** FROM AGENT #HOST_MANAGER##simu_13#HostManager_517:77negotiation.negotiationframework.contracts.UnknownContractException: 
Contract (1335788595796   30 Apr 2012 12:23:15 GMT) (init : #HOST_MANAGER##simu_13#HostManager_517:77, part : [#simu_13#DomainAgent_1904, #HOST_MANAGER##simu_13#HostManager_517:77]),(expired?false, will expire?false) On Hostctkarch(Mon Apr 30 14:23:24 CEST 2012 - 1335788604802):
facing unknonw contract!!!!! 
Contract (1335788595796   30 Apr 2012 12:23:15 GMT) (init : #HOST_MANAGER##simu_13#HostManager_517:77, part : [#simu_13#DomainAgent_1904, #HOST_MANAGER##simu_13#HostManager_517:77]),(expired?false, will expire?false)
receivedContract?false
alreadyCancelled?false
alreadyExecuted?false lost contracts are : 

!!!!!!!!!!!!!!!!!!!!!!!!!!!!!!!!!!!!!!!!!!!!!!!!!!!!!!!!!!!!!!!!!!!!!!!!!!!!!!!!!!!!!!!EXCEPTION ** FROM AGENT #HOST_MANAGER##simu_13#HostManager_517:77negotiation.negotiationframework.contracts.UnknownContractException: 
Contract (1335788595796   30 Apr 2012 12:23:15 GMT) (init : #HOST_MANAGER##simu_13#HostManager_517:77, part : [#simu_13#DomainAgent_843, #HOST_MANAGER##simu_13#HostManager_517:77]),(expired?false, will expire?false) On Hostctkarch(Mon Apr 30 14:23:24 CEST 2012 - 1335788604802):
facing unknonw contract!!!!! 
Contract (1335788595796   30 Apr 2012 12:23:15 GMT) (init : #HOST_MANAGER##simu_13#HostManager_517:77, part : [#simu_13#DomainAgent_843, #HOST_MANAGER##simu_13#HostManager_517:77]),(expired?false, will expire?false)
receivedContract?false
alreadyCancelled?false
alreadyExecuted?false lost contracts are : 

