!!!!!!!!!!!!!!!!!!!!!!!!!!!!!!!!!!!!!!!!!!!!!!!!!!!!!!!!!!!!!!!!!!!!!!!!!!!!!!!!!!!!!!!EXCEPTION ** FROM AGENT #HOST_MANAGER##simu_13#HostManager_90:77negotiation.negotiationframework.contracts.UnknownContractException: 
Contract (1335788604732   30 Apr 2012 12:23:24 GMT) (init : #HOST_MANAGER##simu_13#HostManager_90:77, part : [#simu_13#DomainAgent_705, #HOST_MANAGER##simu_13#HostManager_90:77]),(expired?false, will expire?false) On Hostctkarch(Mon Apr 30 14:23:33 CEST 2012 - 1335788613168):
facing unknonw contract!!!!! 
Contract (1335788604732   30 Apr 2012 12:23:24 GMT) (init : #HOST_MANAGER##simu_13#HostManager_90:77, part : [#simu_13#DomainAgent_705, #HOST_MANAGER##simu_13#HostManager_90:77]),(expired?false, will expire?false)
receivedContract?false
alreadyCancelled?false
alreadyExecuted?false lost contracts are : 

!!!!!!!!!!!!!!!!!!!!!!!!!!!!!!!!!!!!!!!!!!!!!!!!!!!!!!!!!!!!!!!!!!!!!!!!!!!!!!!!!!!!!!!EXCEPTION ** FROM AGENT #HOST_MANAGER##simu_13#HostManager_90:77negotiation.negotiationframework.contracts.UnknownContractException: 
Contract (1335788604732   30 Apr 2012 12:23:24 GMT) (init : #HOST_MANAGER##simu_13#HostManager_90:77, part : [#simu_13#DomainAgent_1765, #HOST_MANAGER##simu_13#HostManager_90:77]),(expired?false, will expire?false) On Hostctkarch(Mon Apr 30 14:23:33 CEST 2012 - 1335788613169):
facing unknonw contract!!!!! 
Contract (1335788604732   30 Apr 2012 12:23:24 GMT) (init : #HOST_MANAGER##simu_13#HostManager_90:77, part : [#simu_13#DomainAgent_1765, #HOST_MANAGER##simu_13#HostManager_90:77]),(expired?false, will expire?false)
receivedContract?false
alreadyCancelled?false
alreadyExecuted?false lost contracts are : 

!!!!!!!!!!!!!!!!!!!!!!!!!!!!!!!!!!!!!!!!!!!!!!!!!!!!!!!!!!!!!!!!!!!!!!!!!!!!!!!!!!!!!!!EXCEPTION ** FROM AGENT #HOST_MANAGER##simu_13#HostManager_90:77negotiation.negotiationframework.contracts.UnknownContractException: 
Contract (1335788604732   30 Apr 2012 12:23:24 GMT) (init : #HOST_MANAGER##simu_13#HostManager_90:77, part : [#simu_13#DomainAgent_1204, #HOST_MANAGER##simu_13#HostManager_90:77]),(expired?false, will expire?false) On Hostctkarch(Mon Apr 30 14:23:33 CEST 2012 - 1335788613170):
facing unknonw contract!!!!! 
Contract (1335788604732   30 Apr 2012 12:23:24 GMT) (init : #HOST_MANAGER##simu_13#HostManager_90:77, part : [#simu_13#DomainAgent_1204, #HOST_MANAGER##simu_13#HostManager_90:77]),(expired?false, will expire?false)
receivedContract?false
alreadyCancelled?false
alreadyExecuted?false lost contracts are : 

!!!!!!!!!!!!!!!!!!!!!!!!!!!!!!!!!!!!!!!!!!!!!!!!!!!!!!!!!!!!!!!!!!!!!!!!!!!!!!!!!!!!!!!EXCEPTION ** FROM AGENT #HOST_MANAGER##simu_13#HostManager_90:77negotiation.negotiationframework.contracts.UnknownContractException: 
Contract (1335788604732   30 Apr 2012 12:23:24 GMT) (init : #HOST_MANAGER##simu_13#HostManager_90:77, part : [#simu_13#DomainAgent_1315, #HOST_MANAGER##simu_13#HostManager_90:77]),(expired?false, will expire?false) On Hostctkarch(Mon Apr 30 14:23:36 CEST 2012 - 1335788616045):
facing unknonw contract!!!!! 
Contract (1335788604732   30 Apr 2012 12:23:24 GMT) (init : #HOST_MANAGER##simu_13#HostManager_90:77, part : [#simu_13#DomainAgent_1315, #HOST_MANAGER##simu_13#HostManager_90:77]),(expired?false, will expire?false)
receivedContract?false
alreadyCancelled?false
alreadyExecuted?false lost contracts are : 

!!!!!!!!!!!!!!!!!!!!!!!!!!!!!!!!!!!!!!!!!!!!!!!!!!!!!!!!!!!!!!!!!!!!!!!!!!!!!!!!!!!!!!!EXCEPTION ** FROM AGENT #HOST_MANAGER##simu_13#HostManager_90:77negotiation.negotiationframework.contracts.UnknownContractException: 
Contract (1335788604732   30 Apr 2012 12:23:24 GMT) (init : #HOST_MANAGER##simu_13#HostManager_90:77, part : [#simu_13#DomainAgent_842, #HOST_MANAGER##simu_13#HostManager_90:77]),(expired?false, will expire?false) On Hostctkarch(Mon Apr 30 14:23:36 CEST 2012 - 1335788616046):
facing unknonw contract!!!!! 
Contract (1335788604732   30 Apr 2012 12:23:24 GMT) (init : #HOST_MANAGER##simu_13#HostManager_90:77, part : [#simu_13#DomainAgent_842, #HOST_MANAGER##simu_13#HostManager_90:77]),(expired?false, will expire?false)
receivedContract?false
alreadyCancelled?false
alreadyExecuted?false lost contracts are : 

