!!!!!!!!!!!!!!!!!!!!!!!!!!!!!!!!!!!!!!!!!!!!!!!!!!!!!!!!!!!!!!!!!!!!!!!!!!!!!!!!!!!!!!!EXCEPTION ** FROM AGENT #HOST_MANAGER##simu_15#HostManager_210:77negotiation.negotiationframework.contracts.UnknownContractException: 
Contract (1335794370929   30 Apr 2012 13:59:30 GMT) (init : #HOST_MANAGER##simu_15#HostManager_210:77, part : [#simu_15#DomainAgent_14, #HOST_MANAGER##simu_15#HostManager_210:77]),(expired?false, will expire?false) On Hostctkarch(Mon Apr 30 15:59:45 CEST 2012 - 1335794385632):
facing unknonw contract!!!!! 
Contract (1335794370929   30 Apr 2012 13:59:30 GMT) (init : #HOST_MANAGER##simu_15#HostManager_210:77, part : [#simu_15#DomainAgent_14, #HOST_MANAGER##simu_15#HostManager_210:77]),(expired?false, will expire?false)
receivedContract?false
alreadyCancelled?false
alreadyExecuted?false lost contracts are : 

!!!!!!!!!!!!!!!!!!!!!!!!!!!!!!!!!!!!!!!!!!!!!!!!!!!!!!!!!!!!!!!!!!!!!!!!!!!!!!!!!!!!!!!EXCEPTION ** FROM AGENT #HOST_MANAGER##simu_15#HostManager_210:77negotiation.negotiationframework.contracts.UnknownContractException: 
Contract (1335794370928   30 Apr 2012 13:59:30 GMT) (init : #HOST_MANAGER##simu_15#HostManager_210:77, part : [#simu_15#DomainAgent_652, #HOST_MANAGER##simu_15#HostManager_210:77]),(expired?false, will expire?false) On Hostctkarch(Mon Apr 30 15:59:46 CEST 2012 - 1335794386830):
facing unknonw contract!!!!! 
Contract (1335794370928   30 Apr 2012 13:59:30 GMT) (init : #HOST_MANAGER##simu_15#HostManager_210:77, part : [#simu_15#DomainAgent_652, #HOST_MANAGER##simu_15#HostManager_210:77]),(expired?false, will expire?false)
receivedContract?false
alreadyCancelled?false
alreadyExecuted?false lost contracts are : 

!!!!!!!!!!!!!!!!!!!!!!!!!!!!!!!!!!!!!!!!!!!!!!!!!!!!!!!!!!!!!!!!!!!!!!!!!!!!!!!!!!!!!!!EXCEPTION ** FROM AGENT #HOST_MANAGER##simu_15#HostManager_210:77negotiation.negotiationframework.contracts.UnknownContractException: 
Contract (1335794370928   30 Apr 2012 13:59:30 GMT) (init : #HOST_MANAGER##simu_15#HostManager_210:77, part : [#simu_15#DomainAgent_112, #HOST_MANAGER##simu_15#HostManager_210:77]),(expired?false, will expire?false) On Hostctkarch(Mon Apr 30 15:59:47 CEST 2012 - 1335794387752):
facing unknonw contract!!!!! 
Contract (1335794370928   30 Apr 2012 13:59:30 GMT) (init : #HOST_MANAGER##simu_15#HostManager_210:77, part : [#simu_15#DomainAgent_112, #HOST_MANAGER##simu_15#HostManager_210:77]),(expired?false, will expire?false)
receivedContract?false
alreadyCancelled?false
alreadyExecuted?false lost contracts are : 

