!!!!!!!!!!!!!!!!!!!!!!!!!!!!!!!!!!!!!!!!!!!!!!!!!!!!!!!!!!!!!!!!!!!!!!!!!!!!!!!!!!!!!!!EXCEPTION ** FROM AGENT #HOST_MANAGER##simu_14#HostManager_327:77negotiation.negotiationframework.contracts.UnknownContractException: 
Contract (1335791438905   30 Apr 2012 13:10:38 GMT) (init : #HOST_MANAGER##simu_14#HostManager_327:77, part : [#simu_14#DomainAgent_571, #HOST_MANAGER##simu_14#HostManager_327:77]),(expired?false, will expire?false) On Hostctkarch(Mon Apr 30 15:10:58 CEST 2012 - 1335791458291):
facing unknonw contract!!!!! 
Contract (1335791438905   30 Apr 2012 13:10:38 GMT) (init : #HOST_MANAGER##simu_14#HostManager_327:77, part : [#simu_14#DomainAgent_571, #HOST_MANAGER##simu_14#HostManager_327:77]),(expired?false, will expire?false)
receivedContract?false
alreadyCancelled?false
alreadyExecuted?false lost contracts are : 

!!!!!!!!!!!!!!!!!!!!!!!!!!!!!!!!!!!!!!!!!!!!!!!!!!!!!!!!!!!!!!!!!!!!!!!!!!!!!!!!!!!!!!!EXCEPTION ** FROM AGENT #HOST_MANAGER##simu_14#HostManager_327:77negotiation.negotiationframework.contracts.UnknownContractException: 
Contract (1335791438905   30 Apr 2012 13:10:38 GMT) (init : #HOST_MANAGER##simu_14#HostManager_327:77, part : [#simu_14#DomainAgent_1014, #HOST_MANAGER##simu_14#HostManager_327:77]),(expired?false, will expire?false) On Hostctkarch(Mon Apr 30 15:10:58 CEST 2012 - 1335791458292):
facing unknonw contract!!!!! 
Contract (1335791438905   30 Apr 2012 13:10:38 GMT) (init : #HOST_MANAGER##simu_14#HostManager_327:77, part : [#simu_14#DomainAgent_1014, #HOST_MANAGER##simu_14#HostManager_327:77]),(expired?false, will expire?false)
receivedContract?false
alreadyCancelled?false
alreadyExecuted?false lost contracts are : 

!!!!!!!!!!!!!!!!!!!!!!!!!!!!!!!!!!!!!!!!!!!!!!!!!!!!!!!!!!!!!!!!!!!!!!!!!!!!!!!!!!!!!!!EXCEPTION ** FROM AGENT #HOST_MANAGER##simu_14#HostManager_327:77negotiation.negotiationframework.contracts.UnknownContractException: 
Contract (1335791438905   30 Apr 2012 13:10:38 GMT) (init : #HOST_MANAGER##simu_14#HostManager_327:77, part : [#simu_14#DomainAgent_751, #HOST_MANAGER##simu_14#HostManager_327:77]),(expired?false, will expire?false) On Hostctkarch(Mon Apr 30 15:10:58 CEST 2012 - 1335791458293):
facing unknonw contract!!!!! 
Contract (1335791438905   30 Apr 2012 13:10:38 GMT) (init : #HOST_MANAGER##simu_14#HostManager_327:77, part : [#simu_14#DomainAgent_751, #HOST_MANAGER##simu_14#HostManager_327:77]),(expired?false, will expire?false)
receivedContract?false
alreadyCancelled?false
alreadyExecuted?false lost contracts are : 

