!!!!!!!!!!!!!!!!!!!!!!!!!!!!!!!!!!!!!!!!!!!!!!!!!!!!!!!!!!!!!!!!!!!!!!!!!!!!!!!!!!!!!!!EXCEPTION ** FROM AGENT #HOST_MANAGER##simu_14#HostManager_220:77negotiation.negotiationframework.contracts.UnknownContractException: 
Contract (1335791437824   30 Apr 2012 13:10:37 GMT) (init : #HOST_MANAGER##simu_14#HostManager_220:77, part : [#simu_14#DomainAgent_909, #HOST_MANAGER##simu_14#HostManager_220:77]),(expired?false, will expire?false) On Hostctkarch(Mon Apr 30 15:10:44 CEST 2012 - 1335791444351):
facing unknonw contract!!!!! 
Contract (1335791437824   30 Apr 2012 13:10:37 GMT) (init : #HOST_MANAGER##simu_14#HostManager_220:77, part : [#simu_14#DomainAgent_909, #HOST_MANAGER##simu_14#HostManager_220:77]),(expired?false, will expire?false)
receivedContract?false
alreadyCancelled?false
alreadyExecuted?false lost contracts are : 

!!!!!!!!!!!!!!!!!!!!!!!!!!!!!!!!!!!!!!!!!!!!!!!!!!!!!!!!!!!!!!!!!!!!!!!!!!!!!!!!!!!!!!!EXCEPTION ** FROM AGENT #HOST_MANAGER##simu_14#HostManager_220:77negotiation.negotiationframework.contracts.UnknownContractException: 
Contract (1335791437824   30 Apr 2012 13:10:37 GMT) (init : #HOST_MANAGER##simu_14#HostManager_220:77, part : [#simu_14#DomainAgent_506, #HOST_MANAGER##simu_14#HostManager_220:77]),(expired?false, will expire?false) On Hostctkarch(Mon Apr 30 15:10:45 CEST 2012 - 1335791445606):
facing unknonw contract!!!!! 
Contract (1335791437824   30 Apr 2012 13:10:37 GMT) (init : #HOST_MANAGER##simu_14#HostManager_220:77, part : [#simu_14#DomainAgent_506, #HOST_MANAGER##simu_14#HostManager_220:77]),(expired?false, will expire?false)
receivedContract?false
alreadyCancelled?false
alreadyExecuted?false lost contracts are : 

!!!!!!!!!!!!!!!!!!!!!!!!!!!!!!!!!!!!!!!!!!!!!!!!!!!!!!!!!!!!!!!!!!!!!!!!!!!!!!!!!!!!!!!EXCEPTION ** FROM AGENT #HOST_MANAGER##simu_14#HostManager_220:77negotiation.negotiationframework.contracts.UnknownContractException: 
Contract (1335791437824   30 Apr 2012 13:10:37 GMT) (init : #HOST_MANAGER##simu_14#HostManager_220:77, part : [#simu_14#DomainAgent_985, #HOST_MANAGER##simu_14#HostManager_220:77]),(expired?false, will expire?false) On Hostctkarch(Mon Apr 30 15:10:45 CEST 2012 - 1335791445607):
facing unknonw contract!!!!! 
Contract (1335791437824   30 Apr 2012 13:10:37 GMT) (init : #HOST_MANAGER##simu_14#HostManager_220:77, part : [#simu_14#DomainAgent_985, #HOST_MANAGER##simu_14#HostManager_220:77]),(expired?false, will expire?false)
receivedContract?false
alreadyCancelled?false
alreadyExecuted?false lost contracts are : 

!!!!!!!!!!!!!!!!!!!!!!!!!!!!!!!!!!!!!!!!!!!!!!!!!!!!!!!!!!!!!!!!!!!!!!!!!!!!!!!!!!!!!!!EXCEPTION ** FROM AGENT #HOST_MANAGER##simu_14#HostManager_220:77negotiation.negotiationframework.contracts.UnknownContractException: 
Contract (1335791437824   30 Apr 2012 13:10:37 GMT) (init : #HOST_MANAGER##simu_14#HostManager_220:77, part : [#simu_14#DomainAgent_10, #HOST_MANAGER##simu_14#HostManager_220:77]),(expired?false, will expire?false) On Hostctkarch(Mon Apr 30 15:10:46 CEST 2012 - 1335791446651):
facing unknonw contract!!!!! 
Contract (1335791437824   30 Apr 2012 13:10:37 GMT) (init : #HOST_MANAGER##simu_14#HostManager_220:77, part : [#simu_14#DomainAgent_10, #HOST_MANAGER##simu_14#HostManager_220:77]),(expired?false, will expire?false)
receivedContract?false
alreadyCancelled?false
alreadyExecuted?false lost contracts are : 

