!!!!!!!!!!!!!!!!!!!!!!!!!!!!!!!!!!!!!!!!!!!!!!!!!!!!!!!!!!!!!!!!!!!!!!!!!!!!!!!!!!!!!!!EXCEPTION ** FROM AGENT #HOST_MANAGER##simu_14#HostManager_337:77negotiation.negotiationframework.contracts.UnknownContractException: 
Contract (1335791445611   30 Apr 2012 13:10:45 GMT) (init : #HOST_MANAGER##simu_14#HostManager_337:77, part : [#simu_14#DomainAgent_1184, #HOST_MANAGER##simu_14#HostManager_337:77]),(expired?false, will expire?false) On Hostctkarch(Mon Apr 30 15:11:20 CEST 2012 - 1335791480570):
facing unknonw contract!!!!! 
Contract (1335791445611   30 Apr 2012 13:10:45 GMT) (init : #HOST_MANAGER##simu_14#HostManager_337:77, part : [#simu_14#DomainAgent_1184, #HOST_MANAGER##simu_14#HostManager_337:77]),(expired?false, will expire?false)
receivedContract?false
alreadyCancelled?false
alreadyExecuted?false lost contracts are : 

!!!!!!!!!!!!!!!!!!!!!!!!!!!!!!!!!!!!!!!!!!!!!!!!!!!!!!!!!!!!!!!!!!!!!!!!!!!!!!!!!!!!!!!EXCEPTION ** FROM AGENT #HOST_MANAGER##simu_14#HostManager_337:77negotiation.negotiationframework.contracts.UnknownContractException: 
Contract (1335791445611   30 Apr 2012 13:10:45 GMT) (init : #HOST_MANAGER##simu_14#HostManager_337:77, part : [#simu_14#DomainAgent_563, #HOST_MANAGER##simu_14#HostManager_337:77]),(expired?false, will expire?false) On Hostctkarch(Mon Apr 30 15:11:20 CEST 2012 - 1335791480571):
facing unknonw contract!!!!! 
Contract (1335791445611   30 Apr 2012 13:10:45 GMT) (init : #HOST_MANAGER##simu_14#HostManager_337:77, part : [#simu_14#DomainAgent_563, #HOST_MANAGER##simu_14#HostManager_337:77]),(expired?false, will expire?false)
receivedContract?false
alreadyCancelled?false
alreadyExecuted?false lost contracts are : 

!!!!!!!!!!!!!!!!!!!!!!!!!!!!!!!!!!!!!!!!!!!!!!!!!!!!!!!!!!!!!!!!!!!!!!!!!!!!!!!!!!!!!!!EXCEPTION ** FROM AGENT #HOST_MANAGER##simu_14#HostManager_337:77negotiation.negotiationframework.contracts.UnknownContractException: 
Contract (1335791445611   30 Apr 2012 13:10:45 GMT) (init : #HOST_MANAGER##simu_14#HostManager_337:77, part : [#simu_14#DomainAgent_363, #HOST_MANAGER##simu_14#HostManager_337:77]),(expired?false, will expire?false) On Hostctkarch(Mon Apr 30 15:11:20 CEST 2012 - 1335791480572):
facing unknonw contract!!!!! 
Contract (1335791445611   30 Apr 2012 13:10:45 GMT) (init : #HOST_MANAGER##simu_14#HostManager_337:77, part : [#simu_14#DomainAgent_363, #HOST_MANAGER##simu_14#HostManager_337:77]),(expired?false, will expire?false)
receivedContract?false
alreadyCancelled?false
alreadyExecuted?false lost contracts are : 

!!!!!!!!!!!!!!!!!!!!!!!!!!!!!!!!!!!!!!!!!!!!!!!!!!!!!!!!!!!!!!!!!!!!!!!!!!!!!!!!!!!!!!!EXCEPTION ** FROM AGENT #HOST_MANAGER##simu_14#HostManager_337:77negotiation.negotiationframework.contracts.UnknownContractException: 
Contract (1335791445611   30 Apr 2012 13:10:45 GMT) (init : #HOST_MANAGER##simu_14#HostManager_337:77, part : [#simu_14#DomainAgent_1156, #HOST_MANAGER##simu_14#HostManager_337:77]),(expired?false, will expire?false) On Hostctkarch(Mon Apr 30 15:11:21 CEST 2012 - 1335791481462):
facing unknonw contract!!!!! 
Contract (1335791445611   30 Apr 2012 13:10:45 GMT) (init : #HOST_MANAGER##simu_14#HostManager_337:77, part : [#simu_14#DomainAgent_1156, #HOST_MANAGER##simu_14#HostManager_337:77]),(expired?false, will expire?false)
receivedContract?false
alreadyCancelled?false
alreadyExecuted?false lost contracts are : 

