!!!!!!!!!!!!!!!!!!!!!!!!!!!!!!!!!!!!!!!!!!!!!!!!!!!!!!!!!!!!!!!!!!!!!!!!!!!!!!!!!!!!!!!EXCEPTION ** FROM AGENT #HOST_MANAGER##simu_12#HostManager_95:77negotiation.negotiationframework.contracts.UnknownContractException: 
Contract (1335785862426   30 Apr 2012 11:37:42 GMT) (init : #HOST_MANAGER##simu_12#HostManager_95:77, part : [#simu_12#DomainAgent_533, #HOST_MANAGER##simu_12#HostManager_95:77]),(expired?false, will expire?false) On Hostctkarch(Mon Apr 30 13:37:44 CEST 2012 - 1335785864108):
facing unknonw contract!!!!! 
Contract (1335785862426   30 Apr 2012 11:37:42 GMT) (init : #HOST_MANAGER##simu_12#HostManager_95:77, part : [#simu_12#DomainAgent_533, #HOST_MANAGER##simu_12#HostManager_95:77]),(expired?false, will expire?false)
receivedContract?false
alreadyCancelled?false
alreadyExecuted?false lost contracts are : 

!!!!!!!!!!!!!!!!!!!!!!!!!!!!!!!!!!!!!!!!!!!!!!!!!!!!!!!!!!!!!!!!!!!!!!!!!!!!!!!!!!!!!!!EXCEPTION ** FROM AGENT #HOST_MANAGER##simu_12#HostManager_95:77negotiation.negotiationframework.contracts.UnknownContractException: 
Contract (1335785862426   30 Apr 2012 11:37:42 GMT) (init : #HOST_MANAGER##simu_12#HostManager_95:77, part : [#simu_12#DomainAgent_480, #HOST_MANAGER##simu_12#HostManager_95:77]),(expired?false, will expire?false) On Hostctkarch(Mon Apr 30 13:37:44 CEST 2012 - 1335785864236):
facing unknonw contract!!!!! 
Contract (1335785862426   30 Apr 2012 11:37:42 GMT) (init : #HOST_MANAGER##simu_12#HostManager_95:77, part : [#simu_12#DomainAgent_480, #HOST_MANAGER##simu_12#HostManager_95:77]),(expired?false, will expire?false)
receivedContract?false
alreadyCancelled?false
alreadyExecuted?false lost contracts are : 

!!!!!!!!!!!!!!!!!!!!!!!!!!!!!!!!!!!!!!!!!!!!!!!!!!!!!!!!!!!!!!!!!!!!!!!!!!!!!!!!!!!!!!!EXCEPTION ** FROM AGENT #HOST_MANAGER##simu_12#HostManager_95:77negotiation.negotiationframework.contracts.UnknownContractException: 
Contract (1335785862426   30 Apr 2012 11:37:42 GMT) (init : #HOST_MANAGER##simu_12#HostManager_95:77, part : [#simu_12#DomainAgent_334, #HOST_MANAGER##simu_12#HostManager_95:77]),(expired?false, will expire?false) On Hostctkarch(Mon Apr 30 13:37:44 CEST 2012 - 1335785864237):
facing unknonw contract!!!!! 
Contract (1335785862426   30 Apr 2012 11:37:42 GMT) (init : #HOST_MANAGER##simu_12#HostManager_95:77, part : [#simu_12#DomainAgent_334, #HOST_MANAGER##simu_12#HostManager_95:77]),(expired?false, will expire?false)
receivedContract?false
alreadyCancelled?false
alreadyExecuted?false lost contracts are : 

