!!!!!!!!!!!!!!!!!!!!!!!!!!!!!!!!!!!!!!!!!!!!!!!!!!!!!!!!!!!!!!!!!!!!!!!!!!!!!!!!!!!!!!!EXCEPTION ** FROM AGENT #HOST_MANAGER##simu_14#HostManager_316:77negotiation.negotiationframework.contracts.UnknownContractException: 
Contract (1335791441709   30 Apr 2012 13:10:41 GMT) (init : #HOST_MANAGER##simu_14#HostManager_316:77, part : [#simu_14#DomainAgent_400, #HOST_MANAGER##simu_14#HostManager_316:77]),(expired?false, will expire?false) On Hostctkarch(Mon Apr 30 15:10:50 CEST 2012 - 1335791450347):
facing unknonw contract!!!!! 
Contract (1335791441709   30 Apr 2012 13:10:41 GMT) (init : #HOST_MANAGER##simu_14#HostManager_316:77, part : [#simu_14#DomainAgent_400, #HOST_MANAGER##simu_14#HostManager_316:77]),(expired?false, will expire?false)
receivedContract?false
alreadyCancelled?false
alreadyExecuted?false lost contracts are : 

!!!!!!!!!!!!!!!!!!!!!!!!!!!!!!!!!!!!!!!!!!!!!!!!!!!!!!!!!!!!!!!!!!!!!!!!!!!!!!!!!!!!!!!EXCEPTION ** FROM AGENT #HOST_MANAGER##simu_14#HostManager_316:77negotiation.negotiationframework.contracts.UnknownContractException: 
Contract (1335791441709   30 Apr 2012 13:10:41 GMT) (init : #HOST_MANAGER##simu_14#HostManager_316:77, part : [#simu_14#DomainAgent_751, #HOST_MANAGER##simu_14#HostManager_316:77]),(expired?false, will expire?false) On Hostctkarch(Mon Apr 30 15:10:50 CEST 2012 - 1335791450348):
facing unknonw contract!!!!! 
Contract (1335791441709   30 Apr 2012 13:10:41 GMT) (init : #HOST_MANAGER##simu_14#HostManager_316:77, part : [#simu_14#DomainAgent_751, #HOST_MANAGER##simu_14#HostManager_316:77]),(expired?false, will expire?false)
receivedContract?false
alreadyCancelled?false
alreadyExecuted?false lost contracts are : 

!!!!!!!!!!!!!!!!!!!!!!!!!!!!!!!!!!!!!!!!!!!!!!!!!!!!!!!!!!!!!!!!!!!!!!!!!!!!!!!!!!!!!!!EXCEPTION ** FROM AGENT #HOST_MANAGER##simu_14#HostManager_316:77negotiation.negotiationframework.contracts.UnknownContractException: 
Contract (1335791441709   30 Apr 2012 13:10:41 GMT) (init : #HOST_MANAGER##simu_14#HostManager_316:77, part : [#simu_14#DomainAgent_270, #HOST_MANAGER##simu_14#HostManager_316:77]),(expired?false, will expire?false) On Hostctkarch(Mon Apr 30 15:10:50 CEST 2012 - 1335791450349):
facing unknonw contract!!!!! 
Contract (1335791441709   30 Apr 2012 13:10:41 GMT) (init : #HOST_MANAGER##simu_14#HostManager_316:77, part : [#simu_14#DomainAgent_270, #HOST_MANAGER##simu_14#HostManager_316:77]),(expired?false, will expire?false)
receivedContract?false
alreadyCancelled?false
alreadyExecuted?false lost contracts are : 

