!!!!!!!!!!!!!!!!!!!!!!!!!!!!!!!!!!!!!!!!!!!!!!!!!!!!!!!!!!!!!!!!!!!!!!!!!!!!!!!!!!!!!!!EXCEPTION ** FROM AGENT #HOST_MANAGER##simu_13#HostManager_432:77negotiation.negotiationframework.contracts.UnknownContractException: 
Contract (1335788621729   30 Apr 2012 12:23:41 GMT) (init : #HOST_MANAGER##simu_13#HostManager_432:77, part : [#simu_13#DomainAgent_1809, #HOST_MANAGER##simu_13#HostManager_432:77]),(expired?false, will expire?false) On Hostctkarch(Mon Apr 30 14:24:29 CEST 2012 - 1335788669334):
facing unknonw contract!!!!! 
Contract (1335788621729   30 Apr 2012 12:23:41 GMT) (init : #HOST_MANAGER##simu_13#HostManager_432:77, part : [#simu_13#DomainAgent_1809, #HOST_MANAGER##simu_13#HostManager_432:77]),(expired?false, will expire?false)
receivedContract?false
alreadyCancelled?false
alreadyExecuted?false lost contracts are : 

!!!!!!!!!!!!!!!!!!!!!!!!!!!!!!!!!!!!!!!!!!!!!!!!!!!!!!!!!!!!!!!!!!!!!!!!!!!!!!!!!!!!!!!EXCEPTION ** FROM AGENT #HOST_MANAGER##simu_13#HostManager_432:77negotiation.negotiationframework.contracts.UnknownContractException: 
Contract (1335788621729   30 Apr 2012 12:23:41 GMT) (init : #HOST_MANAGER##simu_13#HostManager_432:77, part : [#simu_13#DomainAgent_984, #HOST_MANAGER##simu_13#HostManager_432:77]),(expired?false, will expire?false) On Hostctkarch(Mon Apr 30 14:24:32 CEST 2012 - 1335788672061):
facing unknonw contract!!!!! 
Contract (1335788621729   30 Apr 2012 12:23:41 GMT) (init : #HOST_MANAGER##simu_13#HostManager_432:77, part : [#simu_13#DomainAgent_984, #HOST_MANAGER##simu_13#HostManager_432:77]),(expired?false, will expire?false)
receivedContract?false
alreadyCancelled?false
alreadyExecuted?false lost contracts are : 

!!!!!!!!!!!!!!!!!!!!!!!!!!!!!!!!!!!!!!!!!!!!!!!!!!!!!!!!!!!!!!!!!!!!!!!!!!!!!!!!!!!!!!!EXCEPTION ** FROM AGENT #HOST_MANAGER##simu_13#HostManager_432:77negotiation.negotiationframework.contracts.UnknownContractException: 
Contract (1335788621729   30 Apr 2012 12:23:41 GMT) (init : #HOST_MANAGER##simu_13#HostManager_432:77, part : [#simu_13#DomainAgent_782, #HOST_MANAGER##simu_13#HostManager_432:77]),(expired?false, will expire?false) On Hostctkarch(Mon Apr 30 14:24:32 CEST 2012 - 1335788672062):
facing unknonw contract!!!!! 
Contract (1335788621729   30 Apr 2012 12:23:41 GMT) (init : #HOST_MANAGER##simu_13#HostManager_432:77, part : [#simu_13#DomainAgent_782, #HOST_MANAGER##simu_13#HostManager_432:77]),(expired?false, will expire?false)
receivedContract?false
alreadyCancelled?false
alreadyExecuted?false lost contracts are : 

