!!!!!!!!!!!!!!!!!!!!!!!!!!!!!!!!!!!!!!!!!!!!!!!!!!!!!!!!!!!!!!!!!!!!!!!!!!!!!!!!!!!!!!!EXCEPTION ** FROM AGENT #HOST_MANAGER##simu_14#HostManager_75:77negotiation.negotiationframework.contracts.UnknownContractException: 
Contract (1335791446705   30 Apr 2012 13:10:46 GMT) (init : #HOST_MANAGER##simu_14#HostManager_75:77, part : [#simu_14#DomainAgent_229, #HOST_MANAGER##simu_14#HostManager_75:77]),(expired?false, will expire?false) On Hostctkarch(Mon Apr 30 15:10:52 CEST 2012 - 1335791452193):
facing unknonw contract!!!!! 
Contract (1335791446705   30 Apr 2012 13:10:46 GMT) (init : #HOST_MANAGER##simu_14#HostManager_75:77, part : [#simu_14#DomainAgent_229, #HOST_MANAGER##simu_14#HostManager_75:77]),(expired?false, will expire?false)
receivedContract?false
alreadyCancelled?false
alreadyExecuted?false lost contracts are : 

!!!!!!!!!!!!!!!!!!!!!!!!!!!!!!!!!!!!!!!!!!!!!!!!!!!!!!!!!!!!!!!!!!!!!!!!!!!!!!!!!!!!!!!EXCEPTION ** FROM AGENT #HOST_MANAGER##simu_14#HostManager_75:77negotiation.negotiationframework.contracts.UnknownContractException: 
Contract (1335791446705   30 Apr 2012 13:10:46 GMT) (init : #HOST_MANAGER##simu_14#HostManager_75:77, part : [#simu_14#DomainAgent_895, #HOST_MANAGER##simu_14#HostManager_75:77]),(expired?false, will expire?false) On Hostctkarch(Mon Apr 30 15:10:53 CEST 2012 - 1335791453218):
facing unknonw contract!!!!! 
Contract (1335791446705   30 Apr 2012 13:10:46 GMT) (init : #HOST_MANAGER##simu_14#HostManager_75:77, part : [#simu_14#DomainAgent_895, #HOST_MANAGER##simu_14#HostManager_75:77]),(expired?false, will expire?false)
receivedContract?false
alreadyCancelled?false
alreadyExecuted?false lost contracts are : 

!!!!!!!!!!!!!!!!!!!!!!!!!!!!!!!!!!!!!!!!!!!!!!!!!!!!!!!!!!!!!!!!!!!!!!!!!!!!!!!!!!!!!!!EXCEPTION ** FROM AGENT #HOST_MANAGER##simu_14#HostManager_75:77negotiation.negotiationframework.contracts.UnknownContractException: 
Contract (1335791446705   30 Apr 2012 13:10:46 GMT) (init : #HOST_MANAGER##simu_14#HostManager_75:77, part : [#simu_14#DomainAgent_808, #HOST_MANAGER##simu_14#HostManager_75:77]),(expired?false, will expire?false) On Hostctkarch(Mon Apr 30 15:10:53 CEST 2012 - 1335791453220):
facing unknonw contract!!!!! 
Contract (1335791446705   30 Apr 2012 13:10:46 GMT) (init : #HOST_MANAGER##simu_14#HostManager_75:77, part : [#simu_14#DomainAgent_808, #HOST_MANAGER##simu_14#HostManager_75:77]),(expired?false, will expire?false)
receivedContract?false
alreadyCancelled?false
alreadyExecuted?false lost contracts are : 

