!!!!!!!!!!!!!!!!!!!!!!!!!!!!!!!!!!!!!!!!!!!!!!!!!!!!!!!!!!!!!!!!!!!!!!!!!!!!!!!!!!!!!!!EXCEPTION ** FROM AGENT #HOST_MANAGER##simu_14#HostManager_107:77negotiation.negotiationframework.contracts.UnknownContractException: 
Contract (1335791440579   30 Apr 2012 13:10:40 GMT) (init : #HOST_MANAGER##simu_14#HostManager_107:77, part : [#simu_14#DomainAgent_282, #HOST_MANAGER##simu_14#HostManager_107:77]),(expired?false, will expire?false) On Hostctkarch(Mon Apr 30 15:11:07 CEST 2012 - 1335791467314):
facing unknonw contract!!!!! 
Contract (1335791440579   30 Apr 2012 13:10:40 GMT) (init : #HOST_MANAGER##simu_14#HostManager_107:77, part : [#simu_14#DomainAgent_282, #HOST_MANAGER##simu_14#HostManager_107:77]),(expired?false, will expire?false)
receivedContract?false
alreadyCancelled?false
alreadyExecuted?false lost contracts are : 

!!!!!!!!!!!!!!!!!!!!!!!!!!!!!!!!!!!!!!!!!!!!!!!!!!!!!!!!!!!!!!!!!!!!!!!!!!!!!!!!!!!!!!!EXCEPTION ** FROM AGENT #HOST_MANAGER##simu_14#HostManager_107:77negotiation.negotiationframework.contracts.UnknownContractException: 
Contract (1335791440578   30 Apr 2012 13:10:40 GMT) (init : #HOST_MANAGER##simu_14#HostManager_107:77, part : [#simu_14#DomainAgent_67, #HOST_MANAGER##simu_14#HostManager_107:77]),(expired?false, will expire?false) On Hostctkarch(Mon Apr 30 15:11:08 CEST 2012 - 1335791468119):
facing unknonw contract!!!!! 
Contract (1335791440578   30 Apr 2012 13:10:40 GMT) (init : #HOST_MANAGER##simu_14#HostManager_107:77, part : [#simu_14#DomainAgent_67, #HOST_MANAGER##simu_14#HostManager_107:77]),(expired?false, will expire?false)
receivedContract?false
alreadyCancelled?false
alreadyExecuted?false lost contracts are : 

!!!!!!!!!!!!!!!!!!!!!!!!!!!!!!!!!!!!!!!!!!!!!!!!!!!!!!!!!!!!!!!!!!!!!!!!!!!!!!!!!!!!!!!EXCEPTION ** FROM AGENT #HOST_MANAGER##simu_14#HostManager_107:77negotiation.negotiationframework.contracts.UnknownContractException: 
Contract (1335791440578   30 Apr 2012 13:10:40 GMT) (init : #HOST_MANAGER##simu_14#HostManager_107:77, part : [#simu_14#DomainAgent_337, #HOST_MANAGER##simu_14#HostManager_107:77]),(expired?false, will expire?false) On Hostctkarch(Mon Apr 30 15:11:08 CEST 2012 - 1335791468119):
facing unknonw contract!!!!! 
Contract (1335791440578   30 Apr 2012 13:10:40 GMT) (init : #HOST_MANAGER##simu_14#HostManager_107:77, part : [#simu_14#DomainAgent_337, #HOST_MANAGER##simu_14#HostManager_107:77]),(expired?false, will expire?false)
receivedContract?false
alreadyCancelled?false
alreadyExecuted?false lost contracts are : 

!!!!!!!!!!!!!!!!!!!!!!!!!!!!!!!!!!!!!!!!!!!!!!!!!!!!!!!!!!!!!!!!!!!!!!!!!!!!!!!!!!!!!!!EXCEPTION ** FROM AGENT #HOST_MANAGER##simu_14#HostManager_107:77negotiation.negotiationframework.contracts.UnknownContractException: 
Contract (1335791440578   30 Apr 2012 13:10:40 GMT) (init : #HOST_MANAGER##simu_14#HostManager_107:77, part : [#simu_14#DomainAgent_343, #HOST_MANAGER##simu_14#HostManager_107:77]),(expired?false, will expire?false) On Hostctkarch(Mon Apr 30 15:11:08 CEST 2012 - 1335791468120):
facing unknonw contract!!!!! 
Contract (1335791440578   30 Apr 2012 13:10:40 GMT) (init : #HOST_MANAGER##simu_14#HostManager_107:77, part : [#simu_14#DomainAgent_343, #HOST_MANAGER##simu_14#HostManager_107:77]),(expired?false, will expire?false)
receivedContract?false
alreadyCancelled?false
alreadyExecuted?false lost contracts are : 

