!!!!!!!!!!!!!!!!!!!!!!!!!!!!!!!!!!!!!!!!!!!!!!!!!!!!!!!!!!!!!!!!!!!!!!!!!!!!!!!!!!!!!!!EXCEPTION ** FROM AGENT #HOST_MANAGER##simu_13#HostManager_304:77negotiation.negotiationframework.contracts.UnknownContractException: 
Contract (1335788619510   30 Apr 2012 12:23:39 GMT) (init : #HOST_MANAGER##simu_13#HostManager_304:77, part : [#simu_13#DomainAgent_430, #HOST_MANAGER##simu_13#HostManager_304:77]),(expired?false, will expire?false) On Hostctkarch(Mon Apr 30 14:23:47 CEST 2012 - 1335788627399):
facing unknonw contract!!!!! 
Contract (1335788619510   30 Apr 2012 12:23:39 GMT) (init : #HOST_MANAGER##simu_13#HostManager_304:77, part : [#simu_13#DomainAgent_430, #HOST_MANAGER##simu_13#HostManager_304:77]),(expired?false, will expire?false)
receivedContract?false
alreadyCancelled?false
alreadyExecuted?false lost contracts are : 

!!!!!!!!!!!!!!!!!!!!!!!!!!!!!!!!!!!!!!!!!!!!!!!!!!!!!!!!!!!!!!!!!!!!!!!!!!!!!!!!!!!!!!!EXCEPTION ** FROM AGENT #HOST_MANAGER##simu_13#HostManager_304:77negotiation.negotiationframework.contracts.UnknownContractException: 
Contract (1335788619510   30 Apr 2012 12:23:39 GMT) (init : #HOST_MANAGER##simu_13#HostManager_304:77, part : [#simu_13#DomainAgent_1565, #HOST_MANAGER##simu_13#HostManager_304:77]),(expired?false, will expire?false) On Hostctkarch(Mon Apr 30 14:23:47 CEST 2012 - 1335788627400):
facing unknonw contract!!!!! 
Contract (1335788619510   30 Apr 2012 12:23:39 GMT) (init : #HOST_MANAGER##simu_13#HostManager_304:77, part : [#simu_13#DomainAgent_1565, #HOST_MANAGER##simu_13#HostManager_304:77]),(expired?false, will expire?false)
receivedContract?false
alreadyCancelled?false
alreadyExecuted?false lost contracts are : 

!!!!!!!!!!!!!!!!!!!!!!!!!!!!!!!!!!!!!!!!!!!!!!!!!!!!!!!!!!!!!!!!!!!!!!!!!!!!!!!!!!!!!!!EXCEPTION ** FROM AGENT #HOST_MANAGER##simu_13#HostManager_304:77negotiation.negotiationframework.contracts.UnknownContractException: 
Contract (1335788619510   30 Apr 2012 12:23:39 GMT) (init : #HOST_MANAGER##simu_13#HostManager_304:77, part : [#simu_13#DomainAgent_487, #HOST_MANAGER##simu_13#HostManager_304:77]),(expired?false, will expire?false) On Hostctkarch(Mon Apr 30 14:23:49 CEST 2012 - 1335788629597):
facing unknonw contract!!!!! 
Contract (1335788619510   30 Apr 2012 12:23:39 GMT) (init : #HOST_MANAGER##simu_13#HostManager_304:77, part : [#simu_13#DomainAgent_487, #HOST_MANAGER##simu_13#HostManager_304:77]),(expired?false, will expire?false)
receivedContract?false
alreadyCancelled?false
alreadyExecuted?false lost contracts are : 

