!!!!!!!!!!!!!!!!!!!!!!!!!!!!!!!!!!!!!!!!!!!!!!!!!!!!!!!!!!!!!!!!!!!!!!!!!!!!!!!!!!!!!!!EXCEPTION ** FROM AGENT #HOST_MANAGER##simu_14#HostManager_115:77negotiation.negotiationframework.contracts.UnknownContractException: 
Contract (1335791440608   30 Apr 2012 13:10:40 GMT) (init : #HOST_MANAGER##simu_14#HostManager_115:77, part : [#simu_14#DomainAgent_312, #HOST_MANAGER##simu_14#HostManager_115:77]),(expired?false, will expire?false) On Hostctkarch(Mon Apr 30 15:11:13 CEST 2012 - 1335791473103):
facing unknonw contract!!!!! 
Contract (1335791440608   30 Apr 2012 13:10:40 GMT) (init : #HOST_MANAGER##simu_14#HostManager_115:77, part : [#simu_14#DomainAgent_312, #HOST_MANAGER##simu_14#HostManager_115:77]),(expired?false, will expire?false)
receivedContract?false
alreadyCancelled?false
alreadyExecuted?false lost contracts are : 

!!!!!!!!!!!!!!!!!!!!!!!!!!!!!!!!!!!!!!!!!!!!!!!!!!!!!!!!!!!!!!!!!!!!!!!!!!!!!!!!!!!!!!!EXCEPTION ** FROM AGENT #HOST_MANAGER##simu_14#HostManager_115:77negotiation.negotiationframework.contracts.UnknownContractException: 
Contract (1335791440608   30 Apr 2012 13:10:40 GMT) (init : #HOST_MANAGER##simu_14#HostManager_115:77, part : [#simu_14#DomainAgent_611, #HOST_MANAGER##simu_14#HostManager_115:77]),(expired?false, will expire?false) On Hostctkarch(Mon Apr 30 15:11:13 CEST 2012 - 1335791473103):
facing unknonw contract!!!!! 
Contract (1335791440608   30 Apr 2012 13:10:40 GMT) (init : #HOST_MANAGER##simu_14#HostManager_115:77, part : [#simu_14#DomainAgent_611, #HOST_MANAGER##simu_14#HostManager_115:77]),(expired?false, will expire?false)
receivedContract?false
alreadyCancelled?false
alreadyExecuted?false lost contracts are : 

!!!!!!!!!!!!!!!!!!!!!!!!!!!!!!!!!!!!!!!!!!!!!!!!!!!!!!!!!!!!!!!!!!!!!!!!!!!!!!!!!!!!!!!EXCEPTION ** FROM AGENT #HOST_MANAGER##simu_14#HostManager_115:77negotiation.negotiationframework.contracts.UnknownContractException: 
Contract (1335791440608   30 Apr 2012 13:10:40 GMT) (init : #HOST_MANAGER##simu_14#HostManager_115:77, part : [#simu_14#DomainAgent_932, #HOST_MANAGER##simu_14#HostManager_115:77]),(expired?false, will expire?false) On Hostctkarch(Mon Apr 30 15:11:13 CEST 2012 - 1335791473104):
facing unknonw contract!!!!! 
Contract (1335791440608   30 Apr 2012 13:10:40 GMT) (init : #HOST_MANAGER##simu_14#HostManager_115:77, part : [#simu_14#DomainAgent_932, #HOST_MANAGER##simu_14#HostManager_115:77]),(expired?false, will expire?false)
receivedContract?false
alreadyCancelled?false
alreadyExecuted?false lost contracts are : 

!!!!!!!!!!!!!!!!!!!!!!!!!!!!!!!!!!!!!!!!!!!!!!!!!!!!!!!!!!!!!!!!!!!!!!!!!!!!!!!!!!!!!!!EXCEPTION ** FROM AGENT #HOST_MANAGER##simu_14#HostManager_115:77negotiation.negotiationframework.contracts.UnknownContractException: 
Contract (1335791440608   30 Apr 2012 13:10:40 GMT) (init : #HOST_MANAGER##simu_14#HostManager_115:77, part : [#simu_14#DomainAgent_326, #HOST_MANAGER##simu_14#HostManager_115:77]),(expired?false, will expire?false) On Hostctkarch(Mon Apr 30 15:11:13 CEST 2012 - 1335791473136):
facing unknonw contract!!!!! 
Contract (1335791440608   30 Apr 2012 13:10:40 GMT) (init : #HOST_MANAGER##simu_14#HostManager_115:77, part : [#simu_14#DomainAgent_326, #HOST_MANAGER##simu_14#HostManager_115:77]),(expired?false, will expire?false)
receivedContract?false
alreadyCancelled?false
alreadyExecuted?false lost contracts are : 

!!!!!!!!!!!!!!!!!!!!!!!!!!!!!!!!!!!!!!!!!!!!!!!!!!!!!!!!!!!!!!!!!!!!!!!!!!!!!!!!!!!!!!!EXCEPTION ** FROM AGENT #HOST_MANAGER##simu_14#HostManager_115:77negotiation.negotiationframework.contracts.UnknownContractException: 
Contract (1335791440608   30 Apr 2012 13:10:40 GMT) (init : #HOST_MANAGER##simu_14#HostManager_115:77, part : [#simu_14#DomainAgent_310, #HOST_MANAGER##simu_14#HostManager_115:77]),(expired?false, will expire?false) On Hostctkarch(Mon Apr 30 15:11:13 CEST 2012 - 1335791473137):
facing unknonw contract!!!!! 
Contract (1335791440608   30 Apr 2012 13:10:40 GMT) (init : #HOST_MANAGER##simu_14#HostManager_115:77, part : [#simu_14#DomainAgent_310, #HOST_MANAGER##simu_14#HostManager_115:77]),(expired?false, will expire?false)
receivedContract?false
alreadyCancelled?false
alreadyExecuted?false lost contracts are : 

!!!!!!!!!!!!!!!!!!!!!!!!!!!!!!!!!!!!!!!!!!!!!!!!!!!!!!!!!!!!!!!!!!!!!!!!!!!!!!!!!!!!!!!EXCEPTION ** FROM AGENT #HOST_MANAGER##simu_14#HostManager_115:77negotiation.negotiationframework.contracts.UnknownContractException: 
Contract (1335791440608   30 Apr 2012 13:10:40 GMT) (init : #HOST_MANAGER##simu_14#HostManager_115:77, part : [#simu_14#DomainAgent_398, #HOST_MANAGER##simu_14#HostManager_115:77]),(expired?false, will expire?false) On Hostctkarch(Mon Apr 30 15:11:14 CEST 2012 - 1335791474097):
facing unknonw contract!!!!! 
Contract (1335791440608   30 Apr 2012 13:10:40 GMT) (init : #HOST_MANAGER##simu_14#HostManager_115:77, part : [#simu_14#DomainAgent_398, #HOST_MANAGER##simu_14#HostManager_115:77]),(expired?false, will expire?false)
receivedContract?false
alreadyCancelled?false
alreadyExecuted?false lost contracts are : 

