!!!!!!!!!!!!!!!!!!!!!!!!!!!!!!!!!!!!!!!!!!!!!!!!!!!!!!!!!!!!!!!!!!!!!!!!!!!!!!!!!!!!!!!EXCEPTION ** FROM AGENT #HOST_MANAGER##simu_13#HostManager_189:77negotiation.negotiationframework.contracts.UnknownContractException: 
Contract (1335788621314   30 Apr 2012 12:23:41 GMT) (init : #HOST_MANAGER##simu_13#HostManager_189:77, part : [#simu_13#DomainAgent_1138, #HOST_MANAGER##simu_13#HostManager_189:77]),(expired?false, will expire?false) On Hostctkarch(Mon Apr 30 14:23:51 CEST 2012 - 1335788631863):
facing unknonw contract!!!!! 
Contract (1335788621314   30 Apr 2012 12:23:41 GMT) (init : #HOST_MANAGER##simu_13#HostManager_189:77, part : [#simu_13#DomainAgent_1138, #HOST_MANAGER##simu_13#HostManager_189:77]),(expired?false, will expire?false)
receivedContract?false
alreadyCancelled?false
alreadyExecuted?false lost contracts are : 

!!!!!!!!!!!!!!!!!!!!!!!!!!!!!!!!!!!!!!!!!!!!!!!!!!!!!!!!!!!!!!!!!!!!!!!!!!!!!!!!!!!!!!!EXCEPTION ** FROM AGENT #HOST_MANAGER##simu_13#HostManager_189:77negotiation.negotiationframework.contracts.UnknownContractException: 
Contract (1335788621044   30 Apr 2012 12:23:41 GMT) (init : #HOST_MANAGER##simu_13#HostManager_189:77, part : [#simu_13#DomainAgent_1740, #HOST_MANAGER##simu_13#HostManager_189:77]),(expired?false, will expire?false) On Hostctkarch(Mon Apr 30 14:23:51 CEST 2012 - 1335788631864):
facing unknonw contract!!!!! 
Contract (1335788621044   30 Apr 2012 12:23:41 GMT) (init : #HOST_MANAGER##simu_13#HostManager_189:77, part : [#simu_13#DomainAgent_1740, #HOST_MANAGER##simu_13#HostManager_189:77]),(expired?false, will expire?false)
receivedContract?false
alreadyCancelled?false
alreadyExecuted?false lost contracts are : 

!!!!!!!!!!!!!!!!!!!!!!!!!!!!!!!!!!!!!!!!!!!!!!!!!!!!!!!!!!!!!!!!!!!!!!!!!!!!!!!!!!!!!!!EXCEPTION ** FROM AGENT #HOST_MANAGER##simu_13#HostManager_189:77negotiation.negotiationframework.contracts.UnknownContractException: 
Contract (1335788621044   30 Apr 2012 12:23:41 GMT) (init : #HOST_MANAGER##simu_13#HostManager_189:77, part : [#simu_13#DomainAgent_1058, #HOST_MANAGER##simu_13#HostManager_189:77]),(expired?false, will expire?false) On Hostctkarch(Mon Apr 30 14:23:51 CEST 2012 - 1335788631865):
facing unknonw contract!!!!! 
Contract (1335788621044   30 Apr 2012 12:23:41 GMT) (init : #HOST_MANAGER##simu_13#HostManager_189:77, part : [#simu_13#DomainAgent_1058, #HOST_MANAGER##simu_13#HostManager_189:77]),(expired?false, will expire?false)
receivedContract?false
alreadyCancelled?false
alreadyExecuted?false lost contracts are : 

!!!!!!!!!!!!!!!!!!!!!!!!!!!!!!!!!!!!!!!!!!!!!!!!!!!!!!!!!!!!!!!!!!!!!!!!!!!!!!!!!!!!!!!EXCEPTION ** FROM AGENT #HOST_MANAGER##simu_13#HostManager_189:77negotiation.negotiationframework.contracts.UnknownContractException: 
Contract (1335788621044   30 Apr 2012 12:23:41 GMT) (init : #HOST_MANAGER##simu_13#HostManager_189:77, part : [#simu_13#DomainAgent_266, #HOST_MANAGER##simu_13#HostManager_189:77]),(expired?false, will expire?false) On Hostctkarch(Mon Apr 30 14:23:52 CEST 2012 - 1335788632828):
facing unknonw contract!!!!! 
Contract (1335788621044   30 Apr 2012 12:23:41 GMT) (init : #HOST_MANAGER##simu_13#HostManager_189:77, part : [#simu_13#DomainAgent_266, #HOST_MANAGER##simu_13#HostManager_189:77]),(expired?false, will expire?false)
receivedContract?false
alreadyCancelled?false
alreadyExecuted?false lost contracts are : 

