!!!!!!!!!!!!!!!!!!!!!!!!!!!!!!!!!!!!!!!!!!!!!!!!!!!!!!!!!!!!!!!!!!!!!!!!!!!!!!!!!!!!!!!EXCEPTION ** FROM AGENT #HOST_MANAGER##simu_14#HostManager_219:77negotiation.negotiationframework.contracts.UnknownContractException: 
Contract (1335791445599   30 Apr 2012 13:10:45 GMT) (init : #HOST_MANAGER##simu_14#HostManager_219:77, part : [#simu_14#DomainAgent_999, #HOST_MANAGER##simu_14#HostManager_219:77]),(expired?false, will expire?false) On Hostctkarch(Mon Apr 30 15:10:57 CEST 2012 - 1335791457178):
facing unknonw contract!!!!! 
Contract (1335791445599   30 Apr 2012 13:10:45 GMT) (init : #HOST_MANAGER##simu_14#HostManager_219:77, part : [#simu_14#DomainAgent_999, #HOST_MANAGER##simu_14#HostManager_219:77]),(expired?false, will expire?false)
receivedContract?false
alreadyCancelled?false
alreadyExecuted?false lost contracts are : 

!!!!!!!!!!!!!!!!!!!!!!!!!!!!!!!!!!!!!!!!!!!!!!!!!!!!!!!!!!!!!!!!!!!!!!!!!!!!!!!!!!!!!!!EXCEPTION ** FROM AGENT #HOST_MANAGER##simu_14#HostManager_219:77negotiation.negotiationframework.contracts.UnknownContractException: 
Contract (1335791445599   30 Apr 2012 13:10:45 GMT) (init : #HOST_MANAGER##simu_14#HostManager_219:77, part : [#simu_14#DomainAgent_814, #HOST_MANAGER##simu_14#HostManager_219:77]),(expired?false, will expire?false) On Hostctkarch(Mon Apr 30 15:10:58 CEST 2012 - 1335791458426):
facing unknonw contract!!!!! 
Contract (1335791445599   30 Apr 2012 13:10:45 GMT) (init : #HOST_MANAGER##simu_14#HostManager_219:77, part : [#simu_14#DomainAgent_814, #HOST_MANAGER##simu_14#HostManager_219:77]),(expired?false, will expire?false)
receivedContract?false
alreadyCancelled?false
alreadyExecuted?false lost contracts are : 

!!!!!!!!!!!!!!!!!!!!!!!!!!!!!!!!!!!!!!!!!!!!!!!!!!!!!!!!!!!!!!!!!!!!!!!!!!!!!!!!!!!!!!!EXCEPTION ** FROM AGENT #HOST_MANAGER##simu_14#HostManager_219:77negotiation.negotiationframework.contracts.UnknownContractException: 
Contract (1335791445599   30 Apr 2012 13:10:45 GMT) (init : #HOST_MANAGER##simu_14#HostManager_219:77, part : [#simu_14#DomainAgent_754, #HOST_MANAGER##simu_14#HostManager_219:77]),(expired?false, will expire?false) On Hostctkarch(Mon Apr 30 15:10:59 CEST 2012 - 1335791459451):
facing unknonw contract!!!!! 
Contract (1335791445599   30 Apr 2012 13:10:45 GMT) (init : #HOST_MANAGER##simu_14#HostManager_219:77, part : [#simu_14#DomainAgent_754, #HOST_MANAGER##simu_14#HostManager_219:77]),(expired?false, will expire?false)
receivedContract?false
alreadyCancelled?false
alreadyExecuted?false lost contracts are : 

