#
# A fatal error has been detected by the Java Runtime Environment:
#
#  SIGSEGV (0xb) at pc=0x00007f17087b46bd, pid=29179, tid=139737075844864
#
# JRE version: 6.0_24-b07
# Java VM: Java HotSpot(TM) 64-Bit Server VM (19.1-b02 mixed mode linux-amd64 compressed oops)
# Problematic frame:
# C  [libJNI-knitro800.so+0x6e6bd]  ktr_x2290
+0xf2d
#
# If you would like to submit a bug report, please visit:
#   http://java.sun.com/webapps/bugreport/crash.jsp
# The crash happened outside the Java Virtual Machine in native code.
# See problematic frame for where to report the bug.
#

---------------  T H R E A D  ---------------

Current thread (0x00007f170c007000):  JavaThread "main" [_thread_in_native, id=29180, stack(0x00007f1712b48000,0x00007f1712c49000)]

siginfo:si_signo=SIGSEGV: si_errno=0, si_code=1 (SEGV_MAPERR), si_addr=0x0000000000000000

Registers:
RAX=0x0000000000000000, RBX=0x00007f1710273010, RCX=0x0000000000000001, RDX=0x0000000000000003
RSP=0x00007f1712c466b0, RBP=0x00007f171029c360, RSI=0x00007f1708d75d70, RDI=0x00007f1712c46650
R8 =0x0000000000000001, R9 =0x0000000000000008, R10=0x00007f171029c4b0, R11=0x0000000000000000
R12=0x00007f171029c5a0, R13=0x00007f171029c368, R14=0x00007f171029c4b0, R15=0x00007f171029c708
RIP=0x00007f17087b46bd, EFL=0x0000000000010246, CSGSFS=0x0000000000000033, ERR=0x0000000000000004
  TRAPNO=0x000000000000000e

Register to memory mapping:

RAX=0x0000000000000000
0x0000000000000000 is pointing to unknown location

RBX=0x00007f1710273010
0x00007f1710273010 is pointing to unknown location

RCX=0x0000000000000001
0x0000000000000001 is pointing to unknown location

RDX=0x0000000000000003
0x0000000000000003 is pointing to unknown location

RSP=0x00007f1712c466b0
0x00007f1712c466b0 is pointing into the stack for thread: 0x00007f170c007000
"main" prio=10 tid=0x00007f170c007000 nid=0x71fc runnable [0x00007f1712c47000]
   java.lang.Thread.State: RUNNABLE

RBP=0x00007f171029c360
0x00007f171029c360 is pointing to unknown location

RSI=0x00007f1708d75d70
0x00007f1708d75d70: <offset 0x62fd70> in /opt/java/jre/lib/amd64/libJNI-knitro800.so at 0x00007f1708746000

RDI=0x00007f1712c46650
0x00007f1712c46650 is pointing into the stack for thread: 0x00007f170c007000
"main" prio=10 tid=0x00007f170c007000 nid=0x71fc runnable [0x00007f1712c47000]
   java.lang.Thread.State: RUNNABLE

R8 =0x0000000000000001
0x0000000000000001 is pointing to unknown location

R9 =0x0000000000000008
0x0000000000000008 is pointing to unknown location

R10=0x00007f171029c4b0
0x00007f171029c4b0 is pointing to unknown location

R11=0x0000000000000000
0x0000000000000000 is pointing to unknown location

R12=0x00007f171029c5a0
0x00007f171029c5a0 is pointing to unknown location

R13=0x00007f171029c368
0x00007f171029c368 is pointing to unknown location

R14=0x00007f171029c4b0
0x00007f171029c4b0 is pointing to unknown location

R15=0x00007f171029c708
0x00007f171029c708 is pointing to unknown location


Top of Stack: (sp=0x00007f1712c466b0)
0x00007f1712c466b0:   00007f17100eb010 00007f171029c360
0x00007f1712c466c0:   00007f170c1f2490 00007f171029c380
0x00007f1712c466d0:   00007f171029c388 00007f170c1f2c00
0x00007f1712c466e0:   00007f171029c4b0 00007f171029c708
0x00007f1712c466f0:   00007f171029c5a0 00007f1710273010
0x00007f1712c46700:   0000000500000002 0000000100000000
0x00007f1712c46710:   00007f170874c2d8 00007f1700000000
0x00007f1712c46720:   0000000000000000 00007f170c1d9418
0x00007f1712c46730:   0000000090394ca4 00007f170c1d9420
0x00007f1712c46740:   00007f170c1d90c0 00007f1708768bf9
0x00007f1712c46750:   0000000006b2778a 0000000000000000
0x00007f1712c46760:   00007f1708750fd0 00007f170c1d90c0
0x00007f1712c46770:   00007f1700000001 00007f1700000310
0x00007f1712c46780:   00007f1712c467b0 00007fff53fb19f5
0x00007f1712c46790:   0000000000000000 00007f1712c467c0
0x00007f1712c467a0:   00007f170c1e0da0 0000000000000000
0x00007f1712c467b0:   00000000000002a0 0000000308818850
0x00007f1712c467c0:   0000000050583428 00007f171029c350
0x00007f1712c467d0:   00007f171029c730 000000000000001c
0x00007f1712c467e0:   00007f1712c46828 00007f1712c46830
0x00007f1712c467f0:   00007f1712c46838 00007f171029c380
0x00007f1712c46800:   00007f171029c7e0 00007f171029c388
0x00007f1712c46810:   00007f1712c46820 00007f171029c3b0
0x00007f1712c46820:   0000000000000000 0000000000000000
0x00007f1712c46830:   00007f1710273010 0000000000000001
0x00007f1712c46840:   4059800000000000 0000000000000000
0x00007f1712c46850:   0000000000000048 000000000000001c
0x00007f1712c46860:   000000000000000e 00007f1710273010
0x00007f1712c46870:   0000000000000001 0000000000000000
0x00007f1712c46880:   000000000000001c 0000000000000000
0x00007f1712c46890:   0000000000000310 00007f170879ecee
0x00007f1712c468a0:   00007f171029bb08 00007f1710273610 

Instructions: (pc=0x00007f17087b46bd)
0x00007f17087b46ad:   02 00 8b 94 24 0c 01 00 00 48 8d 35 b3 16 5c 00
0x00007f17087b46bd:   48 8b 38 31 c0 e8 a9 1d fe ff 8b b3 2c 8c 02 00 

Stack: [0x00007f1712b48000,0x00007f1712c49000],  sp=0x00007f1712c466b0,  free space=1017k
Native frames: (J=compiled Java code, j=interpreted, Vv=VM code, C=native code)
C  [libJNI-knitro800.so+0x6e6bd]  ktr_x2290
+0xf2d

Java frames: (J=compiled Java code, j=interpreted, Vv=VM code)
j  com.ziena.knitro.KnitroJava.nativeMipSolve_(II[D[D[D[D[D[D[D)I+0
j  com.ziena.knitro.KnitroJava.mipSolve(I[D[D[D[D[D)I+71
j  frameworks.faulttolerance.solver.KnitroAllocationSolver.solveProb(Z)[D+177
j  frameworks.faulttolerance.solver.KnitroAllocationSolver.main([Ljava/lang/String;)V+133
v  ~StubRoutines::call_stub

---------------  P R O C E S S  ---------------

Java Threads: ( => current thread )
  0x00007f170c090800 JavaThread "Low Memory Detector" daemon [_thread_blocked, id=29195, stack(0x00007f17109be000,0x00007f1710abf000)]
  0x00007f170c08e800 JavaThread "CompilerThread1" daemon [_thread_blocked, id=29194, stack(0x00007f1710abf000,0x00007f1710bc0000)]
  0x00007f170c08b800 JavaThread "CompilerThread0" daemon [_thread_blocked, id=29193, stack(0x00007f1710bc0000,0x00007f1710cc1000)]
  0x00007f170c089800 JavaThread "Signal Dispatcher" daemon [_thread_blocked, id=29192, stack(0x00007f1710cc1000,0x00007f1710dc2000)]
  0x00007f170c06d000 JavaThread "Finalizer" daemon [_thread_blocked, id=29187, stack(0x00007f1710f4b000,0x00007f171104c000)]
  0x00007f170c06b000 JavaThread "Reference Handler" daemon [_thread_blocked, id=29186, stack(0x00007f171104c000,0x00007f171114d000)]
=>0x00007f170c007000 JavaThread "main" [_thread_in_native, id=29180, stack(0x00007f1712b48000,0x00007f1712c49000)]

Other Threads:
  0x00007f170c064800 VMThread [stack: 0x00007f171114d000,0x00007f171124e000] [id=29185]
  0x00007f170c0a3800 WatcherThread [stack: 0x00007f17108bd000,0x00007f17109be000] [id=29196]

VM state:not at safepoint (normal execution)

VM Mutex/Monitor currently owned by a thread: None

Heap
 PSYoungGen      total 17920K, used 3153K [0x00000000ec000000, 0x00000000ed400000, 0x0000000100000000)
  eden space 15360K, 20% used [0x00000000ec000000,0x00000000ec314750,0x00000000ecf00000)
  from space 2560K, 0% used [0x00000000ed180000,0x00000000ed180000,0x00000000ed400000)
  to   space 2560K, 0% used [0x00000000ecf00000,0x00000000ecf00000,0x00000000ed180000)
 PSOldGen        total 40960K, used 0K [0x00000000c4000000, 0x00000000c6800000, 0x00000000ec000000)
  object space 40960K, 0% used [0x00000000c4000000,0x00000000c4000000,0x00000000c6800000)
 PSPermGen       total 21248K, used 3521K [0x00000000bee00000, 0x00000000c02c0000, 0x00000000c4000000)
  object space 21248K, 16% used [0x00000000bee00000,0x00000000bf1704f8,0x00000000c02c0000)

Dynamic libraries:
40000000-40009000 r-xp 00000000 08:05 149531                             /opt/java/jre/bin/java
40108000-4010a000 rwxp 00008000 08:05 149531                             /opt/java/jre/bin/java
40aad000-40ace000 rwxp 00000000 00:00 0                                  [heap]
bee00000-c02c0000 rwxp 00000000 00:00 0 
c02c0000-c4000000 rwxp 00000000 00:00 0 
c4000000-c6800000 rwxp 00000000 00:00 0 
c6800000-ec000000 rwxp 00000000 00:00 0 
ec000000-ed400000 rwxp 00000000 00:00 0 
ed400000-100000000 rwxp 00000000 00:00 0 
7f16d4000000-7f16d4021000 rwxp 00000000 00:00 0 
7f16d4021000-7f16d8000000 ---p 00000000 00:00 0 
7f16dc000000-7f16dc1ba000 rwxp 00000000 00:00 0 
7f16dc1ba000-7f16e0000000 ---p 00000000 00:00 0 
7f16e0000000-7f16e0021000 rwxp 00000000 00:00 0 
7f16e0021000-7f16e4000000 ---p 00000000 00:00 0 
7f16e4000000-7f16e4021000 rwxp 00000000 00:00 0 
7f16e4021000-7f16e8000000 ---p 00000000 00:00 0 
7f16e8000000-7f16e80c3000 rwxp 00000000 00:00 0 
7f16e80c3000-7f16ec000000 ---p 00000000 00:00 0 
7f16ec000000-7f16ec021000 rwxp 00000000 00:00 0 
7f16ec021000-7f16f0000000 ---p 00000000 00:00 0 
7f16f0000000-7f16f0021000 rwxp 00000000 00:00 0 
7f16f0021000-7f16f4000000 ---p 00000000 00:00 0 
7f16f4000000-7f16f4021000 rwxp 00000000 00:00 0 
7f16f4021000-7f16f8000000 ---p 00000000 00:00 0 
7f16f8000000-7f16f8021000 rwxp 00000000 00:00 0 
7f16f8021000-7f16fc000000 ---p 00000000 00:00 0 
7f16fc000000-7f16fc021000 rwxp 00000000 00:00 0 
7f16fc021000-7f1700000000 ---p 00000000 00:00 0 
7f1700000000-7f1700021000 rwxp 00000000 00:00 0 
7f1700021000-7f1704000000 ---p 00000000 00:00 0 
7f1704000000-7f1704021000 rwxp 00000000 00:00 0 
7f1704021000-7f1708000000 ---p 00000000 00:00 0 
7f1708682000-7f1708746000 rwxp 00000000 00:00 0 
7f1708746000-7f1708de2000 r-xp 00000000 08:05 289171                     /opt/java/jre/lib/amd64/libJNI-knitro800.so
7f1708de2000-7f1708fe1000 ---p 0069c000 08:05 289171                     /opt/java/jre/lib/amd64/libJNI-knitro800.so
7f1708fe1000-7f1708fef000 rwxp 0069b000 08:05 289171                     /opt/java/jre/lib/amd64/libJNI-knitro800.so
7f1708fef000-7f1709270000 rwxp 00000000 00:00 0 
7f1709270000-7f170c1f4000 rwxp 00000000 00:00 0 
7f170c1f4000-7f1710000000 ---p 00000000 00:00 0 
7f1710027000-7f17102c9000 rwxp 00000000 00:00 0 
7f17102c9000-7f17102de000 r-xp 00000000 08:05 52312                      /usr/lib/libgcc_s.so.1
7f17102de000-7f17104dd000 ---p 00015000 08:05 52312                      /usr/lib/libgcc_s.so.1
7f17104dd000-7f17104de000 rwxp 00014000 08:05 52312                      /usr/lib/libgcc_s.so.1
7f17104de000-7f17105c3000 r-xp 00000000 08:05 21104                      /usr/lib/libstdc++.so.6.0.17
7f17105c3000-7f17107c2000 ---p 000e5000 08:05 21104                      /usr/lib/libstdc++.so.6.0.17
7f17107c2000-7f17107ca000 r-xp 000e4000 08:05 21104                      /usr/lib/libstdc++.so.6.0.17
7f17107ca000-7f17107cc000 rwxp 000ec000 08:05 21104                      /usr/lib/libstdc++.so.6.0.17
7f17107cc000-7f17107e1000 rwxp 00000000 00:00 0 
7f17107e5000-7f1710811000 rwxp 00000000 00:00 0 
7f1710811000-7f1710812000 r-xs 00003000 08:04 18579583                   /droop/Boulot/workspace/DimaX/lib/knitro-8.0.0-z/examples/Java/knitro800java.jar
7f1710812000-7f1710819000 r-xs 00048000 08:04 1392662                    /droop/Boulot/workspace/DimaX/lib/smackx-jingle.jar
7f1710819000-7f1710827000 r-xs 00095000 08:04 1392663                    /droop/Boulot/workspace/DimaX/lib/smackx.jar
7f1710827000-7f1710829000 r-xs 0000c000 08:04 1392658                    /droop/Boulot/workspace/DimaX/lib/smackx-debug.jar
7f1710829000-7f171082f000 r-xs 00046000 08:04 1392645                    /droop/Boulot/workspace/DimaX/lib/smack.jar
7f171082f000-7f171088a000 r-xs 00501000 08:04 1392656                    /droop/Boulot/workspace/DimaX/lib/choco-solver-2.1.3-with-sources.jar
7f171088a000-7f171088f000 r-xs 00030000 08:04 1392649                    /droop/Boulot/workspace/DimaX/lib/rdf-api-2001-01-19.jar
7f171088f000-7f1710892000 r-xs 0001a000 08:04 1392653                    /droop/Boulot/workspace/DimaX/lib/junit.jar
7f1710892000-7f171089b000 r-xs 00083000 08:04 1392655                    /droop/Boulot/workspace/DimaX/lib/jtp.jar
7f171089b000-7f171089e000 r-xs 0002b000 08:04 1392646                    /droop/Boulot/workspace/DimaX/lib/jsch-0.1.42.jar
7f171089e000-7f17108ba000 r-xs 000fc000 08:04 1392648                    /droop/Boulot/workspace/DimaX/lib/jena.jar
7f17108ba000-7f17108bd000 r-xs 0001f000 08:04 1392661                    /droop/Boulot/workspace/DimaX/lib/jdom.jar
7f17108bd000-7f17108be000 ---p 00000000 00:00 0 
7f17108be000-7f17109be000 rwxp 00000000 00:00 0                          [stack:29196]
7f17109be000-7f17109c1000 ---p 00000000 00:00 0 
7f17109c1000-7f1710abf000 rwxp 00000000 00:00 0                          [stack:29195]
7f1710abf000-7f1710ac2000 ---p 00000000 00:00 0 
7f1710ac2000-7f1710bc0000 rwxp 00000000 00:00 0                          [stack:29194]
7f1710bc0000-7f1710bc3000 ---p 00000000 00:00 0 
7f1710bc3000-7f1710cc1000 rwxp 00000000 00:00 0                          [stack:29193]
7f1710cc1000-7f1710cc4000 ---p 00000000 00:00 0 
7f1710cc4000-7f1710dc2000 rwxp 00000000 00:00 0                          [stack:29192]
7f1710dc2000-7f1710f4b000 r-xp 00000000 08:05 289167                     /usr/lib/locale/locale-archive
7f1710f4b000-7f1710f4e000 ---p 00000000 00:00 0 
7f1710f4e000-7f171104c000 rwxp 00000000 00:00 0                          [stack:29187]
7f171104c000-7f171104f000 ---p 00000000 00:00 0 
7f171104f000-7f171114d000 rwxp 00000000 00:00 0                          [stack:29186]
7f171114d000-7f171114e000 ---p 00000000 00:00 0 
7f171114e000-7f1711787000 rwxp 00000000 00:00 0                          [stack:29185]
7f1711787000-7f171191f000 r-xs 03027000 08:05 149317                     /opt/java/jre/lib/rt.jar
7f171191f000-7f1711947000 rwxp 00000000 00:00 0 
7f1711947000-7f1711948000 ---p 00000000 00:00 0 
7f1711948000-7f1711a48000 rwxp 00000000 00:00 0                          [stack:29184]
7f1711a48000-7f1711a49000 ---p 00000000 00:00 0 
7f1711a49000-7f1711b49000 rwxp 00000000 00:00 0                          [stack:29183]
7f1711b49000-7f1711b4a000 ---p 00000000 00:00 0 
7f1711b4a000-7f1711c4a000 rwxp 00000000 00:00 0                          [stack:29182]
7f1711c4a000-7f1711c4b000 ---p 00000000 00:00 0 
7f1711c4b000-7f1711d56000 rwxp 00000000 00:00 0                          [stack:29181]
7f1711d56000-7f1711d74000 rwxp 00000000 00:00 0 
7f1711d74000-7f1711d88000 rwxp 00000000 00:00 0 
7f1711d88000-7f1711eb4000 rwxp 00000000 00:00 0 
7f1711eb4000-7f1711ebf000 rwxp 00000000 00:00 0 
7f1711ebf000-7f1711edd000 rwxp 00000000 00:00 0 
7f1711edd000-7f1711ef1000 rwxp 00000000 00:00 0 
7f1711ef1000-7f171201d000 rwxp 00000000 00:00 0 
7f171201d000-7f1712027000 rwxp 00000000 00:00 0 
7f1712027000-7f17120bd000 rwxp 00000000 00:00 0 
7f17120bd000-7f17120be000 rwxp 00000000 00:00 0 
7f17120be000-7f17120cc000 r-xp 00000000 08:05 149409                     /opt/java/jre/lib/amd64/libzip.so
7f17120cc000-7f17121ce000 ---p 0000e000 08:05 149409                     /opt/java/jre/lib/amd64/libzip.so
7f17121ce000-7f17121d1000 rwxp 00010000 08:05 149409                     /opt/java/jre/lib/amd64/libzip.so
7f17121d1000-7f17121d2000 rwxp 00000000 00:00 0 
7f17121d2000-7f17121de000 r-xp 00000000 08:05 18563                      /lib/libnss_files-2.16.so
7f17121de000-7f17123dd000 ---p 0000c000 08:05 18563                      /lib/libnss_files-2.16.so
7f17123dd000-7f17123de000 r-xp 0000b000 08:05 18563                      /lib/libnss_files-2.16.so
7f17123de000-7f17123df000 rwxp 0000c000 08:05 18563                      /lib/libnss_files-2.16.so
7f17123df000-7f17123e6000 r-xp 00000000 08:05 149406                     /opt/java/jre/lib/amd64/native_threads/libhpi.so
7f17123e6000-7f17124e7000 ---p 00007000 08:05 149406                     /opt/java/jre/lib/amd64/native_threads/libhpi.so
7f17124e7000-7f17124e9000 rwxp 00008000 08:05 149406                     /opt/java/jre/lib/amd64/native_threads/libhpi.so
7f17124e9000-7f17124ea000 rwxp 00000000 00:00 0 
7f17124ea000-7f17124ff000 r-xp 00000000 08:05 18588                      /lib/libnsl-2.16.so
7f17124ff000-7f17126fe000 ---p 00015000 08:05 18588                      /lib/libnsl-2.16.so
7f17126fe000-7f17126ff000 r-xp 00014000 08:05 18588                      /lib/libnsl-2.16.so
7f17126ff000-7f1712700000 rwxp 00015000 08:05 18588                      /lib/libnsl-2.16.so
7f1712700000-7f1712702000 rwxp 00000000 00:00 0 
7f1712702000-7f171272b000 r-xp 00000000 08:05 149413                     /opt/java/jre/lib/amd64/libjava.so
7f171272b000-7f171282a000 ---p 00029000 08:05 149413                     /opt/java/jre/lib/amd64/libjava.so
7f171282a000-7f1712831000 rwxp 00028000 08:05 149413                     /opt/java/jre/lib/amd64/libjava.so
7f1712831000-7f171283e000 r-xp 00000000 08:05 149370                     /opt/java/jre/lib/amd64/libverify.so
7f171283e000-7f171293d000 ---p 0000d000 08:05 149370                     /opt/java/jre/lib/amd64/libverify.so
7f171293d000-7f1712940000 rwxp 0000c000 08:05 149370                     /opt/java/jre/lib/amd64/libverify.so
7f1712940000-7f1712947000 r-xp 00000000 08:05 18562                      /lib/librt-2.16.so
7f1712947000-7f1712b46000 ---p 00007000 08:05 18562                      /lib/librt-2.16.so
7f1712b46000-7f1712b47000 r-xp 00006000 08:05 18562                      /lib/librt-2.16.so
7f1712b47000-7f1712b48000 rwxp 00007000 08:05 18562                      /lib/librt-2.16.so
7f1712b48000-7f1712b4b000 ---p 00000000 00:00 0 
7f1712b4b000-7f1712c49000 rwxp 00000000 00:00 0                          [stack:29180]
7f1712c49000-7f1712d42000 r-xp 00000000 08:05 18554                      /lib/libm-2.16.so
7f1712d42000-7f1712f41000 ---p 000f9000 08:05 18554                      /lib/libm-2.16.so
7f1712f41000-7f1712f42000 r-xp 000f8000 08:05 18554                      /lib/libm-2.16.so
7f1712f42000-7f1712f43000 rwxp 000f9000 08:05 18554                      /lib/libm-2.16.so
7f1712f43000-7f1713781000 r-xp 00000000 08:05 149372                     /opt/java/jre/lib/amd64/server/libjvm.so
7f1713781000-7f1713880000 ---p 0083e000 08:05 149372                     /opt/java/jre/lib/amd64/server/libjvm.so
7f1713880000-7f1713a14000 rwxp 0083d000 08:05 149372                     /opt/java/jre/lib/amd64/server/libjvm.so
7f1713a14000-7f1713a4d000 rwxp 00000000 00:00 0 
7f1713a4d000-7f1713be8000 r-xp 00000000 08:05 18566                      /lib/libc-2.16.so
7f1713be8000-7f1713de7000 ---p 0019b000 08:05 18566                      /lib/libc-2.16.so
7f1713de7000-7f1713deb000 r-xp 0019a000 08:05 18566                      /lib/libc-2.16.so
7f1713deb000-7f1713ded000 rwxp 0019e000 08:05 18566                      /lib/libc-2.16.so
7f1713ded000-7f1713df1000 rwxp 00000000 00:00 0 
7f1713df1000-7f1713df4000 r-xp 00000000 08:05 18578                      /lib/libdl-2.16.so
7f1713df4000-7f1713ff3000 ---p 00003000 08:05 18578                      /lib/libdl-2.16.so
7f1713ff3000-7f1713ff4000 r-xp 00002000 08:05 18578                      /lib/libdl-2.16.so
7f1713ff4000-7f1713ff5000 rwxp 00003000 08:05 18578                      /lib/libdl-2.16.so
7f1713ff5000-7f171400c000 r-xp 00000000 08:05 18572                      /lib/libpthread-2.16.so
7f171400c000-7f171420b000 ---p 00017000 08:05 18572                      /lib/libpthread-2.16.so
7f171420b000-7f171420c000 r-xp 00016000 08:05 18572                      /lib/libpthread-2.16.so
7f171420c000-7f171420d000 rwxp 00017000 08:05 18572                      /lib/libpthread-2.16.so
7f171420d000-7f1714211000 rwxp 00000000 00:00 0 
7f1714211000-7f1714232000 r-xp 00000000 08:05 18589                      /lib/ld-2.16.so
7f1714232000-7f171423d000 rwxp 00000000 00:00 0 
7f171423d000-7f17142f3000 rwxp 00000000 00:00 0 
7f17142f3000-7f17142f6000 rwxp 00000000 00:00 0 
7f17142f6000-7f17142fd000 r-xp 00000000 08:05 149415                     /opt/java/jre/lib/amd64/jli/libjli.so
7f17142fd000-7f17143fe000 ---p 00007000 08:05 149415                     /opt/java/jre/lib/amd64/jli/libjli.so
7f17143fe000-7f1714400000 rwxp 00008000 08:05 149415                     /opt/java/jre/lib/amd64/jli/libjli.so
7f1714400000-7f1714402000 rwxp 00000000 00:00 0 
7f1714402000-7f1714413000 r-xs 001f7000 08:04 1392644                    /droop/Boulot/workspace/DimaX/lib/icu4j.jar
7f1714413000-7f171441d000 r-xs 00079000 08:04 1392647                    /droop/Boulot/workspace/DimaX/lib/dom4j-full.jar
7f171441d000-7f171441f000 r-xs 0000d000 08:04 1392654                    /droop/Boulot/workspace/DimaX/lib/dl.jar
7f171441f000-7f1714424000 r-xs 00020000 08:04 1392657                    /droop/Boulot/workspace/DimaX/lib/concurrent-1.3.0.jar
7f1714424000-7f1714427000 r-xs 00016000 08:04 1392660                    /droop/Boulot/workspace/DimaX/lib/antlr.debug.jar
7f1714427000-7f171442f000 rwxs 00000000 08:05 92807                      /tmp/hsperfdata_droop/29179
7f171442f000-7f1714430000 rwxp 00000000 00:00 0 
7f1714430000-7f1714431000 r-xp 00000000 00:00 0 
7f1714431000-7f1714432000 rwxp 00000000 00:00 0 
7f1714432000-7f1714433000 r-xp 00021000 08:05 18589                      /lib/ld-2.16.so
7f1714433000-7f1714434000 rwxp 00022000 08:05 18589                      /lib/ld-2.16.so
7f1714434000-7f1714435000 rwxp 00000000 00:00 0 
7fff53ea4000-7fff53ec5000 rwxp 00000000 00:00 0                          [stack]
7fff53fb1000-7fff53fb2000 r-xp 00000000 00:00 0                          [vdso]
ffffffffff600000-ffffffffff601000 r-xp 00000000 00:00 0                  [vsyscall]

VM Arguments:
jvm_args: -ea -Dfile.encoding=UTF-8 
java_command: frameworks.faulttolerance.solver.KnitroAllocationSolver
Launcher Type: SUN_STANDARD

Environment Variables:
JAVA_HOME=/opt/java
PATH=/usr/local/bin:/usr/bin:/bin:/usr/local/sbin:/usr/sbin:/sbin:/opt/android-sdk/platform-tools:/opt/android-sdk/tools:/opt/java/bin:/opt/java/db/bin:/opt/java/jre/bin:/home/droop/.local/bin
LD_LIBRARY_PATH=/opt/java/jre/lib/amd64/server:/opt/java/jre/lib/amd64:/opt/java/jre/../lib/amd64
SHELL=/bin/bash
DISPLAY=:0

Signal Handlers:
SIGSEGV: [libjvm.so+0x791b30], sa_mask[0]=0x7ffbfeff, sa_flags=0x10000004
SIGBUS: [libjvm.so+0x791b30], sa_mask[0]=0x7ffbfeff, sa_flags=0x10000004
SIGFPE: [libjvm.so+0x640ba0], sa_mask[0]=0x7ffbfeff, sa_flags=0x10000004
SIGPIPE: [libjvm.so+0x640ba0], sa_mask[0]=0x7ffbfeff, sa_flags=0x10000004
SIGXFSZ: [libjvm.so+0x640ba0], sa_mask[0]=0x7ffbfeff, sa_flags=0x10000004
SIGILL: [libjvm.so+0x640ba0], sa_mask[0]=0x7ffbfeff, sa_flags=0x10000004
SIGUSR1: SIG_DFL, sa_mask[0]=0x00000000, sa_flags=0x00000000
SIGUSR2: [libjvm.so+0x643780], sa_mask[0]=0x00000004, sa_flags=0x10000004
SIGHUP: [libjvm.so+0x643380], sa_mask[0]=0x7ffbfeff, sa_flags=0x10000004
SIGINT: [libjvm.so+0x643380], sa_mask[0]=0x7ffbfeff, sa_flags=0x10000004
SIGTERM: [libjvm.so+0x643380], sa_mask[0]=0x7ffbfeff, sa_flags=0x10000004
SIGQUIT: [libjvm.so+0x643380], sa_mask[0]=0x7ffbfeff, sa_flags=0x10000004


---------------  S Y S T E M  ---------------

OS:Linux
uname:Linux 3.4.7-1-ARCH #1 SMP PREEMPT Sun Jul 29 22:02:56 CEST 2012 x86_64
libc:glibc 2.16 NPTL 2.16 
rlimit: STACK 8192k, CORE 0k, NPROC 30661, NOFILE 4096, AS infinity
load average:0.24 0.23 0.34

/proc/meminfo:
MemTotal:        3930052 kB
MemFree:          135676 kB
Buffers:           56804 kB
Cached:           589352 kB
SwapCached:         6128 kB
Active:          2467356 kB
Inactive:        1090680 kB
Active(anon):    2264028 kB
Inactive(anon):   893704 kB
Active(file):     203328 kB
Inactive(file):   196976 kB
Unevictable:           0 kB
Mlocked:               0 kB
SwapTotal:       8190972 kB
SwapFree:        8133944 kB
Dirty:                80 kB
Writeback:             0 kB
AnonPages:       2907820 kB
Mapped:           247800 kB
Shmem:            245040 kB
Slab:              90264 kB
SReclaimable:      60020 kB
SUnreclaim:        30244 kB
KernelStack:        4152 kB
PageTables:        53728 kB
NFS_Unstable:          0 kB
Bounce:                0 kB
WritebackTmp:          0 kB
CommitLimit:    10155996 kB
Committed_AS:    5941000 kB
VmallocTotal:   34359738367 kB
VmallocUsed:      380124 kB
VmallocChunk:   34359343323 kB
HardwareCorrupted:     0 kB
AnonHugePages:    821248 kB
HugePages_Total:       0
HugePages_Free:        0
HugePages_Rsvd:        0
HugePages_Surp:        0
Hugepagesize:       2048 kB
DirectMap4k:       14144 kB
DirectMap2M:     4061184 kB


CPU:total 4 (2 cores per cpu, 2 threads per core) family 6 model 42 stepping 7, cmov, cx8, fxsr, mmx, sse, sse2, sse3, ssse3, sse4.1, sse4.2, popcnt, ht

Memory: 4k page, physical 3930052k(135676k free), swap 8190972k(8133944k free)

vm_info: Java HotSpot(TM) 64-Bit Server VM (19.1-b02) for linux-amd64 JRE (1.6.0_24-b07), built on Feb  2 2011 16:55:54 by "java_re" with gcc 3.2.2 (SuSE Linux)

time: Tue Sep 18 10:43:21 2012
elapsed time: 1 seconds

