#
# A fatal error has been detected by the Java Runtime Environment:
#
#  SIGSEGV (0xb) at pc=0x00007f2fc672b6bd, pid=19451, tid=139843535111936
#
# JRE version: 6.0_24-b07
# Java VM: Java HotSpot(TM) 64-Bit Server VM (19.1-b02 mixed mode linux-amd64 compressed oops)
# Problematic frame:
# C  [libJNI-knitro800.so+0x6e6bd]  ktr_x2290
+0xf2d
#
# If you would like to submit a bug report, please visit:
#   http://java.sun.com/webapps/bugreport/crash.jsp
# The crash happened outside the Java Virtual Machine in native code.
# See problematic frame for where to report the bug.
#

---------------  T H R E A D  ---------------

Current thread (0x00007f2fd8007000):  JavaThread "main" [_thread_in_native, id=19456, stack(0x00007f2fdc2c0000,0x00007f2fdc3c1000)]

siginfo:si_signo=SIGSEGV: si_errno=0, si_code=1 (SEGV_MAPERR), si_addr=0x0000000000000000

Registers:
RAX=0x0000000000000000, RBX=0x00007f2fc60fe010, RCX=0x0000000000000001, RDX=0x0000000000000003
RSP=0x00007f2fdc3be6b0, RBP=0x00007f2fc6127360, RSI=0x00007f2fc6cecd70, RDI=0x00007f2fdc3be650
R8 =0x0000000000000001, R9 =0x0000000000000008, R10=0x00007f2fc61274b0, R11=0x0000000000000000
R12=0x00007f2fc61275a0, R13=0x00007f2fc6127368, R14=0x00007f2fc61274b0, R15=0x00007f2fc6127708
RIP=0x00007f2fc672b6bd, EFL=0x0000000000010246, CSGSFS=0x0000000000000033, ERR=0x0000000000000004
  TRAPNO=0x000000000000000e

Register to memory mapping:

RAX=0x0000000000000000
0x0000000000000000 is pointing to unknown location

RBX=0x00007f2fc60fe010
0x00007f2fc60fe010 is pointing to unknown location

RCX=0x0000000000000001
0x0000000000000001 is pointing to unknown location

RDX=0x0000000000000003
0x0000000000000003 is pointing to unknown location

RSP=0x00007f2fdc3be6b0
0x00007f2fdc3be6b0 is pointing into the stack for thread: 0x00007f2fd8007000
"main" prio=10 tid=0x00007f2fd8007000 nid=0x4c00 runnable [0x00007f2fdc3bf000]
   java.lang.Thread.State: RUNNABLE

RBP=0x00007f2fc6127360
0x00007f2fc6127360 is pointing to unknown location

RSI=0x00007f2fc6cecd70
0x00007f2fc6cecd70: <offset 0x62fd70> in /opt/java/jre/lib/amd64/libJNI-knitro800.so at 0x00007f2fc66bd000

RDI=0x00007f2fdc3be650
0x00007f2fdc3be650 is pointing into the stack for thread: 0x00007f2fd8007000
"main" prio=10 tid=0x00007f2fd8007000 nid=0x4c00 runnable [0x00007f2fdc3bf000]
   java.lang.Thread.State: RUNNABLE

R8 =0x0000000000000001
0x0000000000000001 is pointing to unknown location

R9 =0x0000000000000008
0x0000000000000008 is pointing to unknown location

R10=0x00007f2fc61274b0
0x00007f2fc61274b0 is pointing to unknown location

R11=0x0000000000000000
0x0000000000000000 is pointing to unknown location

R12=0x00007f2fc61275a0
0x00007f2fc61275a0 is pointing to unknown location

R13=0x00007f2fc6127368
0x00007f2fc6127368 is pointing to unknown location

R14=0x00007f2fc61274b0
0x00007f2fc61274b0 is pointing to unknown location

R15=0x00007f2fc6127708
0x00007f2fc6127708 is pointing to unknown location


Top of Stack: (sp=0x00007f2fdc3be6b0)
0x00007f2fdc3be6b0:   00007f2fc5f76010 00007f2fc6127360
0x00007f2fdc3be6c0:   00007f2fd823a480 00007f2fc6127380
0x00007f2fdc3be6d0:   00007f2fc6127388 00007f2fd823abf0
0x00007f2fdc3be6e0:   00007f2fc61274b0 00007f2fc6127708
0x00007f2fdc3be6f0:   00007f2fc61275a0 00007f2fc60fe010
0x00007f2fdc3be700:   0000000500000002 0000000100000000
0x00007f2fdc3be710:   00007f2fc66c32d8 00007f2f00000000
0x00007f2fdc3be720:   0000000000000000 00007f2fd8211428
0x00007f2fdc3be730:   0000000090394ca4 00007f2fd8211430
0x00007f2fdc3be740:   00007f2fd82110d0 00007f2fc66dfbf9
0x00007f2fdc3be750:   0000000006b2778a 0000000000000000
0x00007f2fdc3be760:   00007f2fc66c7fd0 00007f2fd82110d0
0x00007f2fdc3be770:   00007f2f00000001 00007f2f00000310
0x00007f2fdc3be780:   00007f2fdc3be7b0 00007fff76bff9f5
0x00007f2fdc3be790:   0000000000000000 00007f2fdc3be7c0
0x00007f2fdc3be7a0:   00007f2fd8228d90 0000000000000000
0x00007f2fdc3be7b0:   00000000000002a0 00000003c678f850
0x00007f2fdc3be7c0:   000000005057aead 00007f2fc6127350
0x00007f2fdc3be7d0:   00007f2fc6127730 000000000000001c
0x00007f2fdc3be7e0:   00007f2fdc3be828 00007f2fdc3be830
0x00007f2fdc3be7f0:   00007f2fdc3be838 00007f2fc6127380
0x00007f2fdc3be800:   00007f2fc61277e0 00007f2fc6127388
0x00007f2fdc3be810:   00007f2fdc3be820 00007f2fc61273b0
0x00007f2fdc3be820:   0000000000000000 0000000000000000
0x00007f2fdc3be830:   00007f2fc60fe010 0000000000000001
0x00007f2fdc3be840:   4059800000000000 0000000000000000
0x00007f2fdc3be850:   0000000000000048 000000000000001c
0x00007f2fdc3be860:   000000000000000e 00007f2fc60fe010
0x00007f2fdc3be870:   0000000000000001 0000000000000000
0x00007f2fdc3be880:   000000000000001c 0000000000000000
0x00007f2fdc3be890:   0000000000000310 00007f2fc6715cee
0x00007f2fdc3be8a0:   00007f2fc6126b08 00007f2fc60fe610 

Instructions: (pc=0x00007f2fc672b6bd)
0x00007f2fc672b6ad:   02 00 8b 94 24 0c 01 00 00 48 8d 35 b3 16 5c 00
0x00007f2fc672b6bd:   48 8b 38 31 c0 e8 a9 1d fe ff 8b b3 2c 8c 02 00 

Stack: [0x00007f2fdc2c0000,0x00007f2fdc3c1000],  sp=0x00007f2fdc3be6b0,  free space=1017k
Native frames: (J=compiled Java code, j=interpreted, Vv=VM code, C=native code)
C  [libJNI-knitro800.so+0x6e6bd]  ktr_x2290
+0xf2d

Java frames: (J=compiled Java code, j=interpreted, Vv=VM code)
j  com.ziena.knitro.KnitroJava.nativeMipSolve_(II[D[D[D[D[D[D[D)I+0
j  com.ziena.knitro.KnitroJava.mipSolve(I[D[D[D[D[D)I+71
j  frameworks.faulttolerance.solver.KnitroAllocationSolver.solveProb(Z)[D+177
j  frameworks.faulttolerance.solver.KnitroAllocationSolver.main([Ljava/lang/String;)V+133
v  ~StubRoutines::call_stub

---------------  P R O C E S S  ---------------

Java Threads: ( => current thread )
  0x00007f2fd8090800 JavaThread "Low Memory Detector" daemon [_thread_blocked, id=19467, stack(0x00007f2fc70d3000,0x00007f2fc71d4000)]
  0x00007f2fd808e800 JavaThread "CompilerThread1" daemon [_thread_blocked, id=19466, stack(0x00007f2fc71d4000,0x00007f2fc72d5000)]
  0x00007f2fd808b800 JavaThread "CompilerThread0" daemon [_thread_blocked, id=19465, stack(0x00007f2fc72d5000,0x00007f2fc73d6000)]
  0x00007f2fd8089800 JavaThread "Signal Dispatcher" daemon [_thread_blocked, id=19464, stack(0x00007f2fc73d6000,0x00007f2fc74d7000)]
  0x00007f2fd806d000 JavaThread "Finalizer" daemon [_thread_blocked, id=19463, stack(0x00007f2fc7660000,0x00007f2fc7761000)]
  0x00007f2fd806b000 JavaThread "Reference Handler" daemon [_thread_blocked, id=19462, stack(0x00007f2fc7761000,0x00007f2fc7862000)]
=>0x00007f2fd8007000 JavaThread "main" [_thread_in_native, id=19456, stack(0x00007f2fdc2c0000,0x00007f2fdc3c1000)]

Other Threads:
  0x00007f2fd8064800 VMThread [stack: 0x00007f2fc7862000,0x00007f2fc7963000] [id=19461]
  0x00007f2fd8093800 WatcherThread [stack: 0x00007f2fc6fd2000,0x00007f2fc70d3000] [id=19468]

VM state:not at safepoint (normal execution)

VM Mutex/Monitor currently owned by a thread: None

Heap
 PSYoungGen      total 17920K, used 3153K [0x00000000ec000000, 0x00000000ed400000, 0x0000000100000000)
  eden space 15360K, 20% used [0x00000000ec000000,0x00000000ec314750,0x00000000ecf00000)
  from space 2560K, 0% used [0x00000000ed180000,0x00000000ed180000,0x00000000ed400000)
  to   space 2560K, 0% used [0x00000000ecf00000,0x00000000ecf00000,0x00000000ed180000)
 PSOldGen        total 40960K, used 0K [0x00000000c4000000, 0x00000000c6800000, 0x00000000ec000000)
  object space 40960K, 0% used [0x00000000c4000000,0x00000000c4000000,0x00000000c6800000)
 PSPermGen       total 21248K, used 3521K [0x00000000bee00000, 0x00000000c02c0000, 0x00000000c4000000)
  object space 21248K, 16% used [0x00000000bee00000,0x00000000bf1704f8,0x00000000c02c0000)

Dynamic libraries:
40000000-40009000 r-xp 00000000 08:05 149531                             /opt/java/jre/bin/java
40108000-4010a000 rwxp 00008000 08:05 149531                             /opt/java/jre/bin/java
40c02000-40c23000 rwxp 00000000 00:00 0                                  [heap]
bee00000-c02c0000 rwxp 00000000 00:00 0 
c02c0000-c4000000 rwxp 00000000 00:00 0 
c4000000-c6800000 rwxp 00000000 00:00 0 
c6800000-ec000000 rwxp 00000000 00:00 0 
ec000000-ed400000 rwxp 00000000 00:00 0 
ed400000-100000000 rwxp 00000000 00:00 0 
7f2f9c000000-7f2f9c021000 rwxp 00000000 00:00 0 
7f2f9c021000-7f2fa0000000 ---p 00000000 00:00 0 
7f2fa4000000-7f2fa408a000 rwxp 00000000 00:00 0 
7f2fa408a000-7f2fa8000000 ---p 00000000 00:00 0 
7f2fa8000000-7f2fa8021000 rwxp 00000000 00:00 0 
7f2fa8021000-7f2fac000000 ---p 00000000 00:00 0 
7f2fac000000-7f2fac021000 rwxp 00000000 00:00 0 
7f2fac021000-7f2fb0000000 ---p 00000000 00:00 0 
7f2fb0000000-7f2fb01b5000 rwxp 00000000 00:00 0 
7f2fb01b5000-7f2fb4000000 ---p 00000000 00:00 0 
7f2fb4000000-7f2fb4021000 rwxp 00000000 00:00 0 
7f2fb4021000-7f2fb8000000 ---p 00000000 00:00 0 
7f2fb8000000-7f2fb8021000 rwxp 00000000 00:00 0 
7f2fb8021000-7f2fbc000000 ---p 00000000 00:00 0 
7f2fbc000000-7f2fbc021000 rwxp 00000000 00:00 0 
7f2fbc021000-7f2fc0000000 ---p 00000000 00:00 0 
7f2fc0000000-7f2fc0021000 rwxp 00000000 00:00 0 
7f2fc0021000-7f2fc4000000 ---p 00000000 00:00 0 
7f2fc5dee000-7f2fc6154000 rwxp 00000000 00:00 0 
7f2fc6154000-7f2fc6169000 r-xp 00000000 08:05 52312                      /usr/lib/libgcc_s.so.1
7f2fc6169000-7f2fc6368000 ---p 00015000 08:05 52312                      /usr/lib/libgcc_s.so.1
7f2fc6368000-7f2fc6369000 rwxp 00014000 08:05 52312                      /usr/lib/libgcc_s.so.1
7f2fc6369000-7f2fc644e000 r-xp 00000000 08:05 21104                      /usr/lib/libstdc++.so.6.0.17
7f2fc644e000-7f2fc664d000 ---p 000e5000 08:05 21104                      /usr/lib/libstdc++.so.6.0.17
7f2fc664d000-7f2fc6655000 r-xp 000e4000 08:05 21104                      /usr/lib/libstdc++.so.6.0.17
7f2fc6655000-7f2fc6657000 rwxp 000ec000 08:05 21104                      /usr/lib/libstdc++.so.6.0.17
7f2fc6657000-7f2fc666c000 rwxp 00000000 00:00 0 
7f2fc6692000-7f2fc66bd000 rwxp 00000000 00:00 0 
7f2fc66bd000-7f2fc6d59000 r-xp 00000000 08:05 289171                     /opt/java/jre/lib/amd64/libJNI-knitro800.so
7f2fc6d59000-7f2fc6f58000 ---p 0069c000 08:05 289171                     /opt/java/jre/lib/amd64/libJNI-knitro800.so
7f2fc6f58000-7f2fc6f66000 rwxp 0069b000 08:05 289171                     /opt/java/jre/lib/amd64/libJNI-knitro800.so
7f2fc6f66000-7f2fc6f77000 rwxp 00000000 00:00 0 
7f2fc6f77000-7f2fc6fd2000 r-xs 00501000 08:04 1392656                    /droop/Boulot/workspace/DimaX/lib/choco-solver-2.1.3-with-sources.jar
7f2fc6fd2000-7f2fc6fd3000 ---p 00000000 00:00 0 
7f2fc6fd3000-7f2fc70d3000 rwxp 00000000 00:00 0                          [stack:19468]
7f2fc70d3000-7f2fc70d6000 ---p 00000000 00:00 0 
7f2fc70d6000-7f2fc71d4000 rwxp 00000000 00:00 0                          [stack:19467]
7f2fc71d4000-7f2fc71d7000 ---p 00000000 00:00 0 
7f2fc71d7000-7f2fc72d5000 rwxp 00000000 00:00 0                          [stack:19466]
7f2fc72d5000-7f2fc72d8000 ---p 00000000 00:00 0 
7f2fc72d8000-7f2fc73d6000 rwxp 00000000 00:00 0                          [stack:19465]
7f2fc73d6000-7f2fc73d9000 ---p 00000000 00:00 0 
7f2fc73d9000-7f2fc74d7000 rwxp 00000000 00:00 0                          [stack:19464]
7f2fc74d7000-7f2fc7660000 r-xp 00000000 08:05 289167                     /usr/lib/locale/locale-archive
7f2fc7660000-7f2fc7663000 ---p 00000000 00:00 0 
7f2fc7663000-7f2fc7761000 rwxp 00000000 00:00 0                          [stack:19463]
7f2fc7761000-7f2fc7764000 ---p 00000000 00:00 0 
7f2fc7764000-7f2fc7862000 rwxp 00000000 00:00 0                          [stack:19462]
7f2fc7862000-7f2fc7863000 ---p 00000000 00:00 0 
7f2fc7863000-7f2fc7e68000 rwxp 00000000 00:00 0                          [stack:19461]
7f2fc7e68000-7f2fc8000000 r-xs 03027000 08:05 149317                     /opt/java/jre/lib/rt.jar
7f2fc8000000-7f2fc8021000 rwxp 00000000 00:00 0 
7f2fc8021000-7f2fcc000000 ---p 00000000 00:00 0 
7f2fcc000000-7f2fcc021000 rwxp 00000000 00:00 0 
7f2fcc021000-7f2fd0000000 ---p 00000000 00:00 0 
7f2fd0000000-7f2fd0021000 rwxp 00000000 00:00 0 
7f2fd0021000-7f2fd4000000 ---p 00000000 00:00 0 
7f2fd4011000-7f2fd4012000 rwxp 00000000 00:00 0 
7f2fd4012000-7f2fd4013000 r-xs 00003000 08:04 18579583                   /droop/Boulot/workspace/DimaX/lib/knitro-8.0.0-z/examples/Java/knitro800java.jar
7f2fd4013000-7f2fd401a000 r-xs 00048000 08:04 1392662                    /droop/Boulot/workspace/DimaX/lib/smackx-jingle.jar
7f2fd401a000-7f2fd4028000 r-xs 00095000 08:04 1392663                    /droop/Boulot/workspace/DimaX/lib/smackx.jar
7f2fd4028000-7f2fd402a000 r-xs 0000c000 08:04 1392658                    /droop/Boulot/workspace/DimaX/lib/smackx-debug.jar
7f2fd402a000-7f2fd4030000 r-xs 00046000 08:04 1392645                    /droop/Boulot/workspace/DimaX/lib/smack.jar
7f2fd4030000-7f2fd4031000 ---p 00000000 00:00 0 
7f2fd4031000-7f2fd4131000 rwxp 00000000 00:00 0                          [stack:19460]
7f2fd4131000-7f2fd4132000 ---p 00000000 00:00 0 
7f2fd4132000-7f2fd4232000 rwxp 00000000 00:00 0                          [stack:19459]
7f2fd4232000-7f2fd4233000 ---p 00000000 00:00 0 
7f2fd4233000-7f2fd4333000 rwxp 00000000 00:00 0                          [stack:19458]
7f2fd4333000-7f2fd4334000 ---p 00000000 00:00 0 
7f2fd4334000-7f2fd4448000 rwxp 00000000 00:00 0                          [stack:19457]
7f2fd4448000-7f2fd4574000 rwxp 00000000 00:00 0 
7f2fd4574000-7f2fd457f000 rwxp 00000000 00:00 0 
7f2fd457f000-7f2fd459d000 rwxp 00000000 00:00 0 
7f2fd459d000-7f2fd45b1000 rwxp 00000000 00:00 0 
7f2fd45b1000-7f2fd46dd000 rwxp 00000000 00:00 0 
7f2fd46dd000-7f2fd46e7000 rwxp 00000000 00:00 0 
7f2fd46e7000-7f2fd477d000 rwxp 00000000 00:00 0 
7f2fd477d000-7f2fd49ee000 rwxp 00000000 00:00 0 
7f2fd49ee000-7f2fd777e000 rwxp 00000000 00:00 0 
7f2fd777e000-7f2fd778c000 r-xp 00000000 08:05 149409                     /opt/java/jre/lib/amd64/libzip.so
7f2fd778c000-7f2fd788e000 ---p 0000e000 08:05 149409                     /opt/java/jre/lib/amd64/libzip.so
7f2fd788e000-7f2fd7891000 rwxp 00010000 08:05 149409                     /opt/java/jre/lib/amd64/libzip.so
7f2fd7891000-7f2fd7892000 rwxp 00000000 00:00 0 
7f2fd7892000-7f2fd789e000 r-xp 00000000 08:05 18563                      /lib/libnss_files-2.16.so
7f2fd789e000-7f2fd7a9d000 ---p 0000c000 08:05 18563                      /lib/libnss_files-2.16.so
7f2fd7a9d000-7f2fd7a9e000 r-xp 0000b000 08:05 18563                      /lib/libnss_files-2.16.so
7f2fd7a9e000-7f2fd7a9f000 rwxp 0000c000 08:05 18563                      /lib/libnss_files-2.16.so
7f2fd7a9f000-7f2fd7aa6000 r-xp 00000000 08:05 149406                     /opt/java/jre/lib/amd64/native_threads/libhpi.so
7f2fd7aa6000-7f2fd7ba7000 ---p 00007000 08:05 149406                     /opt/java/jre/lib/amd64/native_threads/libhpi.so
7f2fd7ba7000-7f2fd7ba9000 rwxp 00008000 08:05 149406                     /opt/java/jre/lib/amd64/native_threads/libhpi.so
7f2fd7ba9000-7f2fd7baa000 rwxp 00000000 00:00 0 
7f2fd7baa000-7f2fd7bbf000 r-xp 00000000 08:05 18588                      /lib/libnsl-2.16.so
7f2fd7bbf000-7f2fd7dbe000 ---p 00015000 08:05 18588                      /lib/libnsl-2.16.so
7f2fd7dbe000-7f2fd7dbf000 r-xp 00014000 08:05 18588                      /lib/libnsl-2.16.so
7f2fd7dbf000-7f2fd7dc0000 rwxp 00015000 08:05 18588                      /lib/libnsl-2.16.so
7f2fd7dc0000-7f2fd7dc2000 rwxp 00000000 00:00 0 
7f2fd7dc2000-7f2fd7deb000 r-xp 00000000 08:05 149413                     /opt/java/jre/lib/amd64/libjava.so
7f2fd7deb000-7f2fd7eea000 ---p 00029000 08:05 149413                     /opt/java/jre/lib/amd64/libjava.so
7f2fd7eea000-7f2fd7ef1000 rwxp 00028000 08:05 149413                     /opt/java/jre/lib/amd64/libjava.so
7f2fd7ef1000-7f2fd7efe000 r-xp 00000000 08:05 149370                     /opt/java/jre/lib/amd64/libverify.so
7f2fd7efe000-7f2fd7ffd000 ---p 0000d000 08:05 149370                     /opt/java/jre/lib/amd64/libverify.so
7f2fd7ffd000-7f2fd8000000 rwxp 0000c000 08:05 149370                     /opt/java/jre/lib/amd64/libverify.so
7f2fd8000000-7f2fd823c000 rwxp 00000000 00:00 0 
7f2fd823c000-7f2fdc000000 ---p 00000000 00:00 0 
7f2fdc000000-7f2fdc005000 r-xs 00030000 08:04 1392649                    /droop/Boulot/workspace/DimaX/lib/rdf-api-2001-01-19.jar
7f2fdc005000-7f2fdc008000 r-xs 0001a000 08:04 1392653                    /droop/Boulot/workspace/DimaX/lib/junit.jar
7f2fdc008000-7f2fdc011000 r-xs 00083000 08:04 1392655                    /droop/Boulot/workspace/DimaX/lib/jtp.jar
7f2fdc011000-7f2fdc014000 r-xs 0002b000 08:04 1392646                    /droop/Boulot/workspace/DimaX/lib/jsch-0.1.42.jar
7f2fdc014000-7f2fdc030000 r-xs 000fc000 08:04 1392648                    /droop/Boulot/workspace/DimaX/lib/jena.jar
7f2fdc030000-7f2fdc033000 r-xs 0001f000 08:04 1392661                    /droop/Boulot/workspace/DimaX/lib/jdom.jar
7f2fdc033000-7f2fdc09a000 rwxp 00000000 00:00 0 
7f2fdc09a000-7f2fdc0b8000 rwxp 00000000 00:00 0 
7f2fdc0b8000-7f2fdc0bf000 r-xp 00000000 08:05 18562                      /lib/librt-2.16.so
7f2fdc0bf000-7f2fdc2be000 ---p 00007000 08:05 18562                      /lib/librt-2.16.so
7f2fdc2be000-7f2fdc2bf000 r-xp 00006000 08:05 18562                      /lib/librt-2.16.so
7f2fdc2bf000-7f2fdc2c0000 rwxp 00007000 08:05 18562                      /lib/librt-2.16.so
7f2fdc2c0000-7f2fdc2c3000 ---p 00000000 00:00 0 
7f2fdc2c3000-7f2fdc3c1000 rwxp 00000000 00:00 0                          [stack:19456]
7f2fdc3c1000-7f2fdc4ba000 r-xp 00000000 08:05 18554                      /lib/libm-2.16.so
7f2fdc4ba000-7f2fdc6b9000 ---p 000f9000 08:05 18554                      /lib/libm-2.16.so
7f2fdc6b9000-7f2fdc6ba000 r-xp 000f8000 08:05 18554                      /lib/libm-2.16.so
7f2fdc6ba000-7f2fdc6bb000 rwxp 000f9000 08:05 18554                      /lib/libm-2.16.so
7f2fdc6bb000-7f2fdcef9000 r-xp 00000000 08:05 149372                     /opt/java/jre/lib/amd64/server/libjvm.so
7f2fdcef9000-7f2fdcff8000 ---p 0083e000 08:05 149372                     /opt/java/jre/lib/amd64/server/libjvm.so
7f2fdcff8000-7f2fdd18c000 rwxp 0083d000 08:05 149372                     /opt/java/jre/lib/amd64/server/libjvm.so
7f2fdd18c000-7f2fdd1c5000 rwxp 00000000 00:00 0 
7f2fdd1c5000-7f2fdd360000 r-xp 00000000 08:05 18566                      /lib/libc-2.16.so
7f2fdd360000-7f2fdd55f000 ---p 0019b000 08:05 18566                      /lib/libc-2.16.so
7f2fdd55f000-7f2fdd563000 r-xp 0019a000 08:05 18566                      /lib/libc-2.16.so
7f2fdd563000-7f2fdd565000 rwxp 0019e000 08:05 18566                      /lib/libc-2.16.so
7f2fdd565000-7f2fdd569000 rwxp 00000000 00:00 0 
7f2fdd569000-7f2fdd56c000 r-xp 00000000 08:05 18578                      /lib/libdl-2.16.so
7f2fdd56c000-7f2fdd76b000 ---p 00003000 08:05 18578                      /lib/libdl-2.16.so
7f2fdd76b000-7f2fdd76c000 r-xp 00002000 08:05 18578                      /lib/libdl-2.16.so
7f2fdd76c000-7f2fdd76d000 rwxp 00003000 08:05 18578                      /lib/libdl-2.16.so
7f2fdd76d000-7f2fdd784000 r-xp 00000000 08:05 18572                      /lib/libpthread-2.16.so
7f2fdd784000-7f2fdd983000 ---p 00017000 08:05 18572                      /lib/libpthread-2.16.so
7f2fdd983000-7f2fdd984000 r-xp 00016000 08:05 18572                      /lib/libpthread-2.16.so
7f2fdd984000-7f2fdd985000 rwxp 00017000 08:05 18572                      /lib/libpthread-2.16.so
7f2fdd985000-7f2fdd989000 rwxp 00000000 00:00 0 
7f2fdd989000-7f2fdd9aa000 r-xp 00000000 08:05 18589                      /lib/ld-2.16.so
7f2fdd9aa000-7f2fdd9b5000 rwxp 00000000 00:00 0 
7f2fdd9b5000-7f2fdda6b000 rwxp 00000000 00:00 0 
7f2fdda6b000-7f2fdda6e000 rwxp 00000000 00:00 0 
7f2fdda6e000-7f2fdda75000 r-xp 00000000 08:05 149415                     /opt/java/jre/lib/amd64/jli/libjli.so
7f2fdda75000-7f2fddb76000 ---p 00007000 08:05 149415                     /opt/java/jre/lib/amd64/jli/libjli.so
7f2fddb76000-7f2fddb78000 rwxp 00008000 08:05 149415                     /opt/java/jre/lib/amd64/jli/libjli.so
7f2fddb78000-7f2fddb7a000 rwxp 00000000 00:00 0 
7f2fddb7a000-7f2fddb8b000 r-xs 001f7000 08:04 1392644                    /droop/Boulot/workspace/DimaX/lib/icu4j.jar
7f2fddb8b000-7f2fddb95000 r-xs 00079000 08:04 1392647                    /droop/Boulot/workspace/DimaX/lib/dom4j-full.jar
7f2fddb95000-7f2fddb97000 r-xs 0000d000 08:04 1392654                    /droop/Boulot/workspace/DimaX/lib/dl.jar
7f2fddb97000-7f2fddb9c000 r-xs 00020000 08:04 1392657                    /droop/Boulot/workspace/DimaX/lib/concurrent-1.3.0.jar
7f2fddb9c000-7f2fddb9f000 r-xs 00016000 08:04 1392660                    /droop/Boulot/workspace/DimaX/lib/antlr.debug.jar
7f2fddb9f000-7f2fddba7000 rwxs 00000000 08:05 76458                      /tmp/hsperfdata_droop/19451
7f2fddba7000-7f2fddba8000 rwxp 00000000 00:00 0 
7f2fddba8000-7f2fddba9000 r-xp 00000000 00:00 0 
7f2fddba9000-7f2fddbaa000 rwxp 00000000 00:00 0 
7f2fddbaa000-7f2fddbab000 r-xp 00021000 08:05 18589                      /lib/ld-2.16.so
7f2fddbab000-7f2fddbac000 rwxp 00022000 08:05 18589                      /lib/ld-2.16.so
7f2fddbac000-7f2fddbad000 rwxp 00000000 00:00 0 
7fff76b39000-7fff76b5a000 rwxp 00000000 00:00 0                          [stack]
7fff76bff000-7fff76c00000 r-xp 00000000 00:00 0                          [vdso]
ffffffffff600000-ffffffffff601000 r-xp 00000000 00:00 0                  [vsyscall]

VM Arguments:
jvm_args: -ea -Dfile.encoding=UTF-8 
java_command: frameworks.faulttolerance.solver.KnitroAllocationSolver
Launcher Type: SUN_STANDARD

Environment Variables:
JAVA_HOME=/opt/java
PATH=/usr/local/bin:/usr/bin:/bin:/usr/local/sbin:/usr/sbin:/sbin:/opt/android-sdk/platform-tools:/opt/android-sdk/tools:/opt/java/bin:/opt/java/db/bin:/opt/java/jre/bin:/home/droop/.local/bin
LD_LIBRARY_PATH=/opt/java/jre/lib/amd64/server:/opt/java/jre/lib/amd64:/opt/java/jre/../lib/amd64
SHELL=/bin/bash
DISPLAY=:0

Signal Handlers:
SIGSEGV: [libjvm.so+0x791b30], sa_mask[0]=0x7ffbfeff, sa_flags=0x10000004
SIGBUS: [libjvm.so+0x791b30], sa_mask[0]=0x7ffbfeff, sa_flags=0x10000004
SIGFPE: [libjvm.so+0x640ba0], sa_mask[0]=0x7ffbfeff, sa_flags=0x10000004
SIGPIPE: [libjvm.so+0x640ba0], sa_mask[0]=0x7ffbfeff, sa_flags=0x10000004
SIGXFSZ: [libjvm.so+0x640ba0], sa_mask[0]=0x7ffbfeff, sa_flags=0x10000004
SIGILL: [libjvm.so+0x640ba0], sa_mask[0]=0x7ffbfeff, sa_flags=0x10000004
SIGUSR1: SIG_DFL, sa_mask[0]=0x00000000, sa_flags=0x00000000
SIGUSR2: [libjvm.so+0x643780], sa_mask[0]=0x00000004, sa_flags=0x10000004
SIGHUP: [libjvm.so+0x643380], sa_mask[0]=0x7ffbfeff, sa_flags=0x10000004
SIGINT: [libjvm.so+0x643380], sa_mask[0]=0x7ffbfeff, sa_flags=0x10000004
SIGTERM: [libjvm.so+0x643380], sa_mask[0]=0x7ffbfeff, sa_flags=0x10000004
SIGQUIT: [libjvm.so+0x643380], sa_mask[0]=0x7ffbfeff, sa_flags=0x10000004


---------------  S Y S T E M  ---------------

OS:Linux
uname:Linux 3.4.7-1-ARCH #1 SMP PREEMPT Sun Jul 29 22:02:56 CEST 2012 x86_64
libc:glibc 2.16 NPTL 2.16 
rlimit: STACK 8192k, CORE 0k, NPROC 30661, NOFILE 4096, AS infinity
load average:0.59 0.56 0.59

/proc/meminfo:
MemTotal:        3930052 kB
MemFree:          142272 kB
Buffers:           67852 kB
Cached:           403244 kB
SwapCached:       210168 kB
Active:          2436384 kB
Inactive:        1105288 kB
Active(anon):    2334968 kB
Inactive(anon):   957284 kB
Active(file):     101416 kB
Inactive(file):   148004 kB
Unevictable:          68 kB
Mlocked:              68 kB
SwapTotal:       8190972 kB
SwapFree:        6661828 kB
Dirty:               812 kB
Writeback:             0 kB
AnonPages:       3020304 kB
Mapped:           158240 kB
Shmem:            221676 kB
Slab:              82728 kB
SReclaimable:      41188 kB
SUnreclaim:        41540 kB
KernelStack:        4296 kB
PageTables:        68204 kB
NFS_Unstable:          0 kB
Bounce:                0 kB
WritebackTmp:          0 kB
CommitLimit:    10155996 kB
Committed_AS:    7745844 kB
VmallocTotal:   34359738367 kB
VmallocUsed:      380128 kB
VmallocChunk:   34359274543 kB
HardwareCorrupted:     0 kB
AnonHugePages:   1210368 kB
HugePages_Total:       0
HugePages_Free:        0
HugePages_Rsvd:        0
HugePages_Surp:        0
Hugepagesize:       2048 kB
DirectMap4k:       14144 kB
DirectMap2M:     4061184 kB


CPU:total 4 (2 cores per cpu, 2 threads per core) family 6 model 42 stepping 7, cmov, cx8, fxsr, mmx, sse, sse2, sse3, ssse3, sse4.1, sse4.2, popcnt, ht

Memory: 4k page, physical 3930052k(142272k free), swap 8190972k(6661828k free)

vm_info: Java HotSpot(TM) 64-Bit Server VM (19.1-b02) for linux-amd64 JRE (1.6.0_24-b07), built on Feb  2 2011 16:55:54 by "java_re" with gcc 3.2.2 (SuSE Linux)

time: Tue Sep 18 01:13:49 2012
elapsed time: 0 seconds

