#
# A fatal error has been detected by the Java Runtime Environment:
#
#  SIGSEGV (0xb) at pc=0x00007f42f059a037, pid=18371, tid=139925641504512
#
# JRE version: 6.0_24-b07
# Java VM: Java HotSpot(TM) 64-Bit Server VM (19.1-b02 mixed mode linux-amd64 compressed oops)
# Problematic frame:
# C  [libJNI-knitro800.so+0x56037]  ktr_x228e
+0xc57
#
# If you would like to submit a bug report, please visit:
#   http://java.sun.com/webapps/bugreport/crash.jsp
# The crash happened outside the Java Virtual Machine in native code.
# See problematic frame for where to report the bug.
#

---------------  T H R E A D  ---------------

Current thread (0x00007f42f4007000):  JavaThread "main" [_thread_in_native, id=18376, stack(0x00007f42fa182000,0x00007f42fa283000)]

siginfo:si_signo=SIGSEGV: si_errno=0, si_code=1 (SEGV_MAPERR), si_addr=0x0000000000000000

Registers:
RAX=0x0000000000000000, RBX=0x00007f42f42d6f30, RCX=0x0000000000000000, RDX=0x0000000000000003
RSP=0x00007f42fa280a00, RBP=0x00007f42f4300260, RSI=0x00007f42f0b73638, RDI=0x00007f42fa2809a0
R8 =0x0000000000000001, R9 =0x0000000000000006, R10=0x00007f42f43002e0, R11=0x00000000000000d7
R12=0x00007f42f43004c0, R13=0x00007f42f4300268, R14=0x00007f42f43002e0, R15=0x0000000000000000
RIP=0x00007f42f059a037, EFL=0x0000000000010246, CSGSFS=0x0000000000000033, ERR=0x0000000000000004
  TRAPNO=0x000000000000000e

Register to memory mapping:

RAX=0x0000000000000000
0x0000000000000000 is pointing to unknown location

RBX=0x00007f42f42d6f30
0x00007f42f42d6f30 is pointing to unknown location

RCX=0x0000000000000000
0x0000000000000000 is pointing to unknown location

RDX=0x0000000000000003
0x0000000000000003 is pointing to unknown location

RSP=0x00007f42fa280a00
0x00007f42fa280a00 is pointing into the stack for thread: 0x00007f42f4007000
"main" prio=10 tid=0x00007f42f4007000 nid=0x47c8 runnable [0x00007f42fa281000]
   java.lang.Thread.State: RUNNABLE

RBP=0x00007f42f4300260
0x00007f42f4300260 is pointing to unknown location

RSI=0x00007f42f0b73638
0x00007f42f0b73638: <offset 0x62f638> in /opt/java/jre/lib/amd64/libJNI-knitro800.so at 0x00007f42f0544000

RDI=0x00007f42fa2809a0
0x00007f42fa2809a0 is pointing into the stack for thread: 0x00007f42f4007000
"main" prio=10 tid=0x00007f42f4007000 nid=0x47c8 runnable [0x00007f42fa281000]
   java.lang.Thread.State: RUNNABLE

R8 =0x0000000000000001
0x0000000000000001 is pointing to unknown location

R9 =0x0000000000000006
0x0000000000000006 is pointing to unknown location

R10=0x00007f42f43002e0
0x00007f42f43002e0 is pointing to unknown location

R11=0x00000000000000d7
0x00000000000000d7 is pointing to unknown location

R12=0x00007f42f43004c0
0x00007f42f43004c0 is pointing to unknown location

R13=0x00007f42f4300268
0x00007f42f4300268 is pointing to unknown location

R14=0x00007f42f43002e0
0x00007f42f43002e0 is pointing to unknown location

R15=0x0000000000000000
0x0000000000000000 is pointing to unknown location


Top of Stack: (sp=0x00007f42fa280a00)
0x00007f42fa280a00:   00007f42f4211ba0 00007f42f4300260
0x00007f42fa280a10:   00007f42f430fc60 00007f42f4300290
0x00007f42fa280a20:   00007f42f4300298 00007f42f43104e0
0x00007f42fa280a30:   00007f42f43002e0 00007f42f4300600
0x00007f42fa280a40:   00007f42f43004c0 00007f42f42d6f30
0x00007f42fa280a50:   00007f4200000001 00007f42f42ffa38
0x00007f42fa280a60:   00000000000002a0 00007f42f0616850
0x00007f42fa280a70:   000000005057ac14 0000000000000003
0x00007f42fa280a80:   0000000000000000 00007f42f4300250
0x00007f42fa280a90:   00007f42f4300650 0000001bf06168db
0x00007f42fa280aa0:   00007f42fa280ae8 00007f42fa280af0
0x00007f42fa280ab0:   00007f42fa280af8 00007f42f4300290
0x00007f42fa280ac0:   00007f42f43006f8 00007f42f4300298
0x00007f42fa280ad0:   00007f42fa280ae0 00007f42f43002b8
0x00007f42fa280ae0:   0000000000000000 0000000000000000
0x00007f42fa280af0:   0000000000000000 0000000000000078
0x00007f42fa280b00:   4042800000000000 0000000000000000
0x00007f42fa280b10:   0000000000000039 000000000000001b
0x00007f42fa280b20:   00007f42f42d7680 00007f42f42d6f30
0x00007f42fa280b30:   00007f42f42d7680 00007f42f42ffa38
0x00007f42fa280b40:   00007f42f42d7450 00007f42f42d7684
0x00007f42fa280b50:   00007f42f42ffc68 00007f42f05b8210
0x00007f42fa280b60:   00007f42f420ba80 00007f42f42d6480
0x00007f42fa280b70:   00007f42fa280fd8 00007f42fa280fd0
0x00007f42fa280b80:   00007f4200000012 00007f420000000f
0x00007f42fa280b90:   00007f42f420bce0 00007f4200000009
0x00007f42fa280ba0:   00007f4200000003 00007f42f4303270
0x00007f42fa280bb0:   00007f42f42d6160 00007f42f42d6120
0x00007f42fa280bc0:   0000000000000000 00007f4200000000
0x00007f42fa280bd0:   00007f4200000000 00007f42f42ffb08
0x00007f42fa280be0:   00007f42f42d5cb0 00007f4200000001
0x00007f42fa280bf0:   00007f42f42ffa28 00007f42f43035c0 

Instructions: (pc=0x00007f42f059a037)
0x00007f42f059a027:   9e 02 00 8b 54 24 78 48 8d 35 03 96 5d 00 31 c0
0x00007f42f059a037:   49 8b 3f e8 31 a4 ff ff e9 1c fe ff ff 0f 1f 40 

Stack: [0x00007f42fa182000,0x00007f42fa283000],  sp=0x00007f42fa280a00,  free space=1018k
Native frames: (J=compiled Java code, j=interpreted, Vv=VM code, C=native code)
C  [libJNI-knitro800.so+0x56037]  ktr_x228e
+0xc57

Java frames: (J=compiled Java code, j=interpreted, Vv=VM code)
J  com.ziena.knitro.KnitroJava.nativeMipSolve_(II[D[D[D[D[D[D[D)I
J  frameworks.faulttolerance.solver.KnitroAllocationSolver.solveProb(Z)[D
j  frameworks.faulttolerance.solver.KnitroAllocationSolver.main([Ljava/lang/String;)V+138
v  ~StubRoutines::call_stub

---------------  P R O C E S S  ---------------

Java Threads: ( => current thread )
  0x00007f42f4090800 JavaThread "Low Memory Detector" daemon [_thread_blocked, id=18387, stack(0x00007f42f0eff000,0x00007f42f1000000)]
  0x00007f42f408e800 JavaThread "CompilerThread1" daemon [_thread_blocked, id=18386, stack(0x00007f42f80f9000,0x00007f42f81fa000)]
  0x00007f42f408b800 JavaThread "CompilerThread0" daemon [_thread_blocked, id=18385, stack(0x00007f42f81fa000,0x00007f42f82fb000)]
  0x00007f42f4089800 JavaThread "Signal Dispatcher" daemon [_thread_blocked, id=18384, stack(0x00007f42f82fb000,0x00007f42f83fc000)]
  0x00007f42f406d000 JavaThread "Finalizer" daemon [_thread_blocked, id=18383, stack(0x00007f42f8585000,0x00007f42f8686000)]
  0x00007f42f406b000 JavaThread "Reference Handler" daemon [_thread_blocked, id=18382, stack(0x00007f42f8686000,0x00007f42f8787000)]
=>0x00007f42f4007000 JavaThread "main" [_thread_in_native, id=18376, stack(0x00007f42fa182000,0x00007f42fa283000)]

Other Threads:
  0x00007f42f4064800 VMThread [stack: 0x00007f42f8787000,0x00007f42f8888000] [id=18381]
  0x00007f42f40a3800 WatcherThread [stack: 0x00007f42f0dfe000,0x00007f42f0eff000] [id=18388]

VM state:not at safepoint (normal execution)

VM Mutex/Monitor currently owned by a thread: None

Heap
 PSYoungGen      total 17920K, used 10727K [0x00000000ec000000, 0x00000000ed400000, 0x0000000100000000)
  eden space 15360K, 67% used [0x00000000ec000000,0x00000000eca19f90,0x00000000ecf00000)
  from space 2560K, 15% used [0x00000000ecf00000,0x00000000ecf60020,0x00000000ed180000)
  to   space 2560K, 0% used [0x00000000ed180000,0x00000000ed180000,0x00000000ed400000)
 PSOldGen        total 40960K, used 0K [0x00000000c4000000, 0x00000000c6800000, 0x00000000ec000000)
  object space 40960K, 0% used [0x00000000c4000000,0x00000000c4000000,0x00000000c6800000)
 PSPermGen       total 21248K, used 3550K [0x00000000bee00000, 0x00000000c02c0000, 0x00000000c4000000)
  object space 21248K, 16% used [0x00000000bee00000,0x00000000bf177918,0x00000000c02c0000)

Dynamic libraries:
40000000-40009000 r-xp 00000000 08:05 149531                             /opt/java/jre/bin/java
40108000-4010a000 rwxp 00008000 08:05 149531                             /opt/java/jre/bin/java
4166d000-4168e000 rwxp 00000000 00:00 0                                  [heap]
bee00000-c02c0000 rwxp 00000000 00:00 0 
c02c0000-c4000000 rwxp 00000000 00:00 0 
c4000000-c6800000 rwxp 00000000 00:00 0 
c6800000-ec000000 rwxp 00000000 00:00 0 
ec000000-ed400000 rwxp 00000000 00:00 0 
ed400000-100000000 rwxp 00000000 00:00 0 
7f42bc000000-7f42bc021000 rwxp 00000000 00:00 0 
7f42bc021000-7f42c0000000 ---p 00000000 00:00 0 
7f42c4000000-7f42c4252000 rwxp 00000000 00:00 0 
7f42c4252000-7f42c8000000 ---p 00000000 00:00 0 
7f42c8000000-7f42c8021000 rwxp 00000000 00:00 0 
7f42c8021000-7f42cc000000 ---p 00000000 00:00 0 
7f42cc000000-7f42cc021000 rwxp 00000000 00:00 0 
7f42cc021000-7f42d0000000 ---p 00000000 00:00 0 
7f42d0000000-7f42d01e7000 rwxp 00000000 00:00 0 
7f42d01e7000-7f42d4000000 ---p 00000000 00:00 0 
7f42d4000000-7f42d4021000 rwxp 00000000 00:00 0 
7f42d4021000-7f42d8000000 ---p 00000000 00:00 0 
7f42d8000000-7f42d8021000 rwxp 00000000 00:00 0 
7f42d8021000-7f42dc000000 ---p 00000000 00:00 0 
7f42dc000000-7f42dc021000 rwxp 00000000 00:00 0 
7f42dc021000-7f42e0000000 ---p 00000000 00:00 0 
7f42e0000000-7f42e0021000 rwxp 00000000 00:00 0 
7f42e0021000-7f42e4000000 ---p 00000000 00:00 0 
7f42e4000000-7f42e4021000 rwxp 00000000 00:00 0 
7f42e4021000-7f42e8000000 ---p 00000000 00:00 0 
7f42e8000000-7f42e8021000 rwxp 00000000 00:00 0 
7f42e8021000-7f42ec000000 ---p 00000000 00:00 0 
7f42ec000000-7f42ec021000 rwxp 00000000 00:00 0 
7f42ec021000-7f42f0000000 ---p 00000000 00:00 0 
7f42f0001000-7f42f002c000 rwxp 00000000 00:00 0 
7f42f002c000-7f42f0041000 r-xp 00000000 08:05 52312                      /usr/lib/libgcc_s.so.1
7f42f0041000-7f42f0240000 ---p 00015000 08:05 52312                      /usr/lib/libgcc_s.so.1
7f42f0240000-7f42f0241000 rwxp 00014000 08:05 52312                      /usr/lib/libgcc_s.so.1
7f42f0241000-7f42f0326000 r-xp 00000000 08:05 21104                      /usr/lib/libstdc++.so.6.0.17
7f42f0326000-7f42f0525000 ---p 000e5000 08:05 21104                      /usr/lib/libstdc++.so.6.0.17
7f42f0525000-7f42f052d000 r-xp 000e4000 08:05 21104                      /usr/lib/libstdc++.so.6.0.17
7f42f052d000-7f42f052f000 rwxp 000ec000 08:05 21104                      /usr/lib/libstdc++.so.6.0.17
7f42f052f000-7f42f0544000 rwxp 00000000 00:00 0 
7f42f0544000-7f42f0be0000 r-xp 00000000 08:05 289171                     /opt/java/jre/lib/amd64/libJNI-knitro800.so
7f42f0be0000-7f42f0ddf000 ---p 0069c000 08:05 289171                     /opt/java/jre/lib/amd64/libJNI-knitro800.so
7f42f0ddf000-7f42f0ded000 rwxp 0069b000 08:05 289171                     /opt/java/jre/lib/amd64/libJNI-knitro800.so
7f42f0ded000-7f42f0dfe000 rwxp 00000000 00:00 0 
7f42f0dfe000-7f42f0dff000 ---p 00000000 00:00 0 
7f42f0dff000-7f42f0eff000 rwxp 00000000 00:00 0                          [stack:18388]
7f42f0eff000-7f42f0f02000 ---p 00000000 00:00 0 
7f42f0f02000-7f42f1270000 rwxp 00000000 00:00 0                          [stack:18387]
7f42f1270000-7f42f4615000 rwxp 00000000 00:00 0 
7f42f4615000-7f42f8000000 ---p 00000000 00:00 0 
7f42f8021000-7f42f8022000 rwxp 00000000 00:00 0 
7f42f804d000-7f42f804e000 r-xs 00003000 08:04 18579583                   /droop/Boulot/workspace/DimaX/lib/knitro-8.0.0-z/examples/Java/knitro800java.jar
7f42f804e000-7f42f8055000 r-xs 00048000 08:04 1392662                    /droop/Boulot/workspace/DimaX/lib/smackx-jingle.jar
7f42f8055000-7f42f8063000 r-xs 00095000 08:04 1392663                    /droop/Boulot/workspace/DimaX/lib/smackx.jar
7f42f8063000-7f42f8065000 r-xs 0000c000 08:04 1392658                    /droop/Boulot/workspace/DimaX/lib/smackx-debug.jar
7f42f8065000-7f42f806b000 r-xs 00046000 08:04 1392645                    /droop/Boulot/workspace/DimaX/lib/smack.jar
7f42f806b000-7f42f80c6000 r-xs 00501000 08:04 1392656                    /droop/Boulot/workspace/DimaX/lib/choco-solver-2.1.3-with-sources.jar
7f42f80c6000-7f42f80cb000 r-xs 00030000 08:04 1392649                    /droop/Boulot/workspace/DimaX/lib/rdf-api-2001-01-19.jar
7f42f80cb000-7f42f80ce000 r-xs 0001a000 08:04 1392653                    /droop/Boulot/workspace/DimaX/lib/junit.jar
7f42f80ce000-7f42f80d7000 r-xs 00083000 08:04 1392655                    /droop/Boulot/workspace/DimaX/lib/jtp.jar
7f42f80d7000-7f42f80da000 r-xs 0002b000 08:04 1392646                    /droop/Boulot/workspace/DimaX/lib/jsch-0.1.42.jar
7f42f80da000-7f42f80f6000 r-xs 000fc000 08:04 1392648                    /droop/Boulot/workspace/DimaX/lib/jena.jar
7f42f80f6000-7f42f80f9000 r-xs 0001f000 08:04 1392661                    /droop/Boulot/workspace/DimaX/lib/jdom.jar
7f42f80f9000-7f42f80fc000 ---p 00000000 00:00 0 
7f42f80fc000-7f42f81fa000 rwxp 00000000 00:00 0                          [stack:18386]
7f42f81fa000-7f42f81fd000 ---p 00000000 00:00 0 
7f42f81fd000-7f42f82fb000 rwxp 00000000 00:00 0                          [stack:18385]
7f42f82fb000-7f42f82fe000 ---p 00000000 00:00 0 
7f42f82fe000-7f42f83fc000 rwxp 00000000 00:00 0                          [stack:18384]
7f42f83fc000-7f42f8585000 r-xp 00000000 08:05 289167                     /usr/lib/locale/locale-archive
7f42f8585000-7f42f8588000 ---p 00000000 00:00 0 
7f42f8588000-7f42f8686000 rwxp 00000000 00:00 0                          [stack:18383]
7f42f8686000-7f42f8689000 ---p 00000000 00:00 0 
7f42f8689000-7f42f8787000 rwxp 00000000 00:00 0                          [stack:18382]
7f42f8787000-7f42f8788000 ---p 00000000 00:00 0 
7f42f8788000-7f42f8dc1000 rwxp 00000000 00:00 0                          [stack:18381]
7f42f8dc1000-7f42f8f59000 r-xs 03027000 08:05 149317                     /opt/java/jre/lib/rt.jar
7f42f8f59000-7f42f8f81000 rwxp 00000000 00:00 0 
7f42f8f81000-7f42f8f82000 ---p 00000000 00:00 0 
7f42f8f82000-7f42f9082000 rwxp 00000000 00:00 0                          [stack:18380]
7f42f9082000-7f42f9083000 ---p 00000000 00:00 0 
7f42f9083000-7f42f9183000 rwxp 00000000 00:00 0                          [stack:18379]
7f42f9183000-7f42f9184000 ---p 00000000 00:00 0 
7f42f9184000-7f42f9284000 rwxp 00000000 00:00 0                          [stack:18378]
7f42f9284000-7f42f9285000 ---p 00000000 00:00 0 
7f42f9285000-7f42f9390000 rwxp 00000000 00:00 0                          [stack:18377]
7f42f9390000-7f42f93ae000 rwxp 00000000 00:00 0 
7f42f93ae000-7f42f93c2000 rwxp 00000000 00:00 0 
7f42f93c2000-7f42f94ee000 rwxp 00000000 00:00 0 
7f42f94ee000-7f42f94f9000 rwxp 00000000 00:00 0 
7f42f94f9000-7f42f9517000 rwxp 00000000 00:00 0 
7f42f9517000-7f42f952b000 rwxp 00000000 00:00 0 
7f42f952b000-7f42f9657000 rwxp 00000000 00:00 0 
7f42f9657000-7f42f9661000 rwxp 00000000 00:00 0 
7f42f9661000-7f42f96f7000 rwxp 00000000 00:00 0 
7f42f96f7000-7f42f96f8000 rwxp 00000000 00:00 0 
7f42f96f8000-7f42f9706000 r-xp 00000000 08:05 149409                     /opt/java/jre/lib/amd64/libzip.so
7f42f9706000-7f42f9808000 ---p 0000e000 08:05 149409                     /opt/java/jre/lib/amd64/libzip.so
7f42f9808000-7f42f980b000 rwxp 00010000 08:05 149409                     /opt/java/jre/lib/amd64/libzip.so
7f42f980b000-7f42f980c000 rwxp 00000000 00:00 0 
7f42f980c000-7f42f9818000 r-xp 00000000 08:05 18563                      /lib/libnss_files-2.16.so
7f42f9818000-7f42f9a17000 ---p 0000c000 08:05 18563                      /lib/libnss_files-2.16.so
7f42f9a17000-7f42f9a18000 r-xp 0000b000 08:05 18563                      /lib/libnss_files-2.16.so
7f42f9a18000-7f42f9a19000 rwxp 0000c000 08:05 18563                      /lib/libnss_files-2.16.so
7f42f9a19000-7f42f9a20000 r-xp 00000000 08:05 149406                     /opt/java/jre/lib/amd64/native_threads/libhpi.so
7f42f9a20000-7f42f9b21000 ---p 00007000 08:05 149406                     /opt/java/jre/lib/amd64/native_threads/libhpi.so
7f42f9b21000-7f42f9b23000 rwxp 00008000 08:05 149406                     /opt/java/jre/lib/amd64/native_threads/libhpi.so
7f42f9b23000-7f42f9b24000 rwxp 00000000 00:00 0 
7f42f9b24000-7f42f9b39000 r-xp 00000000 08:05 18588                      /lib/libnsl-2.16.so
7f42f9b39000-7f42f9d38000 ---p 00015000 08:05 18588                      /lib/libnsl-2.16.so
7f42f9d38000-7f42f9d39000 r-xp 00014000 08:05 18588                      /lib/libnsl-2.16.so
7f42f9d39000-7f42f9d3a000 rwxp 00015000 08:05 18588                      /lib/libnsl-2.16.so
7f42f9d3a000-7f42f9d3c000 rwxp 00000000 00:00 0 
7f42f9d3c000-7f42f9d65000 r-xp 00000000 08:05 149413                     /opt/java/jre/lib/amd64/libjava.so
7f42f9d65000-7f42f9e64000 ---p 00029000 08:05 149413                     /opt/java/jre/lib/amd64/libjava.so
7f42f9e64000-7f42f9e6b000 rwxp 00028000 08:05 149413                     /opt/java/jre/lib/amd64/libjava.so
7f42f9e6b000-7f42f9e78000 r-xp 00000000 08:05 149370                     /opt/java/jre/lib/amd64/libverify.so
7f42f9e78000-7f42f9f77000 ---p 0000d000 08:05 149370                     /opt/java/jre/lib/amd64/libverify.so
7f42f9f77000-7f42f9f7a000 rwxp 0000c000 08:05 149370                     /opt/java/jre/lib/amd64/libverify.so
7f42f9f7a000-7f42f9f81000 r-xp 00000000 08:05 18562                      /lib/librt-2.16.so
7f42f9f81000-7f42fa180000 ---p 00007000 08:05 18562                      /lib/librt-2.16.so
7f42fa180000-7f42fa181000 r-xp 00006000 08:05 18562                      /lib/librt-2.16.so
7f42fa181000-7f42fa182000 rwxp 00007000 08:05 18562                      /lib/librt-2.16.so
7f42fa182000-7f42fa185000 ---p 00000000 00:00 0 
7f42fa185000-7f42fa283000 rwxp 00000000 00:00 0                          [stack:18376]
7f42fa283000-7f42fa37c000 r-xp 00000000 08:05 18554                      /lib/libm-2.16.so
7f42fa37c000-7f42fa57b000 ---p 000f9000 08:05 18554                      /lib/libm-2.16.so
7f42fa57b000-7f42fa57c000 r-xp 000f8000 08:05 18554                      /lib/libm-2.16.so
7f42fa57c000-7f42fa57d000 rwxp 000f9000 08:05 18554                      /lib/libm-2.16.so
7f42fa57d000-7f42fadbb000 r-xp 00000000 08:05 149372                     /opt/java/jre/lib/amd64/server/libjvm.so
7f42fadbb000-7f42faeba000 ---p 0083e000 08:05 149372                     /opt/java/jre/lib/amd64/server/libjvm.so
7f42faeba000-7f42fb04e000 rwxp 0083d000 08:05 149372                     /opt/java/jre/lib/amd64/server/libjvm.so
7f42fb04e000-7f42fb087000 rwxp 00000000 00:00 0 
7f42fb087000-7f42fb222000 r-xp 00000000 08:05 18566                      /lib/libc-2.16.so
7f42fb222000-7f42fb421000 ---p 0019b000 08:05 18566                      /lib/libc-2.16.so
7f42fb421000-7f42fb425000 r-xp 0019a000 08:05 18566                      /lib/libc-2.16.so
7f42fb425000-7f42fb427000 rwxp 0019e000 08:05 18566                      /lib/libc-2.16.so
7f42fb427000-7f42fb42b000 rwxp 00000000 00:00 0 
7f42fb42b000-7f42fb42e000 r-xp 00000000 08:05 18578                      /lib/libdl-2.16.so
7f42fb42e000-7f42fb62d000 ---p 00003000 08:05 18578                      /lib/libdl-2.16.so
7f42fb62d000-7f42fb62e000 r-xp 00002000 08:05 18578                      /lib/libdl-2.16.so
7f42fb62e000-7f42fb62f000 rwxp 00003000 08:05 18578                      /lib/libdl-2.16.so
7f42fb62f000-7f42fb646000 r-xp 00000000 08:05 18572                      /lib/libpthread-2.16.so
7f42fb646000-7f42fb845000 ---p 00017000 08:05 18572                      /lib/libpthread-2.16.so
7f42fb845000-7f42fb846000 r-xp 00016000 08:05 18572                      /lib/libpthread-2.16.so
7f42fb846000-7f42fb847000 rwxp 00017000 08:05 18572                      /lib/libpthread-2.16.so
7f42fb847000-7f42fb84b000 rwxp 00000000 00:00 0 
7f42fb84b000-7f42fb86c000 r-xp 00000000 08:05 18589                      /lib/ld-2.16.so
7f42fb86c000-7f42fb877000 rwxp 00000000 00:00 0 
7f42fb877000-7f42fb92d000 rwxp 00000000 00:00 0 
7f42fb92d000-7f42fb930000 rwxp 00000000 00:00 0 
7f42fb930000-7f42fb937000 r-xp 00000000 08:05 149415                     /opt/java/jre/lib/amd64/jli/libjli.so
7f42fb937000-7f42fba38000 ---p 00007000 08:05 149415                     /opt/java/jre/lib/amd64/jli/libjli.so
7f42fba38000-7f42fba3a000 rwxp 00008000 08:05 149415                     /opt/java/jre/lib/amd64/jli/libjli.so
7f42fba3a000-7f42fba3c000 rwxp 00000000 00:00 0 
7f42fba3c000-7f42fba4d000 r-xs 001f7000 08:04 1392644                    /droop/Boulot/workspace/DimaX/lib/icu4j.jar
7f42fba4d000-7f42fba57000 r-xs 00079000 08:04 1392647                    /droop/Boulot/workspace/DimaX/lib/dom4j-full.jar
7f42fba57000-7f42fba59000 r-xs 0000d000 08:04 1392654                    /droop/Boulot/workspace/DimaX/lib/dl.jar
7f42fba59000-7f42fba5e000 r-xs 00020000 08:04 1392657                    /droop/Boulot/workspace/DimaX/lib/concurrent-1.3.0.jar
7f42fba5e000-7f42fba61000 r-xs 00016000 08:04 1392660                    /droop/Boulot/workspace/DimaX/lib/antlr.debug.jar
7f42fba61000-7f42fba69000 rwxs 00000000 08:05 234004                     /tmp/hsperfdata_droop/18371
7f42fba69000-7f42fba6a000 rwxp 00000000 00:00 0 
7f42fba6a000-7f42fba6b000 r-xp 00000000 00:00 0 
7f42fba6b000-7f42fba6c000 rwxp 00000000 00:00 0 
7f42fba6c000-7f42fba6d000 r-xp 00021000 08:05 18589                      /lib/ld-2.16.so
7f42fba6d000-7f42fba6e000 rwxp 00022000 08:05 18589                      /lib/ld-2.16.so
7f42fba6e000-7f42fba6f000 rwxp 00000000 00:00 0 
7fff6c4f8000-7fff6c519000 rwxp 00000000 00:00 0                          [stack]
7fff6c5ff000-7fff6c600000 r-xp 00000000 00:00 0                          [vdso]
ffffffffff600000-ffffffffff601000 r-xp 00000000 00:00 0                  [vsyscall]

VM Arguments:
jvm_args: -ea -Dfile.encoding=UTF-8 
java_command: frameworks.faulttolerance.solver.KnitroAllocationSolver
Launcher Type: SUN_STANDARD

Environment Variables:
JAVA_HOME=/opt/java
PATH=/usr/local/bin:/usr/bin:/bin:/usr/local/sbin:/usr/sbin:/sbin:/opt/android-sdk/platform-tools:/opt/android-sdk/tools:/opt/java/bin:/opt/java/db/bin:/opt/java/jre/bin:/home/droop/.local/bin
LD_LIBRARY_PATH=/opt/java/jre/lib/amd64/server:/opt/java/jre/lib/amd64:/opt/java/jre/../lib/amd64
SHELL=/bin/bash
DISPLAY=:0

Signal Handlers:
SIGSEGV: [libjvm.so+0x791b30], sa_mask[0]=0x7ffbfeff, sa_flags=0x10000004
SIGBUS: [libjvm.so+0x791b30], sa_mask[0]=0x7ffbfeff, sa_flags=0x10000004
SIGFPE: [libjvm.so+0x640ba0], sa_mask[0]=0x7ffbfeff, sa_flags=0x10000004
SIGPIPE: [libjvm.so+0x640ba0], sa_mask[0]=0x7ffbfeff, sa_flags=0x10000004
SIGXFSZ: [libjvm.so+0x640ba0], sa_mask[0]=0x7ffbfeff, sa_flags=0x10000004
SIGILL: [libjvm.so+0x640ba0], sa_mask[0]=0x7ffbfeff, sa_flags=0x10000004
SIGUSR1: SIG_DFL, sa_mask[0]=0x00000000, sa_flags=0x00000000
SIGUSR2: [libjvm.so+0x643780], sa_mask[0]=0x00000004, sa_flags=0x10000004
SIGHUP: [libjvm.so+0x643380], sa_mask[0]=0x7ffbfeff, sa_flags=0x10000004
SIGINT: [libjvm.so+0x643380], sa_mask[0]=0x7ffbfeff, sa_flags=0x10000004
SIGTERM: [libjvm.so+0x643380], sa_mask[0]=0x7ffbfeff, sa_flags=0x10000004
SIGQUIT: [libjvm.so+0x643380], sa_mask[0]=0x7ffbfeff, sa_flags=0x10000004


---------------  S Y S T E M  ---------------

OS:Linux
uname:Linux 3.4.7-1-ARCH #1 SMP PREEMPT Sun Jul 29 22:02:56 CEST 2012 x86_64
libc:glibc 2.16 NPTL 2.16 
rlimit: STACK 8192k, CORE 0k, NPROC 30661, NOFILE 4096, AS infinity
load average:0.40 0.66 0.60

/proc/meminfo:
MemTotal:        3930052 kB
MemFree:          148520 kB
Buffers:            7204 kB
Cached:           345988 kB
SwapCached:       207388 kB
Active:          2542732 kB
Inactive:         996520 kB
Active(anon):    2452084 kB
Inactive(anon):   936524 kB
Active(file):      90648 kB
Inactive(file):    59996 kB
Unevictable:          68 kB
Mlocked:              68 kB
SwapTotal:       8190972 kB
SwapFree:        6655492 kB
Dirty:                 0 kB
Writeback:             0 kB
AnonPages:       3147648 kB
Mapped:           156632 kB
Shmem:            202812 kB
Slab:              78932 kB
SReclaimable:      37436 kB
SUnreclaim:        41496 kB
KernelStack:        4360 kB
PageTables:        68580 kB
NFS_Unstable:          0 kB
Bounce:                0 kB
WritebackTmp:          0 kB
CommitLimit:    10155996 kB
Committed_AS:    7820556 kB
VmallocTotal:   34359738367 kB
VmallocUsed:      380160 kB
VmallocChunk:   34359279095 kB
HardwareCorrupted:     0 kB
AnonHugePages:   1189888 kB
HugePages_Total:       0
HugePages_Free:        0
HugePages_Rsvd:        0
HugePages_Surp:        0
Hugepagesize:       2048 kB
DirectMap4k:       14144 kB
DirectMap2M:     4061184 kB


CPU:total 4 (2 cores per cpu, 2 threads per core) family 6 model 42 stepping 7, cmov, cx8, fxsr, mmx, sse, sse2, sse3, ssse3, sse4.1, sse4.2, popcnt, ht

Memory: 4k page, physical 3930052k(148520k free), swap 8190972k(6655492k free)

vm_info: Java HotSpot(TM) 64-Bit Server VM (19.1-b02) for linux-amd64 JRE (1.6.0_24-b07), built on Feb  2 2011 16:55:54 by "java_re" with gcc 3.2.2 (SuSE Linux)

time: Tue Sep 18 01:02:44 2012
elapsed time: 1 seconds

