#
# A fatal error has been detected by the Java Runtime Environment:
#
#  SIGSEGV (0xb) at pc=0x00007f45d6e236bd, pid=29936, tid=139938300339968
#
# JRE version: 6.0_24-b07
# Java VM: Java HotSpot(TM) 64-Bit Server VM (19.1-b02 mixed mode linux-amd64 compressed oops)
# Problematic frame:
# C  [libJNI-knitro800.so+0x6e6bd]  ktr_x2290
+0xf2d
#
# If you would like to submit a bug report, please visit:
#   http://java.sun.com/webapps/bugreport/crash.jsp
# The crash happened outside the Java Virtual Machine in native code.
# See problematic frame for where to report the bug.
#

---------------  T H R E A D  ---------------

Current thread (0x00007f45e8007000):  JavaThread "main" [_thread_in_native, id=29938, stack(0x00007f45ec9ea000,0x00007f45ecaeb000)]

siginfo:si_signo=SIGSEGV: si_errno=0, si_code=1 (SEGV_MAPERR), si_addr=0x0000000000000000

Registers:
RAX=0x0000000000000000, RBX=0x00007f45d6847010, RCX=0x0000000000000001, RDX=0x0000000000000003
RSP=0x00007f45ecae86b0, RBP=0x00007f45d6870360, RSI=0x00007f45d73e4d70, RDI=0x00007f45ecae8650
R8 =0x0000000000000001, R9 =0x0000000000000008, R10=0x00007f45d68704b0, R11=0x0000000000000000
R12=0x00007f45d68705a0, R13=0x00007f45d6870368, R14=0x00007f45d68704b0, R15=0x00007f45d6870708
RIP=0x00007f45d6e236bd, EFL=0x0000000000010246, CSGSFS=0x0000000000000033, ERR=0x0000000000000004
  TRAPNO=0x000000000000000e

Register to memory mapping:

RAX=0x0000000000000000
0x0000000000000000 is pointing to unknown location

RBX=0x00007f45d6847010
0x00007f45d6847010 is pointing to unknown location

RCX=0x0000000000000001
0x0000000000000001 is pointing to unknown location

RDX=0x0000000000000003
0x0000000000000003 is pointing to unknown location

RSP=0x00007f45ecae86b0
0x00007f45ecae86b0 is pointing into the stack for thread: 0x00007f45e8007000
"main" prio=10 tid=0x00007f45e8007000 nid=0x74f2 runnable [0x00007f45ecae9000]
   java.lang.Thread.State: RUNNABLE

RBP=0x00007f45d6870360
0x00007f45d6870360 is pointing to unknown location

RSI=0x00007f45d73e4d70
0x00007f45d73e4d70: <offset 0x62fd70> in /opt/java/jre/lib/amd64/libJNI-knitro800.so at 0x00007f45d6db5000

RDI=0x00007f45ecae8650
0x00007f45ecae8650 is pointing into the stack for thread: 0x00007f45e8007000
"main" prio=10 tid=0x00007f45e8007000 nid=0x74f2 runnable [0x00007f45ecae9000]
   java.lang.Thread.State: RUNNABLE

R8 =0x0000000000000001
0x0000000000000001 is pointing to unknown location

R9 =0x0000000000000008
0x0000000000000008 is pointing to unknown location

R10=0x00007f45d68704b0
0x00007f45d68704b0 is pointing to unknown location

R11=0x0000000000000000
0x0000000000000000 is pointing to unknown location

R12=0x00007f45d68705a0
0x00007f45d68705a0 is pointing to unknown location

R13=0x00007f45d6870368
0x00007f45d6870368 is pointing to unknown location

R14=0x00007f45d68704b0
0x00007f45d68704b0 is pointing to unknown location

R15=0x00007f45d6870708
0x00007f45d6870708 is pointing to unknown location


Top of Stack: (sp=0x00007f45ecae86b0)
0x00007f45ecae86b0:   00007f45d66bf010 00007f45d6870360
0x00007f45ecae86c0:   00007f45e82224d0 00007f45d6870380
0x00007f45ecae86d0:   00007f45d6870388 00007f45e8222c40
0x00007f45ecae86e0:   00007f45d68704b0 00007f45d6870708
0x00007f45ecae86f0:   00007f45d68705a0 00007f45d6847010
0x00007f45ecae8700:   0000000500000002 0000000100000000
0x00007f45ecae8710:   00007f45d6dbb2d8 00007f4500000000
0x00007f45ecae8720:   0000000000000000 00007f45e8209458
0x00007f45ecae8730:   0000000090394ca4 00007f45e8209460
0x00007f45ecae8740:   00007f45e8209100 00007f45d6dd7bf9
0x00007f45ecae8750:   0000000006b2778a 0000000000000000
0x00007f45ecae8760:   00007f45d6dbffd0 00007f45e8209100
0x00007f45ecae8770:   00007f4500000001 00007f4500000310
0x00007f45ecae8780:   00007f45ecae87b0 00007fff275f19f5
0x00007f45ecae8790:   0000000000000000 00007f45ecae87c0
0x00007f45ecae87a0:   00007f45e8210de0 0000000000000000
0x00007f45ecae87b0:   00000000000002a0 00000003d6e87850
0x00007f45ecae87c0:   00000000505837a4 00007f45d6870350
0x00007f45ecae87d0:   00007f45d6870730 000000000000001c
0x00007f45ecae87e0:   00007f45ecae8828 00007f45ecae8830
0x00007f45ecae87f0:   00007f45ecae8838 00007f45d6870380
0x00007f45ecae8800:   00007f45d68707e0 00007f45d6870388
0x00007f45ecae8810:   00007f45ecae8820 00007f45d68703b0
0x00007f45ecae8820:   0000000000000000 0000000000000000
0x00007f45ecae8830:   00007f45d6847010 0000000000000001
0x00007f45ecae8840:   4059800000000000 0000000000000000
0x00007f45ecae8850:   0000000000000048 000000000000001c
0x00007f45ecae8860:   000000000000000e 00007f45d6847010
0x00007f45ecae8870:   0000000000000001 0000000000000000
0x00007f45ecae8880:   000000000000001c 0000000000000000
0x00007f45ecae8890:   0000000000000310 00007f45d6e0dcee
0x00007f45ecae88a0:   00007f45d686fb08 00007f45d6847610 

Instructions: (pc=0x00007f45d6e236bd)
0x00007f45d6e236ad:   02 00 8b 94 24 0c 01 00 00 48 8d 35 b3 16 5c 00
0x00007f45d6e236bd:   48 8b 38 31 c0 e8 a9 1d fe ff 8b b3 2c 8c 02 00 

Stack: [0x00007f45ec9ea000,0x00007f45ecaeb000],  sp=0x00007f45ecae86b0,  free space=1017k
Native frames: (J=compiled Java code, j=interpreted, Vv=VM code, C=native code)
C  [libJNI-knitro800.so+0x6e6bd]  ktr_x2290
+0xf2d

Java frames: (J=compiled Java code, j=interpreted, Vv=VM code)
j  com.ziena.knitro.KnitroJava.nativeMipSolve_(II[D[D[D[D[D[D[D)I+0
j  com.ziena.knitro.KnitroJava.mipSolve(I[D[D[D[D[D)I+71
j  frameworks.faulttolerance.solver.KnitroAllocationSolver.solveProb(Z)[D+177
j  frameworks.faulttolerance.solver.KnitroAllocationSolver.main([Ljava/lang/String;)V+133
v  ~StubRoutines::call_stub

---------------  P R O C E S S  ---------------

Java Threads: ( => current thread )
  0x00007f45e8090800 JavaThread "Low Memory Detector" daemon [_thread_blocked, id=29952, stack(0x00007f45d7770000,0x00007f45d7871000)]
  0x00007f45e808e800 JavaThread "CompilerThread1" daemon [_thread_blocked, id=29951, stack(0x00007f45d7871000,0x00007f45d7972000)]
  0x00007f45e808b800 JavaThread "CompilerThread0" daemon [_thread_blocked, id=29950, stack(0x00007f45d7972000,0x00007f45d7a73000)]
  0x00007f45e8089800 JavaThread "Signal Dispatcher" daemon [_thread_blocked, id=29949, stack(0x00007f45d7a73000,0x00007f45d7b74000)]
  0x00007f45e806d000 JavaThread "Finalizer" daemon [_thread_blocked, id=29948, stack(0x00007f45d7cfd000,0x00007f45d7dfe000)]
  0x00007f45e806b000 JavaThread "Reference Handler" daemon [_thread_blocked, id=29947, stack(0x00007f45d7dfe000,0x00007f45d7eff000)]
=>0x00007f45e8007000 JavaThread "main" [_thread_in_native, id=29938, stack(0x00007f45ec9ea000,0x00007f45ecaeb000)]

Other Threads:
  0x00007f45e8064800 VMThread [stack: 0x00007f45d7eff000,0x00007f45d8000000] [id=29946]
  0x00007f45e80a3800 WatcherThread [stack: 0x00007f45d766f000,0x00007f45d7770000] [id=29953]

VM state:not at safepoint (normal execution)

VM Mutex/Monitor currently owned by a thread: None

Heap
 PSYoungGen      total 17920K, used 3153K [0x00000000ec000000, 0x00000000ed400000, 0x0000000100000000)
  eden space 15360K, 20% used [0x00000000ec000000,0x00000000ec314750,0x00000000ecf00000)
  from space 2560K, 0% used [0x00000000ed180000,0x00000000ed180000,0x00000000ed400000)
  to   space 2560K, 0% used [0x00000000ecf00000,0x00000000ecf00000,0x00000000ed180000)
 PSOldGen        total 40960K, used 0K [0x00000000c4000000, 0x00000000c6800000, 0x00000000ec000000)
  object space 40960K, 0% used [0x00000000c4000000,0x00000000c4000000,0x00000000c6800000)
 PSPermGen       total 21248K, used 3521K [0x00000000bee00000, 0x00000000c02c0000, 0x00000000c4000000)
  object space 21248K, 16% used [0x00000000bee00000,0x00000000bf170430,0x00000000c02c0000)

Dynamic libraries:
40000000-40009000 r-xp 00000000 08:05 149531                             /opt/java/jre/bin/java
40108000-4010a000 rwxp 00008000 08:05 149531                             /opt/java/jre/bin/java
41e65000-41e86000 rwxp 00000000 00:00 0                                  [heap]
bee00000-c02c0000 rwxp 00000000 00:00 0 
c02c0000-c4000000 rwxp 00000000 00:00 0 
c4000000-c6800000 rwxp 00000000 00:00 0 
c6800000-ec000000 rwxp 00000000 00:00 0 
ec000000-ed400000 rwxp 00000000 00:00 0 
ed400000-100000000 rwxp 00000000 00:00 0 
7f45ac000000-7f45ac021000 rwxp 00000000 00:00 0 
7f45ac021000-7f45b0000000 ---p 00000000 00:00 0 
7f45b4000000-7f45b40d6000 rwxp 00000000 00:00 0 
7f45b40d6000-7f45b8000000 ---p 00000000 00:00 0 
7f45b8000000-7f45b8021000 rwxp 00000000 00:00 0 
7f45b8021000-7f45bc000000 ---p 00000000 00:00 0 
7f45bc000000-7f45bc021000 rwxp 00000000 00:00 0 
7f45bc021000-7f45c0000000 ---p 00000000 00:00 0 
7f45c0000000-7f45c0185000 rwxp 00000000 00:00 0 
7f45c0185000-7f45c4000000 ---p 00000000 00:00 0 
7f45c4000000-7f45c4021000 rwxp 00000000 00:00 0 
7f45c4021000-7f45c8000000 ---p 00000000 00:00 0 
7f45c8000000-7f45c8021000 rwxp 00000000 00:00 0 
7f45c8021000-7f45cc000000 ---p 00000000 00:00 0 
7f45cc000000-7f45cc021000 rwxp 00000000 00:00 0 
7f45cc021000-7f45d0000000 ---p 00000000 00:00 0 
7f45d0000000-7f45d0021000 rwxp 00000000 00:00 0 
7f45d0021000-7f45d4000000 ---p 00000000 00:00 0 
7f45d6537000-7f45d689d000 rwxp 00000000 00:00 0 
7f45d689d000-7f45d68b2000 r-xp 00000000 08:05 52312                      /usr/lib/libgcc_s.so.1
7f45d68b2000-7f45d6ab1000 ---p 00015000 08:05 52312                      /usr/lib/libgcc_s.so.1
7f45d6ab1000-7f45d6ab2000 rwxp 00014000 08:05 52312                      /usr/lib/libgcc_s.so.1
7f45d6ab2000-7f45d6b97000 r-xp 00000000 08:05 21104                      /usr/lib/libstdc++.so.6.0.17
7f45d6b97000-7f45d6d96000 ---p 000e5000 08:05 21104                      /usr/lib/libstdc++.so.6.0.17
7f45d6d96000-7f45d6d9e000 r-xp 000e4000 08:05 21104                      /usr/lib/libstdc++.so.6.0.17
7f45d6d9e000-7f45d6da0000 rwxp 000ec000 08:05 21104                      /usr/lib/libstdc++.so.6.0.17
7f45d6da0000-7f45d6db5000 rwxp 00000000 00:00 0 
7f45d6db5000-7f45d7451000 r-xp 00000000 08:05 289171                     /opt/java/jre/lib/amd64/libJNI-knitro800.so
7f45d7451000-7f45d7650000 ---p 0069c000 08:05 289171                     /opt/java/jre/lib/amd64/libJNI-knitro800.so
7f45d7650000-7f45d765e000 rwxp 0069b000 08:05 289171                     /opt/java/jre/lib/amd64/libJNI-knitro800.so
7f45d765e000-7f45d766f000 rwxp 00000000 00:00 0 
7f45d766f000-7f45d7670000 ---p 00000000 00:00 0 
7f45d7670000-7f45d7770000 rwxp 00000000 00:00 0                          [stack:29953]
7f45d7770000-7f45d7773000 ---p 00000000 00:00 0 
7f45d7773000-7f45d7871000 rwxp 00000000 00:00 0                          [stack:29952]
7f45d7871000-7f45d7874000 ---p 00000000 00:00 0 
7f45d7874000-7f45d7972000 rwxp 00000000 00:00 0                          [stack:29951]
7f45d7972000-7f45d7975000 ---p 00000000 00:00 0 
7f45d7975000-7f45d7a73000 rwxp 00000000 00:00 0                          [stack:29950]
7f45d7a73000-7f45d7a76000 ---p 00000000 00:00 0 
7f45d7a76000-7f45d7b74000 rwxp 00000000 00:00 0                          [stack:29949]
7f45d7b74000-7f45d7cfd000 r-xp 00000000 08:05 289167                     /usr/lib/locale/locale-archive
7f45d7cfd000-7f45d7d00000 ---p 00000000 00:00 0 
7f45d7d00000-7f45d7dfe000 rwxp 00000000 00:00 0                          [stack:29948]
7f45d7dfe000-7f45d7e01000 ---p 00000000 00:00 0 
7f45d7e01000-7f45d7eff000 rwxp 00000000 00:00 0                          [stack:29947]
7f45d7eff000-7f45d7f00000 ---p 00000000 00:00 0 
7f45d7f00000-7f45d8000000 rwxp 00000000 00:00 0                          [stack:29946]
7f45d8000000-7f45d8021000 rwxp 00000000 00:00 0 
7f45d8021000-7f45dc000000 ---p 00000000 00:00 0 
7f45dc000000-7f45dc021000 rwxp 00000000 00:00 0 
7f45dc021000-7f45e0000000 ---p 00000000 00:00 0 
7f45e0000000-7f45e0021000 rwxp 00000000 00:00 0 
7f45e0021000-7f45e4000000 ---p 00000000 00:00 0 
7f45e4018000-7f45e4043000 rwxp 00000000 00:00 0 
7f45e4043000-7f45e4044000 r-xs 00003000 08:04 18579583                   /droop/Boulot/workspace/DimaX/lib/knitro-8.0.0-z/examples/Java/knitro800java.jar
7f45e4044000-7f45e404b000 r-xs 00048000 08:04 1392662                    /droop/Boulot/workspace/DimaX/lib/smackx-jingle.jar
7f45e404b000-7f45e4059000 r-xs 00095000 08:04 1392663                    /droop/Boulot/workspace/DimaX/lib/smackx.jar
7f45e4059000-7f45e405b000 r-xs 0000c000 08:04 1392658                    /droop/Boulot/workspace/DimaX/lib/smackx-debug.jar
7f45e405b000-7f45e4061000 r-xs 00046000 08:04 1392645                    /droop/Boulot/workspace/DimaX/lib/smack.jar
7f45e4061000-7f45e40bc000 r-xs 00501000 08:04 1392656                    /droop/Boulot/workspace/DimaX/lib/choco-solver-2.1.3-with-sources.jar
7f45e40bc000-7f45e40c1000 r-xs 00030000 08:04 1392649                    /droop/Boulot/workspace/DimaX/lib/rdf-api-2001-01-19.jar
7f45e40c1000-7f45e40c4000 r-xs 0001a000 08:04 1392653                    /droop/Boulot/workspace/DimaX/lib/junit.jar
7f45e40c4000-7f45e40cd000 r-xs 00083000 08:04 1392655                    /droop/Boulot/workspace/DimaX/lib/jtp.jar
7f45e40cd000-7f45e4606000 rwxp 00000000 00:00 0 
7f45e4606000-7f45e479e000 r-xs 03027000 08:05 149317                     /opt/java/jre/lib/rt.jar
7f45e479e000-7f45e479f000 ---p 00000000 00:00 0 
7f45e479f000-7f45e489f000 rwxp 00000000 00:00 0                          [stack:29945]
7f45e489f000-7f45e48a0000 ---p 00000000 00:00 0 
7f45e48a0000-7f45e49a0000 rwxp 00000000 00:00 0                          [stack:29944]
7f45e49a0000-7f45e49a1000 ---p 00000000 00:00 0 
7f45e49a1000-7f45e4aa1000 rwxp 00000000 00:00 0                          [stack:29943]
7f45e4aa1000-7f45e4aa2000 ---p 00000000 00:00 0 
7f45e4aa2000-7f45e4bb6000 rwxp 00000000 00:00 0                          [stack:29942]
7f45e4bb6000-7f45e4ce2000 rwxp 00000000 00:00 0 
7f45e4ce2000-7f45e4ced000 rwxp 00000000 00:00 0 
7f45e4ced000-7f45e4d0b000 rwxp 00000000 00:00 0 
7f45e4d0b000-7f45e4d1f000 rwxp 00000000 00:00 0 
7f45e4d1f000-7f45e4e4b000 rwxp 00000000 00:00 0 
7f45e4e4b000-7f45e4e55000 rwxp 00000000 00:00 0 
7f45e4e55000-7f45e4eeb000 rwxp 00000000 00:00 0 
7f45e4eeb000-7f45e515c000 rwxp 00000000 00:00 0 
7f45e515c000-7f45e7eec000 rwxp 00000000 00:00 0 
7f45e7eec000-7f45e7efa000 r-xp 00000000 08:05 149409                     /opt/java/jre/lib/amd64/libzip.so
7f45e7efa000-7f45e7ffc000 ---p 0000e000 08:05 149409                     /opt/java/jre/lib/amd64/libzip.so
7f45e7ffc000-7f45e7fff000 rwxp 00010000 08:05 149409                     /opt/java/jre/lib/amd64/libzip.so
7f45e7fff000-7f45e8000000 rwxp 00000000 00:00 0 
7f45e8000000-7f45e8224000 rwxp 00000000 00:00 0 
7f45e8224000-7f45ec000000 ---p 00000000 00:00 0 
7f45ec000000-7f45ec001000 rwxp 00000000 00:00 0 
7f45ec001000-7f45ec004000 r-xs 0002b000 08:04 1392646                    /droop/Boulot/workspace/DimaX/lib/jsch-0.1.42.jar
7f45ec004000-7f45ec020000 r-xs 000fc000 08:04 1392648                    /droop/Boulot/workspace/DimaX/lib/jena.jar
7f45ec020000-7f45ec023000 r-xs 0001f000 08:04 1392661                    /droop/Boulot/workspace/DimaX/lib/jdom.jar
7f45ec023000-7f45ec056000 rwxp 00000000 00:00 0 
7f45ec056000-7f45ec074000 rwxp 00000000 00:00 0 
7f45ec074000-7f45ec080000 r-xp 00000000 08:05 18563                      /lib/libnss_files-2.16.so
7f45ec080000-7f45ec27f000 ---p 0000c000 08:05 18563                      /lib/libnss_files-2.16.so
7f45ec27f000-7f45ec280000 r-xp 0000b000 08:05 18563                      /lib/libnss_files-2.16.so
7f45ec280000-7f45ec281000 rwxp 0000c000 08:05 18563                      /lib/libnss_files-2.16.so
7f45ec281000-7f45ec288000 r-xp 00000000 08:05 149406                     /opt/java/jre/lib/amd64/native_threads/libhpi.so
7f45ec288000-7f45ec389000 ---p 00007000 08:05 149406                     /opt/java/jre/lib/amd64/native_threads/libhpi.so
7f45ec389000-7f45ec38b000 rwxp 00008000 08:05 149406                     /opt/java/jre/lib/amd64/native_threads/libhpi.so
7f45ec38b000-7f45ec38c000 rwxp 00000000 00:00 0 
7f45ec38c000-7f45ec3a1000 r-xp 00000000 08:05 18588                      /lib/libnsl-2.16.so
7f45ec3a1000-7f45ec5a0000 ---p 00015000 08:05 18588                      /lib/libnsl-2.16.so
7f45ec5a0000-7f45ec5a1000 r-xp 00014000 08:05 18588                      /lib/libnsl-2.16.so
7f45ec5a1000-7f45ec5a2000 rwxp 00015000 08:05 18588                      /lib/libnsl-2.16.so
7f45ec5a2000-7f45ec5a4000 rwxp 00000000 00:00 0 
7f45ec5a4000-7f45ec5cd000 r-xp 00000000 08:05 149413                     /opt/java/jre/lib/amd64/libjava.so
7f45ec5cd000-7f45ec6cc000 ---p 00029000 08:05 149413                     /opt/java/jre/lib/amd64/libjava.so
7f45ec6cc000-7f45ec6d3000 rwxp 00028000 08:05 149413                     /opt/java/jre/lib/amd64/libjava.so
7f45ec6d3000-7f45ec6e0000 r-xp 00000000 08:05 149370                     /opt/java/jre/lib/amd64/libverify.so
7f45ec6e0000-7f45ec7df000 ---p 0000d000 08:05 149370                     /opt/java/jre/lib/amd64/libverify.so
7f45ec7df000-7f45ec7e2000 rwxp 0000c000 08:05 149370                     /opt/java/jre/lib/amd64/libverify.so
7f45ec7e2000-7f45ec7e9000 r-xp 00000000 08:05 18562                      /lib/librt-2.16.so
7f45ec7e9000-7f45ec9e8000 ---p 00007000 08:05 18562                      /lib/librt-2.16.so
7f45ec9e8000-7f45ec9e9000 r-xp 00006000 08:05 18562                      /lib/librt-2.16.so
7f45ec9e9000-7f45ec9ea000 rwxp 00007000 08:05 18562                      /lib/librt-2.16.so
7f45ec9ea000-7f45ec9ed000 ---p 00000000 00:00 0 
7f45ec9ed000-7f45ecaeb000 rwxp 00000000 00:00 0                          [stack:29938]
7f45ecaeb000-7f45ecbe4000 r-xp 00000000 08:05 18554                      /lib/libm-2.16.so
7f45ecbe4000-7f45ecde3000 ---p 000f9000 08:05 18554                      /lib/libm-2.16.so
7f45ecde3000-7f45ecde4000 r-xp 000f8000 08:05 18554                      /lib/libm-2.16.so
7f45ecde4000-7f45ecde5000 rwxp 000f9000 08:05 18554                      /lib/libm-2.16.so
7f45ecde5000-7f45ed623000 r-xp 00000000 08:05 149372                     /opt/java/jre/lib/amd64/server/libjvm.so
7f45ed623000-7f45ed722000 ---p 0083e000 08:05 149372                     /opt/java/jre/lib/amd64/server/libjvm.so
7f45ed722000-7f45ed8b6000 rwxp 0083d000 08:05 149372                     /opt/java/jre/lib/amd64/server/libjvm.so
7f45ed8b6000-7f45ed8ef000 rwxp 00000000 00:00 0 
7f45ed8ef000-7f45eda8a000 r-xp 00000000 08:05 18566                      /lib/libc-2.16.so
7f45eda8a000-7f45edc89000 ---p 0019b000 08:05 18566                      /lib/libc-2.16.so
7f45edc89000-7f45edc8d000 r-xp 0019a000 08:05 18566                      /lib/libc-2.16.so
7f45edc8d000-7f45edc8f000 rwxp 0019e000 08:05 18566                      /lib/libc-2.16.so
7f45edc8f000-7f45edc93000 rwxp 00000000 00:00 0 
7f45edc93000-7f45edc96000 r-xp 00000000 08:05 18578                      /lib/libdl-2.16.so
7f45edc96000-7f45ede95000 ---p 00003000 08:05 18578                      /lib/libdl-2.16.so
7f45ede95000-7f45ede96000 r-xp 00002000 08:05 18578                      /lib/libdl-2.16.so
7f45ede96000-7f45ede97000 rwxp 00003000 08:05 18578                      /lib/libdl-2.16.so
7f45ede97000-7f45edeae000 r-xp 00000000 08:05 18572                      /lib/libpthread-2.16.so
7f45edeae000-7f45ee0ad000 ---p 00017000 08:05 18572                      /lib/libpthread-2.16.so
7f45ee0ad000-7f45ee0ae000 r-xp 00016000 08:05 18572                      /lib/libpthread-2.16.so
7f45ee0ae000-7f45ee0af000 rwxp 00017000 08:05 18572                      /lib/libpthread-2.16.so
7f45ee0af000-7f45ee0b3000 rwxp 00000000 00:00 0 
7f45ee0b3000-7f45ee0d4000 r-xp 00000000 08:05 18589                      /lib/ld-2.16.so
7f45ee0d4000-7f45ee0df000 rwxp 00000000 00:00 0 
7f45ee0df000-7f45ee195000 rwxp 00000000 00:00 0 
7f45ee195000-7f45ee198000 rwxp 00000000 00:00 0 
7f45ee198000-7f45ee19f000 r-xp 00000000 08:05 149415                     /opt/java/jre/lib/amd64/jli/libjli.so
7f45ee19f000-7f45ee2a0000 ---p 00007000 08:05 149415                     /opt/java/jre/lib/amd64/jli/libjli.so
7f45ee2a0000-7f45ee2a2000 rwxp 00008000 08:05 149415                     /opt/java/jre/lib/amd64/jli/libjli.so
7f45ee2a2000-7f45ee2a4000 rwxp 00000000 00:00 0 
7f45ee2a4000-7f45ee2b5000 r-xs 001f7000 08:04 1392644                    /droop/Boulot/workspace/DimaX/lib/icu4j.jar
7f45ee2b5000-7f45ee2bf000 r-xs 00079000 08:04 1392647                    /droop/Boulot/workspace/DimaX/lib/dom4j-full.jar
7f45ee2bf000-7f45ee2c1000 r-xs 0000d000 08:04 1392654                    /droop/Boulot/workspace/DimaX/lib/dl.jar
7f45ee2c1000-7f45ee2c6000 r-xs 00020000 08:04 1392657                    /droop/Boulot/workspace/DimaX/lib/concurrent-1.3.0.jar
7f45ee2c6000-7f45ee2c9000 r-xs 00016000 08:04 1392660                    /droop/Boulot/workspace/DimaX/lib/antlr.debug.jar
7f45ee2c9000-7f45ee2d1000 rwxs 00000000 08:05 271826                     /tmp/hsperfdata_droop/29936
7f45ee2d1000-7f45ee2d2000 rwxp 00000000 00:00 0 
7f45ee2d2000-7f45ee2d3000 r-xp 00000000 00:00 0 
7f45ee2d3000-7f45ee2d4000 rwxp 00000000 00:00 0 
7f45ee2d4000-7f45ee2d5000 r-xp 00021000 08:05 18589                      /lib/ld-2.16.so
7f45ee2d5000-7f45ee2d6000 rwxp 00022000 08:05 18589                      /lib/ld-2.16.so
7f45ee2d6000-7f45ee2d7000 rwxp 00000000 00:00 0 
7fff275cc000-7fff275ed000 rwxp 00000000 00:00 0                          [stack]
7fff275f1000-7fff275f2000 r-xp 00000000 00:00 0                          [vdso]
ffffffffff600000-ffffffffff601000 r-xp 00000000 00:00 0                  [vsyscall]

VM Arguments:
jvm_args: -ea -Dfile.encoding=UTF-8 
java_command: frameworks.faulttolerance.solver.KnitroAllocationSolver
Launcher Type: SUN_STANDARD

Environment Variables:
JAVA_HOME=/opt/java
PATH=/usr/local/bin:/usr/bin:/bin:/usr/local/sbin:/usr/sbin:/sbin:/opt/android-sdk/platform-tools:/opt/android-sdk/tools:/opt/java/bin:/opt/java/db/bin:/opt/java/jre/bin:/home/droop/.local/bin
LD_LIBRARY_PATH=/opt/java/jre/lib/amd64/server:/opt/java/jre/lib/amd64:/opt/java/jre/../lib/amd64
SHELL=/bin/bash
DISPLAY=:0

Signal Handlers:
SIGSEGV: [libjvm.so+0x791b30], sa_mask[0]=0x7ffbfeff, sa_flags=0x10000004
SIGBUS: [libjvm.so+0x791b30], sa_mask[0]=0x7ffbfeff, sa_flags=0x10000004
SIGFPE: [libjvm.so+0x640ba0], sa_mask[0]=0x7ffbfeff, sa_flags=0x10000004
SIGPIPE: [libjvm.so+0x640ba0], sa_mask[0]=0x7ffbfeff, sa_flags=0x10000004
SIGXFSZ: [libjvm.so+0x640ba0], sa_mask[0]=0x7ffbfeff, sa_flags=0x10000004
SIGILL: [libjvm.so+0x640ba0], sa_mask[0]=0x7ffbfeff, sa_flags=0x10000004
SIGUSR1: SIG_DFL, sa_mask[0]=0x00000000, sa_flags=0x00000000
SIGUSR2: [libjvm.so+0x643780], sa_mask[0]=0x00000004, sa_flags=0x10000004
SIGHUP: [libjvm.so+0x643380], sa_mask[0]=0x7ffbfeff, sa_flags=0x10000004
SIGINT: [libjvm.so+0x643380], sa_mask[0]=0x7ffbfeff, sa_flags=0x10000004
SIGTERM: [libjvm.so+0x643380], sa_mask[0]=0x7ffbfeff, sa_flags=0x10000004
SIGQUIT: [libjvm.so+0x643380], sa_mask[0]=0x7ffbfeff, sa_flags=0x10000004


---------------  S Y S T E M  ---------------

OS:Linux
uname:Linux 3.4.7-1-ARCH #1 SMP PREEMPT Sun Jul 29 22:02:56 CEST 2012 x86_64
libc:glibc 2.16 NPTL 2.16 
rlimit: STACK 8192k, CORE 0k, NPROC 30661, NOFILE 4096, AS infinity
load average:0.44 0.41 0.38

/proc/meminfo:
MemTotal:        3930052 kB
MemFree:          141620 kB
Buffers:           25772 kB
Cached:           553044 kB
SwapCached:        17168 kB
Active:          2465884 kB
Inactive:        1089376 kB
Active(anon):    2338420 kB
Inactive(anon):   937436 kB
Active(file):     127464 kB
Inactive(file):   151940 kB
Unevictable:           0 kB
Mlocked:               0 kB
SwapTotal:       8190972 kB
SwapFree:        8041336 kB
Dirty:               664 kB
Writeback:             0 kB
AnonPages:       2959856 kB
Mapped:           207040 kB
Shmem:            299316 kB
Slab:              85992 kB
SReclaimable:      55404 kB
SUnreclaim:        30588 kB
KernelStack:        4096 kB
PageTables:        55704 kB
NFS_Unstable:          0 kB
Bounce:                0 kB
WritebackTmp:          0 kB
CommitLimit:    10155996 kB
Committed_AS:    6056708 kB
VmallocTotal:   34359738367 kB
VmallocUsed:      380128 kB
VmallocChunk:   34359341411 kB
HardwareCorrupted:     0 kB
AnonHugePages:    872448 kB
HugePages_Total:       0
HugePages_Free:        0
HugePages_Rsvd:        0
HugePages_Surp:        0
Hugepagesize:       2048 kB
DirectMap4k:       14144 kB
DirectMap2M:     4061184 kB


CPU:total 4 (2 cores per cpu, 2 threads per core) family 6 model 42 stepping 7, cmov, cx8, fxsr, mmx, sse, sse2, sse3, ssse3, sse4.1, sse4.2, popcnt, ht

Memory: 4k page, physical 3930052k(141620k free), swap 8190972k(8041336k free)

vm_info: Java HotSpot(TM) 64-Bit Server VM (19.1-b02) for linux-amd64 JRE (1.6.0_24-b07), built on Feb  2 2011 16:55:54 by "java_re" with gcc 3.2.2 (SuSE Linux)

time: Tue Sep 18 10:58:12 2012
elapsed time: 0 seconds

