!!!!!!!!!!!!!!!!!!!!!!!!!!!!!!!!!!!!!!!!!!!!!!!!!!!!!!!!!!!!!!!!!!!!!!!!!!!!!!!!!!!!!!!EXCEPTION ** FROM AGENT #HOST_MANAGER##simu_7#HostManager_14:77negotiation.negotiationframework.contracts.UnknownContractException: 
Contract (1335651582234   28 Apr 2012 22:19:42 GMT) (init : #HOST_MANAGER##simu_7#HostManager_14:77, part : [#simu_7#DomainAgent_43, #HOST_MANAGER##simu_7#HostManager_14:77]),(expired?false, will expire?false) On Hostctkarch(Sun Apr 29 00:19:45 CEST 2012 - 1335651585890):
facing unknonw contract!!!!! 
Contract (1335651582234   28 Apr 2012 22:19:42 GMT) (init : #HOST_MANAGER##simu_7#HostManager_14:77, part : [#simu_7#DomainAgent_43, #HOST_MANAGER##simu_7#HostManager_14:77]),(expired?false, will expire?false)
receivedContract?false
alreadyCancelled?false
alreadyExecuted?false lost contracts are : 

!!!!!!!!!!!!!!!!!!!!!!!!!!!!!!!!!!!!!!!!!!!!!!!!!!!!!!!!!!!!!!!!!!!!!!!!!!!!!!!!!!!!!!!EXCEPTION ** FROM AGENT #HOST_MANAGER##simu_7#HostManager_14:77negotiation.negotiationframework.contracts.UnknownContractException: 
Contract (1335651582234   28 Apr 2012 22:19:42 GMT) (init : #HOST_MANAGER##simu_7#HostManager_14:77, part : [#simu_7#DomainAgent_80, #HOST_MANAGER##simu_7#HostManager_14:77]),(expired?false, will expire?false) On Hostctkarch(Sun Apr 29 00:19:45 CEST 2012 - 1335651585891):
facing unknonw contract!!!!! 
Contract (1335651582234   28 Apr 2012 22:19:42 GMT) (init : #HOST_MANAGER##simu_7#HostManager_14:77, part : [#simu_7#DomainAgent_80, #HOST_MANAGER##simu_7#HostManager_14:77]),(expired?false, will expire?false)
receivedContract?false
alreadyCancelled?false
alreadyExecuted?false lost contracts are : 

!!!!!!!!!!!!!!!!!!!!!!!!!!!!!!!!!!!!!!!!!!!!!!!!!!!!!!!!!!!!!!!!!!!!!!!!!!!!!!!!!!!!!!!EXCEPTION ** FROM AGENT #HOST_MANAGER##simu_7#HostManager_14:77negotiation.negotiationframework.contracts.UnknownContractException: 
Contract (1335651582234   28 Apr 2012 22:19:42 GMT) (init : #HOST_MANAGER##simu_7#HostManager_14:77, part : [#simu_7#DomainAgent_74, #HOST_MANAGER##simu_7#HostManager_14:77]),(expired?false, will expire?false) On Hostctkarch(Sun Apr 29 00:19:45 CEST 2012 - 1335651585892):
facing unknonw contract!!!!! 
Contract (1335651582234   28 Apr 2012 22:19:42 GMT) (init : #HOST_MANAGER##simu_7#HostManager_14:77, part : [#simu_7#DomainAgent_74, #HOST_MANAGER##simu_7#HostManager_14:77]),(expired?false, will expire?false)
receivedContract?false
alreadyCancelled?false
alreadyExecuted?false lost contracts are : 

