!!!!!!!!!!!!!!!!!!!!!!!!!!!!!!!!!!!!!!!!!!!!!!!!!!!!!!!!!!!!!!!!!!!!!!!!!!!!!!!!!!!!!!!EXCEPTION ** FROM AGENT #HOST_MANAGER##simu_5#HostManager_2:77negotiation.negotiationframework.contracts.UnknownContractException: 
Contract (1335650955318   28 Apr 2012 22:09:15 GMT) (init : #HOST_MANAGER##simu_5#HostManager_2:77, part : [#simu_5#DomainAgent_8, #HOST_MANAGER##simu_5#HostManager_2:77]),(expired?false, will expire?false) On Hostctkarch(Sun Apr 29 00:09:26 CEST 2012 - 1335650966412):
facing unknonw contract!!!!! 
Contract (1335650955318   28 Apr 2012 22:09:15 GMT) (init : #HOST_MANAGER##simu_5#HostManager_2:77, part : [#simu_5#DomainAgent_8, #HOST_MANAGER##simu_5#HostManager_2:77]),(expired?false, will expire?false)
receivedContract?false
alreadyCancelled?false
alreadyExecuted?false lost contracts are : 

!!!!!!!!!!!!!!!!!!!!!!!!!!!!!!!!!!!!!!!!!!!!!!!!!!!!!!!!!!!!!!!!!!!!!!!!!!!!!!!!!!!!!!!EXCEPTION ** FROM AGENT #HOST_MANAGER##simu_5#HostManager_2:77negotiation.negotiationframework.contracts.UnknownContractException: 
Contract (1335650955324   28 Apr 2012 22:09:15 GMT) (init : #HOST_MANAGER##simu_5#HostManager_2:77, part : [#simu_5#DomainAgent_15, #HOST_MANAGER##simu_5#HostManager_2:77]),(expired?false, will expire?false) On Hostctkarch(Sun Apr 29 00:09:26 CEST 2012 - 1335650966414):
facing unknonw contract!!!!! 
Contract (1335650955324   28 Apr 2012 22:09:15 GMT) (init : #HOST_MANAGER##simu_5#HostManager_2:77, part : [#simu_5#DomainAgent_15, #HOST_MANAGER##simu_5#HostManager_2:77]),(expired?false, will expire?false)
receivedContract?false
alreadyCancelled?false
alreadyExecuted?false lost contracts are : 

!!!!!!!!!!!!!!!!!!!!!!!!!!!!!!!!!!!!!!!!!!!!!!!!!!!!!!!!!!!!!!!!!!!!!!!!!!!!!!!!!!!!!!!EXCEPTION ** FROM AGENT #HOST_MANAGER##simu_5#HostManager_2:77negotiation.negotiationframework.contracts.UnknownContractException: 
Contract (1335650955324   28 Apr 2012 22:09:15 GMT) (init : #HOST_MANAGER##simu_5#HostManager_2:77, part : [#simu_5#DomainAgent_26, #HOST_MANAGER##simu_5#HostManager_2:77]),(expired?false, will expire?false) On Hostctkarch(Sun Apr 29 00:09:26 CEST 2012 - 1335650966415):
facing unknonw contract!!!!! 
Contract (1335650955324   28 Apr 2012 22:09:15 GMT) (init : #HOST_MANAGER##simu_5#HostManager_2:77, part : [#simu_5#DomainAgent_26, #HOST_MANAGER##simu_5#HostManager_2:77]),(expired?false, will expire?false)
receivedContract?false
alreadyCancelled?false
alreadyExecuted?false lost contracts are : 

!!!!!!!!!!!!!!!!!!!!!!!!!!!!!!!!!!!!!!!!!!!!!!!!!!!!!!!!!!!!!!!!!!!!!!!!!!!!!!!!!!!!!!!EXCEPTION ** FROM AGENT #HOST_MANAGER##simu_5#HostManager_2:77negotiation.negotiationframework.contracts.UnknownContractException: 
Contract (1335650955324   28 Apr 2012 22:09:15 GMT) (init : #HOST_MANAGER##simu_5#HostManager_2:77, part : [#simu_5#DomainAgent_27, #HOST_MANAGER##simu_5#HostManager_2:77]),(expired?false, will expire?false) On Hostctkarch(Sun Apr 29 00:09:26 CEST 2012 - 1335650966528):
facing unknonw contract!!!!! 
Contract (1335650955324   28 Apr 2012 22:09:15 GMT) (init : #HOST_MANAGER##simu_5#HostManager_2:77, part : [#simu_5#DomainAgent_27, #HOST_MANAGER##simu_5#HostManager_2:77]),(expired?false, will expire?false)
receivedContract?false
alreadyCancelled?false
alreadyExecuted?false lost contracts are : 

