!!!!!!!!!!!!!!!!!!!!!!!!!!!!!!!!!!!!!!!!!!!!!!!!!!!!!!!!!!!!!!!!!!!!!!!!!!!!!!!!!!!!!!!EXCEPTION ** FROM AGENT #HOST_MANAGER##simu_7#HostManager_1:77negotiation.negotiationframework.contracts.UnknownContractException: 
Contract (1335651582581   28 Apr 2012 22:19:42 GMT) (init : #HOST_MANAGER##simu_7#HostManager_1:77, part : [#simu_7#DomainAgent_86, #HOST_MANAGER##simu_7#HostManager_1:77]),(expired?false, will expire?false) On Hostctkarch(Sun Apr 29 00:19:46 CEST 2012 - 1335651586536):
facing unknonw contract!!!!! 
Contract (1335651582581   28 Apr 2012 22:19:42 GMT) (init : #HOST_MANAGER##simu_7#HostManager_1:77, part : [#simu_7#DomainAgent_86, #HOST_MANAGER##simu_7#HostManager_1:77]),(expired?false, will expire?false)
receivedContract?false
alreadyCancelled?false
alreadyExecuted?false lost contracts are : 

!!!!!!!!!!!!!!!!!!!!!!!!!!!!!!!!!!!!!!!!!!!!!!!!!!!!!!!!!!!!!!!!!!!!!!!!!!!!!!!!!!!!!!!EXCEPTION ** FROM AGENT #HOST_MANAGER##simu_7#HostManager_1:77negotiation.negotiationframework.contracts.UnknownContractException: 
Contract (1335651582581   28 Apr 2012 22:19:42 GMT) (init : #HOST_MANAGER##simu_7#HostManager_1:77, part : [#simu_7#DomainAgent_62, #HOST_MANAGER##simu_7#HostManager_1:77]),(expired?false, will expire?false) On Hostctkarch(Sun Apr 29 00:19:46 CEST 2012 - 1335651586537):
facing unknonw contract!!!!! 
Contract (1335651582581   28 Apr 2012 22:19:42 GMT) (init : #HOST_MANAGER##simu_7#HostManager_1:77, part : [#simu_7#DomainAgent_62, #HOST_MANAGER##simu_7#HostManager_1:77]),(expired?false, will expire?false)
receivedContract?false
alreadyCancelled?false
alreadyExecuted?false lost contracts are : 

!!!!!!!!!!!!!!!!!!!!!!!!!!!!!!!!!!!!!!!!!!!!!!!!!!!!!!!!!!!!!!!!!!!!!!!!!!!!!!!!!!!!!!!EXCEPTION ** FROM AGENT #HOST_MANAGER##simu_7#HostManager_1:77negotiation.negotiationframework.contracts.UnknownContractException: 
Contract (1335651582581   28 Apr 2012 22:19:42 GMT) (init : #HOST_MANAGER##simu_7#HostManager_1:77, part : [#simu_7#DomainAgent_80, #HOST_MANAGER##simu_7#HostManager_1:77]),(expired?false, will expire?false) On Hostctkarch(Sun Apr 29 00:19:46 CEST 2012 - 1335651586538):
facing unknonw contract!!!!! 
Contract (1335651582581   28 Apr 2012 22:19:42 GMT) (init : #HOST_MANAGER##simu_7#HostManager_1:77, part : [#simu_7#DomainAgent_80, #HOST_MANAGER##simu_7#HostManager_1:77]),(expired?false, will expire?false)
receivedContract?false
alreadyCancelled?false
alreadyExecuted?false lost contracts are : 

!!!!!!!!!!!!!!!!!!!!!!!!!!!!!!!!!!!!!!!!!!!!!!!!!!!!!!!!!!!!!!!!!!!!!!!!!!!!!!!!!!!!!!!EXCEPTION ** FROM AGENT #HOST_MANAGER##simu_7#HostManager_1:77negotiation.negotiationframework.contracts.UnknownContractException: 
Contract (1335651582581   28 Apr 2012 22:19:42 GMT) (init : #HOST_MANAGER##simu_7#HostManager_1:77, part : [#simu_7#DomainAgent_4, #HOST_MANAGER##simu_7#HostManager_1:77]),(expired?false, will expire?false) On Hostctkarch(Sun Apr 29 00:19:46 CEST 2012 - 1335651586629):
facing unknonw contract!!!!! 
Contract (1335651582581   28 Apr 2012 22:19:42 GMT) (init : #HOST_MANAGER##simu_7#HostManager_1:77, part : [#simu_7#DomainAgent_4, #HOST_MANAGER##simu_7#HostManager_1:77]),(expired?false, will expire?false)
receivedContract?false
alreadyCancelled?false
alreadyExecuted?false lost contracts are : 

!!!!!!!!!!!!!!!!!!!!!!!!!!!!!!!!!!!!!!!!!!!!!!!!!!!!!!!!!!!!!!!!!!!!!!!!!!!!!!!!!!!!!!!EXCEPTION ** FROM AGENT #HOST_MANAGER##simu_7#HostManager_1:77negotiation.negotiationframework.contracts.UnknownContractException: 
Contract (1335651582581   28 Apr 2012 22:19:42 GMT) (init : #HOST_MANAGER##simu_7#HostManager_1:77, part : [#simu_7#DomainAgent_45, #HOST_MANAGER##simu_7#HostManager_1:77]),(expired?false, will expire?false) On Hostctkarch(Sun Apr 29 00:19:46 CEST 2012 - 1335651586630):
facing unknonw contract!!!!! 
Contract (1335651582581   28 Apr 2012 22:19:42 GMT) (init : #HOST_MANAGER##simu_7#HostManager_1:77, part : [#simu_7#DomainAgent_45, #HOST_MANAGER##simu_7#HostManager_1:77]),(expired?false, will expire?false)
receivedContract?false
alreadyCancelled?false
alreadyExecuted?false lost contracts are : 

