!!!!!!!!!!!!!!!!!!!!!!!!!!!!!!!!!!!!!!!!!!!!!!!!!!!!!!!!!!!!!!!!!!!!!!!!!!!!!!!!!!!!!!!EXCEPTION ** FROM AGENT #HOST_MANAGER##simu_7#HostManager_20:77negotiation.negotiationframework.contracts.UnknownContractException: 
Contract (1335651581698   28 Apr 2012 22:19:41 GMT) (init : #HOST_MANAGER##simu_7#HostManager_20:77, part : [#simu_7#DomainAgent_27, #HOST_MANAGER##simu_7#HostManager_20:77]),(expired?false, will expire?false) On Hostctkarch(Sun Apr 29 00:19:42 CEST 2012 - 1335651582731):
facing unknonw contract!!!!! 
Contract (1335651581698   28 Apr 2012 22:19:41 GMT) (init : #HOST_MANAGER##simu_7#HostManager_20:77, part : [#simu_7#DomainAgent_27, #HOST_MANAGER##simu_7#HostManager_20:77]),(expired?false, will expire?false)
receivedContract?false
alreadyCancelled?false
alreadyExecuted?false lost contracts are : 

!!!!!!!!!!!!!!!!!!!!!!!!!!!!!!!!!!!!!!!!!!!!!!!!!!!!!!!!!!!!!!!!!!!!!!!!!!!!!!!!!!!!!!!EXCEPTION ** FROM AGENT #HOST_MANAGER##simu_7#HostManager_20:77negotiation.negotiationframework.contracts.UnknownContractException: 
Contract (1335651581698   28 Apr 2012 22:19:41 GMT) (init : #HOST_MANAGER##simu_7#HostManager_20:77, part : [#simu_7#DomainAgent_80, #HOST_MANAGER##simu_7#HostManager_20:77]),(expired?false, will expire?false) On Hostctkarch(Sun Apr 29 00:19:43 CEST 2012 - 1335651583086):
facing unknonw contract!!!!! 
Contract (1335651581698   28 Apr 2012 22:19:41 GMT) (init : #HOST_MANAGER##simu_7#HostManager_20:77, part : [#simu_7#DomainAgent_80, #HOST_MANAGER##simu_7#HostManager_20:77]),(expired?false, will expire?false)
receivedContract?false
alreadyCancelled?false
alreadyExecuted?false lost contracts are : 

!!!!!!!!!!!!!!!!!!!!!!!!!!!!!!!!!!!!!!!!!!!!!!!!!!!!!!!!!!!!!!!!!!!!!!!!!!!!!!!!!!!!!!!EXCEPTION ** FROM AGENT #HOST_MANAGER##simu_7#HostManager_20:77negotiation.negotiationframework.contracts.UnknownContractException: 
Contract (1335651581698   28 Apr 2012 22:19:41 GMT) (init : #HOST_MANAGER##simu_7#HostManager_20:77, part : [#simu_7#DomainAgent_45, #HOST_MANAGER##simu_7#HostManager_20:77]),(expired?false, will expire?false) On Hostctkarch(Sun Apr 29 00:19:43 CEST 2012 - 1335651583087):
facing unknonw contract!!!!! 
Contract (1335651581698   28 Apr 2012 22:19:41 GMT) (init : #HOST_MANAGER##simu_7#HostManager_20:77, part : [#simu_7#DomainAgent_45, #HOST_MANAGER##simu_7#HostManager_20:77]),(expired?false, will expire?false)
receivedContract?false
alreadyCancelled?false
alreadyExecuted?false lost contracts are : 

