!!!!!!!!!!!!!!!!!!!!!!!!!!!!!!!!!!!!!!!!!!!!!!!!!!!!!!!!!!!!!!!!!!!!!!!!!!!!!!!!!!!!!!!EXCEPTION ** FROM AGENT #HOST_MANAGER##simu_5#HostManager_2:77negotiation.negotiationframework.contracts.UnknownContractException: 
Contract (1335650955318   28 Apr 2012 22:09:15 GMT) (init : #HOST_MANAGER##simu_5#HostManager_2:77, part : [#simu_5#DomainAgent_8, #HOST_MANAGER##simu_5#HostManager_2:77]),(expired?false, will expire?false) On Hostctkarch(Sun Apr 29 00:09:26 CEST 2012 - 1335650966412):
facing unknonw contract!!!!! 
Contract (1335650955318   28 Apr 2012 22:09:15 GMT) (init : #HOST_MANAGER##simu_5#HostManager_2:77, part : [#simu_5#DomainAgent_8, #HOST_MANAGER##simu_5#HostManager_2:77]),(expired?false, will expire?false)
receivedContract?false
alreadyCancelled?false
alreadyExecuted?false lost contracts are : 

!!!!!!!!!!!!!!!!!!!!!!!!!!!!!!!!!!!!!!!!!!!!!!!!!!!!!!!!!!!!!!!!!!!!!!!!!!!!!!!!!!!!!!!EXCEPTION ** FROM AGENT #HOST_MANAGER##simu_5#HostManager_2:77negotiation.negotiationframework.contracts.UnknownContractException: 
Contract (1335650955324   28 Apr 2012 22:09:15 GMT) (init : #HOST_MANAGER##simu_5#HostManager_2:77, part : [#simu_5#DomainAgent_15, #HOST_MANAGER##simu_5#HostManager_2:77]),(expired?false, will expire?false) On Hostctkarch(Sun Apr 29 00:09:26 CEST 2012 - 1335650966414):
facing unknonw contract!!!!! 
Contract (1335650955324   28 Apr 2012 22:09:15 GMT) (init : #HOST_MANAGER##simu_5#HostManager_2:77, part : [#simu_5#DomainAgent_15, #HOST_MANAGER##simu_5#HostManager_2:77]),(expired?false, will expire?false)
receivedContract?false
alreadyCancelled?false
alreadyExecuted?false lost contracts are : 

!!!!!!!!!!!!!!!!!!!!!!!!!!!!!!!!!!!!!!!!!!!!!!!!!!!!!!!!!!!!!!!!!!!!!!!!!!!!!!!!!!!!!!!EXCEPTION ** FROM AGENT #HOST_MANAGER##simu_5#HostManager_2:77negotiation.negotiationframework.contracts.UnknownContractException: 
Contract (1335650955324   28 Apr 2012 22:09:15 GMT) (init : #HOST_MANAGER##simu_5#HostManager_2:77, part : [#simu_5#DomainAgent_26, #HOST_MANAGER##simu_5#HostManager_2:77]),(expired?false, will expire?false) On Hostctkarch(Sun Apr 29 00:09:26 CEST 2012 - 1335650966415):
facing unknonw contract!!!!! 
Contract (1335650955324   28 Apr 2012 22:09:15 GMT) (init : #HOST_MANAGER##simu_5#HostManager_2:77, part : [#simu_5#DomainAgent_26, #HOST_MANAGER##simu_5#HostManager_2:77]),(expired?false, will expire?false)
receivedContract?false
alreadyCancelled?false
alreadyExecuted?false lost contracts are : 

!!!!!!!!!!!!!!!!!!!!!!!!!!!!!!!!!!!!!!!!!!!!!!!!!!!!!!!!!!!!!!!!!!!!!!!!!!!!!!!!!!!!!!!EXCEPTION ** FROM AGENT #HOST_MANAGER##simu_5#HostManager_2:77negotiation.negotiationframework.contracts.UnknownContractException: 
Contract (1335650955324   28 Apr 2012 22:09:15 GMT) (init : #HOST_MANAGER##simu_5#HostManager_2:77, part : [#simu_5#DomainAgent_27, #HOST_MANAGER##simu_5#HostManager_2:77]),(expired?false, will expire?false) On Hostctkarch(Sun Apr 29 00:09:26 CEST 2012 - 1335650966528):
facing unknonw contract!!!!! 
Contract (1335650955324   28 Apr 2012 22:09:15 GMT) (init : #HOST_MANAGER##simu_5#HostManager_2:77, part : [#simu_5#DomainAgent_27, #HOST_MANAGER##simu_5#HostManager_2:77]),(expired?false, will expire?false)
receivedContract?false
alreadyCancelled?false
alreadyExecuted?false lost contracts are : 

!!!!!!!!!!!!!!!!!!!!!!!!!!!!!!!!!!!!!!!!!!!!!!!!!!!!!!!!!!!!!!!!!!!!!!!!!!!!!!!!!!!!!!!EXCEPTION ** FROM AGENT #HOST_MANAGER##simu_7#HostManager_20:77negotiation.negotiationframework.contracts.UnknownContractException: 
Contract (1335651581698   28 Apr 2012 22:19:41 GMT) (init : #HOST_MANAGER##simu_7#HostManager_20:77, part : [#simu_7#DomainAgent_27, #HOST_MANAGER##simu_7#HostManager_20:77]),(expired?false, will expire?false) On Hostctkarch(Sun Apr 29 00:19:42 CEST 2012 - 1335651582731):
facing unknonw contract!!!!! 
Contract (1335651581698   28 Apr 2012 22:19:41 GMT) (init : #HOST_MANAGER##simu_7#HostManager_20:77, part : [#simu_7#DomainAgent_27, #HOST_MANAGER##simu_7#HostManager_20:77]),(expired?false, will expire?false)
receivedContract?false
alreadyCancelled?false
alreadyExecuted?false lost contracts are : 

!!!!!!!!!!!!!!!!!!!!!!!!!!!!!!!!!!!!!!!!!!!!!!!!!!!!!!!!!!!!!!!!!!!!!!!!!!!!!!!!!!!!!!!EXCEPTION ** FROM AGENT #HOST_MANAGER##simu_7#HostManager_20:77negotiation.negotiationframework.contracts.UnknownContractException: 
Contract (1335651581698   28 Apr 2012 22:19:41 GMT) (init : #HOST_MANAGER##simu_7#HostManager_20:77, part : [#simu_7#DomainAgent_80, #HOST_MANAGER##simu_7#HostManager_20:77]),(expired?false, will expire?false) On Hostctkarch(Sun Apr 29 00:19:43 CEST 2012 - 1335651583086):
facing unknonw contract!!!!! 
Contract (1335651581698   28 Apr 2012 22:19:41 GMT) (init : #HOST_MANAGER##simu_7#HostManager_20:77, part : [#simu_7#DomainAgent_80, #HOST_MANAGER##simu_7#HostManager_20:77]),(expired?false, will expire?false)
receivedContract?false
alreadyCancelled?false
alreadyExecuted?false lost contracts are : 

!!!!!!!!!!!!!!!!!!!!!!!!!!!!!!!!!!!!!!!!!!!!!!!!!!!!!!!!!!!!!!!!!!!!!!!!!!!!!!!!!!!!!!!EXCEPTION ** FROM AGENT #HOST_MANAGER##simu_7#HostManager_20:77negotiation.negotiationframework.contracts.UnknownContractException: 
Contract (1335651581698   28 Apr 2012 22:19:41 GMT) (init : #HOST_MANAGER##simu_7#HostManager_20:77, part : [#simu_7#DomainAgent_45, #HOST_MANAGER##simu_7#HostManager_20:77]),(expired?false, will expire?false) On Hostctkarch(Sun Apr 29 00:19:43 CEST 2012 - 1335651583087):
facing unknonw contract!!!!! 
Contract (1335651581698   28 Apr 2012 22:19:41 GMT) (init : #HOST_MANAGER##simu_7#HostManager_20:77, part : [#simu_7#DomainAgent_45, #HOST_MANAGER##simu_7#HostManager_20:77]),(expired?false, will expire?false)
receivedContract?false
alreadyCancelled?false
alreadyExecuted?false lost contracts are : 

!!!!!!!!!!!!!!!!!!!!!!!!!!!!!!!!!!!!!!!!!!!!!!!!!!!!!!!!!!!!!!!!!!!!!!!!!!!!!!!!!!!!!!!EXCEPTION ** FROM AGENT #HOST_MANAGER##simu_7#HostManager_9:77negotiation.negotiationframework.contracts.UnknownContractException: 
Contract (1335651582053   28 Apr 2012 22:19:42 GMT) (init : #HOST_MANAGER##simu_7#HostManager_9:77, part : [#simu_7#DomainAgent_67, #HOST_MANAGER##simu_7#HostManager_9:77]),(expired?false, will expire?false) On Hostctkarch(Sun Apr 29 00:19:43 CEST 2012 - 1335651583207):
facing unknonw contract!!!!! 
Contract (1335651582053   28 Apr 2012 22:19:42 GMT) (init : #HOST_MANAGER##simu_7#HostManager_9:77, part : [#simu_7#DomainAgent_67, #HOST_MANAGER##simu_7#HostManager_9:77]),(expired?false, will expire?false)
receivedContract?false
alreadyCancelled?false
alreadyExecuted?false lost contracts are : 

!!!!!!!!!!!!!!!!!!!!!!!!!!!!!!!!!!!!!!!!!!!!!!!!!!!!!!!!!!!!!!!!!!!!!!!!!!!!!!!!!!!!!!!EXCEPTION ** FROM AGENT #HOST_MANAGER##simu_7#HostManager_9:77negotiation.negotiationframework.contracts.UnknownContractException: 
Contract (1335651582053   28 Apr 2012 22:19:42 GMT) (init : #HOST_MANAGER##simu_7#HostManager_9:77, part : [#simu_7#DomainAgent_45, #HOST_MANAGER##simu_7#HostManager_9:77]),(expired?false, will expire?false) On Hostctkarch(Sun Apr 29 00:19:43 CEST 2012 - 1335651583209):
facing unknonw contract!!!!! 
Contract (1335651582053   28 Apr 2012 22:19:42 GMT) (init : #HOST_MANAGER##simu_7#HostManager_9:77, part : [#simu_7#DomainAgent_45, #HOST_MANAGER##simu_7#HostManager_9:77]),(expired?false, will expire?false)
receivedContract?false
alreadyCancelled?false
alreadyExecuted?false lost contracts are : 

!!!!!!!!!!!!!!!!!!!!!!!!!!!!!!!!!!!!!!!!!!!!!!!!!!!!!!!!!!!!!!!!!!!!!!!!!!!!!!!!!!!!!!!EXCEPTION ** FROM AGENT #HOST_MANAGER##simu_7#HostManager_27:77negotiation.negotiationframework.contracts.UnknownContractException: 
Contract (1335651582700   28 Apr 2012 22:19:42 GMT) (init : #HOST_MANAGER##simu_7#HostManager_27:77, part : [#simu_7#DomainAgent_92, #HOST_MANAGER##simu_7#HostManager_27:77]),(expired?false, will expire?false) On Hostctkarch(Sun Apr 29 00:19:44 CEST 2012 - 1335651584383):
facing unknonw contract!!!!! 
Contract (1335651582700   28 Apr 2012 22:19:42 GMT) (init : #HOST_MANAGER##simu_7#HostManager_27:77, part : [#simu_7#DomainAgent_92, #HOST_MANAGER##simu_7#HostManager_27:77]),(expired?false, will expire?false)
receivedContract?false
alreadyCancelled?false
alreadyExecuted?false lost contracts are : 

!!!!!!!!!!!!!!!!!!!!!!!!!!!!!!!!!!!!!!!!!!!!!!!!!!!!!!!!!!!!!!!!!!!!!!!!!!!!!!!!!!!!!!!EXCEPTION ** FROM AGENT #HOST_MANAGER##simu_7#HostManager_11:77negotiation.negotiationframework.contracts.UnknownContractException: 
Contract (1335651582093   28 Apr 2012 22:19:42 GMT) (init : #HOST_MANAGER##simu_7#HostManager_11:77, part : [#simu_7#DomainAgent_45, #HOST_MANAGER##simu_7#HostManager_11:77]),(expired?false, will expire?false) On Hostctkarch(Sun Apr 29 00:19:44 CEST 2012 - 1335651584396):
facing unknonw contract!!!!! 
Contract (1335651582093   28 Apr 2012 22:19:42 GMT) (init : #HOST_MANAGER##simu_7#HostManager_11:77, part : [#simu_7#DomainAgent_45, #HOST_MANAGER##simu_7#HostManager_11:77]),(expired?false, will expire?false)
receivedContract?false
alreadyCancelled?false
alreadyExecuted?false lost contracts are : 

!!!!!!!!!!!!!!!!!!!!!!!!!!!!!!!!!!!!!!!!!!!!!!!!!!!!!!!!!!!!!!!!!!!!!!!!!!!!!!!!!!!!!!!EXCEPTION ** FROM AGENT #HOST_MANAGER##simu_7#HostManager_11:77negotiation.negotiationframework.contracts.UnknownContractException: 
Contract (1335651582093   28 Apr 2012 22:19:42 GMT) (init : #HOST_MANAGER##simu_7#HostManager_11:77, part : [#simu_7#DomainAgent_31, #HOST_MANAGER##simu_7#HostManager_11:77]),(expired?false, will expire?false) On Hostctkarch(Sun Apr 29 00:19:44 CEST 2012 - 1335651584397):
facing unknonw contract!!!!! 
Contract (1335651582093   28 Apr 2012 22:19:42 GMT) (init : #HOST_MANAGER##simu_7#HostManager_11:77, part : [#simu_7#DomainAgent_31, #HOST_MANAGER##simu_7#HostManager_11:77]),(expired?false, will expire?false)
receivedContract?false
alreadyCancelled?false
alreadyExecuted?false lost contracts are : 

!!!!!!!!!!!!!!!!!!!!!!!!!!!!!!!!!!!!!!!!!!!!!!!!!!!!!!!!!!!!!!!!!!!!!!!!!!!!!!!!!!!!!!!EXCEPTION ** FROM AGENT #HOST_MANAGER##simu_7#HostManager_11:77negotiation.negotiationframework.contracts.UnknownContractException: 
Contract (1335651582093   28 Apr 2012 22:19:42 GMT) (init : #HOST_MANAGER##simu_7#HostManager_11:77, part : [#simu_7#DomainAgent_7, #HOST_MANAGER##simu_7#HostManager_11:77]),(expired?false, will expire?false) On Hostctkarch(Sun Apr 29 00:19:44 CEST 2012 - 1335651584398):
facing unknonw contract!!!!! 
Contract (1335651582093   28 Apr 2012 22:19:42 GMT) (init : #HOST_MANAGER##simu_7#HostManager_11:77, part : [#simu_7#DomainAgent_7, #HOST_MANAGER##simu_7#HostManager_11:77]),(expired?false, will expire?false)
receivedContract?false
alreadyCancelled?false
alreadyExecuted?false lost contracts are : 

!!!!!!!!!!!!!!!!!!!!!!!!!!!!!!!!!!!!!!!!!!!!!!!!!!!!!!!!!!!!!!!!!!!!!!!!!!!!!!!!!!!!!!!EXCEPTION ** FROM AGENT #HOST_MANAGER##simu_7#HostManager_14:77negotiation.negotiationframework.contracts.UnknownContractException: 
Contract (1335651582234   28 Apr 2012 22:19:42 GMT) (init : #HOST_MANAGER##simu_7#HostManager_14:77, part : [#simu_7#DomainAgent_43, #HOST_MANAGER##simu_7#HostManager_14:77]),(expired?false, will expire?false) On Hostctkarch(Sun Apr 29 00:19:45 CEST 2012 - 1335651585890):
facing unknonw contract!!!!! 
Contract (1335651582234   28 Apr 2012 22:19:42 GMT) (init : #HOST_MANAGER##simu_7#HostManager_14:77, part : [#simu_7#DomainAgent_43, #HOST_MANAGER##simu_7#HostManager_14:77]),(expired?false, will expire?false)
receivedContract?false
alreadyCancelled?false
alreadyExecuted?false lost contracts are : 

!!!!!!!!!!!!!!!!!!!!!!!!!!!!!!!!!!!!!!!!!!!!!!!!!!!!!!!!!!!!!!!!!!!!!!!!!!!!!!!!!!!!!!!EXCEPTION ** FROM AGENT #HOST_MANAGER##simu_7#HostManager_14:77negotiation.negotiationframework.contracts.UnknownContractException: 
Contract (1335651582234   28 Apr 2012 22:19:42 GMT) (init : #HOST_MANAGER##simu_7#HostManager_14:77, part : [#simu_7#DomainAgent_80, #HOST_MANAGER##simu_7#HostManager_14:77]),(expired?false, will expire?false) On Hostctkarch(Sun Apr 29 00:19:45 CEST 2012 - 1335651585891):
facing unknonw contract!!!!! 
Contract (1335651582234   28 Apr 2012 22:19:42 GMT) (init : #HOST_MANAGER##simu_7#HostManager_14:77, part : [#simu_7#DomainAgent_80, #HOST_MANAGER##simu_7#HostManager_14:77]),(expired?false, will expire?false)
receivedContract?false
alreadyCancelled?false
alreadyExecuted?false lost contracts are : 

!!!!!!!!!!!!!!!!!!!!!!!!!!!!!!!!!!!!!!!!!!!!!!!!!!!!!!!!!!!!!!!!!!!!!!!!!!!!!!!!!!!!!!!EXCEPTION ** FROM AGENT #HOST_MANAGER##simu_7#HostManager_14:77negotiation.negotiationframework.contracts.UnknownContractException: 
Contract (1335651582234   28 Apr 2012 22:19:42 GMT) (init : #HOST_MANAGER##simu_7#HostManager_14:77, part : [#simu_7#DomainAgent_74, #HOST_MANAGER##simu_7#HostManager_14:77]),(expired?false, will expire?false) On Hostctkarch(Sun Apr 29 00:19:45 CEST 2012 - 1335651585892):
facing unknonw contract!!!!! 
Contract (1335651582234   28 Apr 2012 22:19:42 GMT) (init : #HOST_MANAGER##simu_7#HostManager_14:77, part : [#simu_7#DomainAgent_74, #HOST_MANAGER##simu_7#HostManager_14:77]),(expired?false, will expire?false)
receivedContract?false
alreadyCancelled?false
alreadyExecuted?false lost contracts are : 

!!!!!!!!!!!!!!!!!!!!!!!!!!!!!!!!!!!!!!!!!!!!!!!!!!!!!!!!!!!!!!!!!!!!!!!!!!!!!!!!!!!!!!!EXCEPTION ** FROM AGENT #HOST_MANAGER##simu_7#HostManager_1:77negotiation.negotiationframework.contracts.UnknownContractException: 
Contract (1335651582581   28 Apr 2012 22:19:42 GMT) (init : #HOST_MANAGER##simu_7#HostManager_1:77, part : [#simu_7#DomainAgent_86, #HOST_MANAGER##simu_7#HostManager_1:77]),(expired?false, will expire?false) On Hostctkarch(Sun Apr 29 00:19:46 CEST 2012 - 1335651586536):
facing unknonw contract!!!!! 
Contract (1335651582581   28 Apr 2012 22:19:42 GMT) (init : #HOST_MANAGER##simu_7#HostManager_1:77, part : [#simu_7#DomainAgent_86, #HOST_MANAGER##simu_7#HostManager_1:77]),(expired?false, will expire?false)
receivedContract?false
alreadyCancelled?false
alreadyExecuted?false lost contracts are : 

!!!!!!!!!!!!!!!!!!!!!!!!!!!!!!!!!!!!!!!!!!!!!!!!!!!!!!!!!!!!!!!!!!!!!!!!!!!!!!!!!!!!!!!EXCEPTION ** FROM AGENT #HOST_MANAGER##simu_7#HostManager_1:77negotiation.negotiationframework.contracts.UnknownContractException: 
Contract (1335651582581   28 Apr 2012 22:19:42 GMT) (init : #HOST_MANAGER##simu_7#HostManager_1:77, part : [#simu_7#DomainAgent_62, #HOST_MANAGER##simu_7#HostManager_1:77]),(expired?false, will expire?false) On Hostctkarch(Sun Apr 29 00:19:46 CEST 2012 - 1335651586537):
facing unknonw contract!!!!! 
Contract (1335651582581   28 Apr 2012 22:19:42 GMT) (init : #HOST_MANAGER##simu_7#HostManager_1:77, part : [#simu_7#DomainAgent_62, #HOST_MANAGER##simu_7#HostManager_1:77]),(expired?false, will expire?false)
receivedContract?false
alreadyCancelled?false
alreadyExecuted?false lost contracts are : 

!!!!!!!!!!!!!!!!!!!!!!!!!!!!!!!!!!!!!!!!!!!!!!!!!!!!!!!!!!!!!!!!!!!!!!!!!!!!!!!!!!!!!!!EXCEPTION ** FROM AGENT #HOST_MANAGER##simu_7#HostManager_1:77negotiation.negotiationframework.contracts.UnknownContractException: 
Contract (1335651582581   28 Apr 2012 22:19:42 GMT) (init : #HOST_MANAGER##simu_7#HostManager_1:77, part : [#simu_7#DomainAgent_80, #HOST_MANAGER##simu_7#HostManager_1:77]),(expired?false, will expire?false) On Hostctkarch(Sun Apr 29 00:19:46 CEST 2012 - 1335651586538):
facing unknonw contract!!!!! 
Contract (1335651582581   28 Apr 2012 22:19:42 GMT) (init : #HOST_MANAGER##simu_7#HostManager_1:77, part : [#simu_7#DomainAgent_80, #HOST_MANAGER##simu_7#HostManager_1:77]),(expired?false, will expire?false)
receivedContract?false
alreadyCancelled?false
alreadyExecuted?false lost contracts are : 

!!!!!!!!!!!!!!!!!!!!!!!!!!!!!!!!!!!!!!!!!!!!!!!!!!!!!!!!!!!!!!!!!!!!!!!!!!!!!!!!!!!!!!!EXCEPTION ** FROM AGENT #HOST_MANAGER##simu_7#HostManager_1:77negotiation.negotiationframework.contracts.UnknownContractException: 
Contract (1335651582581   28 Apr 2012 22:19:42 GMT) (init : #HOST_MANAGER##simu_7#HostManager_1:77, part : [#simu_7#DomainAgent_4, #HOST_MANAGER##simu_7#HostManager_1:77]),(expired?false, will expire?false) On Hostctkarch(Sun Apr 29 00:19:46 CEST 2012 - 1335651586629):
facing unknonw contract!!!!! 
Contract (1335651582581   28 Apr 2012 22:19:42 GMT) (init : #HOST_MANAGER##simu_7#HostManager_1:77, part : [#simu_7#DomainAgent_4, #HOST_MANAGER##simu_7#HostManager_1:77]),(expired?false, will expire?false)
receivedContract?false
alreadyCancelled?false
alreadyExecuted?false lost contracts are : 

!!!!!!!!!!!!!!!!!!!!!!!!!!!!!!!!!!!!!!!!!!!!!!!!!!!!!!!!!!!!!!!!!!!!!!!!!!!!!!!!!!!!!!!EXCEPTION ** FROM AGENT #HOST_MANAGER##simu_7#HostManager_1:77negotiation.negotiationframework.contracts.UnknownContractException: 
Contract (1335651582581   28 Apr 2012 22:19:42 GMT) (init : #HOST_MANAGER##simu_7#HostManager_1:77, part : [#simu_7#DomainAgent_45, #HOST_MANAGER##simu_7#HostManager_1:77]),(expired?false, will expire?false) On Hostctkarch(Sun Apr 29 00:19:46 CEST 2012 - 1335651586630):
facing unknonw contract!!!!! 
Contract (1335651582581   28 Apr 2012 22:19:42 GMT) (init : #HOST_MANAGER##simu_7#HostManager_1:77, part : [#simu_7#DomainAgent_45, #HOST_MANAGER##simu_7#HostManager_1:77]),(expired?false, will expire?false)
receivedContract?false
alreadyCancelled?false
alreadyExecuted?false lost contracts are : 

!!!!!!!!!!!!!!!!!!!!!!!!!!!!!!!!!!!!!!!!!!!!!!!!!!!!!!!!!!!!!!!!!!!!!!!!!!!!!!!!!!!!!!!EXCEPTION ** FROM AGENT #HOST_MANAGER##simu_7#HostManager_13:77negotiation.negotiationframework.contracts.UnknownContractException: 
Contract (1335651582347   28 Apr 2012 22:19:42 GMT) (init : #HOST_MANAGER##simu_7#HostManager_13:77, part : [#simu_7#DomainAgent_4, #HOST_MANAGER##simu_7#HostManager_13:77]),(expired?false, will expire?false) On Hostctkarch(Sun Apr 29 00:23:29 CEST 2012 - 1335651809336):
facing unknonw contract!!!!! 
Contract (1335651582347   28 Apr 2012 22:19:42 GMT) (init : #HOST_MANAGER##simu_7#HostManager_13:77, part : [#simu_7#DomainAgent_4, #HOST_MANAGER##simu_7#HostManager_13:77]),(expired?false, will expire?false)
receivedContract?false
alreadyCancelled?false
alreadyExecuted?false lost contracts are : 

!!!!!!!!!!!!!!!!!!!!!!!!!!!!!!!!!!!!!!!!!!!!!!!!!!!!!!!!!!!!!!!!!!!!!!!!!!!!!!!!!!!!!!!EXCEPTION ** FROM AGENT #HOST_MANAGER##simu_7#HostManager_13:77negotiation.negotiationframework.contracts.UnknownContractException: 
Contract (1335651582347   28 Apr 2012 22:19:42 GMT) (init : #HOST_MANAGER##simu_7#HostManager_13:77, part : [#simu_7#DomainAgent_67, #HOST_MANAGER##simu_7#HostManager_13:77]),(expired?false, will expire?false) On Hostctkarch(Sun Apr 29 00:23:29 CEST 2012 - 1335651809337):
facing unknonw contract!!!!! 
Contract (1335651582347   28 Apr 2012 22:19:42 GMT) (init : #HOST_MANAGER##simu_7#HostManager_13:77, part : [#simu_7#DomainAgent_67, #HOST_MANAGER##simu_7#HostManager_13:77]),(expired?false, will expire?false)
receivedContract?false
alreadyCancelled?false
alreadyExecuted?false lost contracts are : 

!!!!!!!!!!!!!!!!!!!!!!!!!!!!!!!!!!!!!!!!!!!!!!!!!!!!!!!!!!!!!!!!!!!!!!!!!!!!!!!!!!!!!!!EXCEPTION ** FROM AGENT #HOST_MANAGER##simu_7#HostManager_13:77negotiation.negotiationframework.contracts.UnknownContractException: 
Contract (1335651582347   28 Apr 2012 22:19:42 GMT) (init : #HOST_MANAGER##simu_7#HostManager_13:77, part : [#simu_7#DomainAgent_77, #HOST_MANAGER##simu_7#HostManager_13:77]),(expired?false, will expire?false) On Hostctkarch(Sun Apr 29 00:23:29 CEST 2012 - 1335651809338):
facing unknonw contract!!!!! 
Contract (1335651582347   28 Apr 2012 22:19:42 GMT) (init : #HOST_MANAGER##simu_7#HostManager_13:77, part : [#simu_7#DomainAgent_77, #HOST_MANAGER##simu_7#HostManager_13:77]),(expired?false, will expire?false)
receivedContract?false
alreadyCancelled?false
alreadyExecuted?false lost contracts are : 

!!!!!!!!!!!!!!!!!!!!!!!!!!!!!!!!!!!!!!!!!!!!!!!!!!!!!!!!!!!!!!!!!!!!!!!!!!!!!!!!!!!!!!!EXCEPTION ** FROM AGENT #HOST_MANAGER##simu_7#HostManager_13:77negotiation.negotiationframework.contracts.UnknownContractException: 
Contract (1335651582347   28 Apr 2012 22:19:42 GMT) (init : #HOST_MANAGER##simu_7#HostManager_13:77, part : [#simu_7#DomainAgent_86, #HOST_MANAGER##simu_7#HostManager_13:77]),(expired?false, will expire?false) On Hostctkarch(Sun Apr 29 00:23:29 CEST 2012 - 1335651809339):
facing unknonw contract!!!!! 
Contract (1335651582347   28 Apr 2012 22:19:42 GMT) (init : #HOST_MANAGER##simu_7#HostManager_13:77, part : [#simu_7#DomainAgent_86, #HOST_MANAGER##simu_7#HostManager_13:77]),(expired?false, will expire?false)
receivedContract?false
alreadyCancelled?false
alreadyExecuted?false lost contracts are : 

!!!!!!!!!!!!!!!!!!!!!!!!!!!!!!!!!!!!!!!!!!!!!!!!!!!!!!!!!!!!!!!!!!!!!!!!!!!!!!!!!!!!!!!EXCEPTION ** FROM AGENT #HOST_MANAGER##simu_7#HostManager_13:77negotiation.negotiationframework.contracts.UnknownContractException: 
Contract (1335651582347   28 Apr 2012 22:19:42 GMT) (init : #HOST_MANAGER##simu_7#HostManager_13:77, part : [#simu_7#DomainAgent_7, #HOST_MANAGER##simu_7#HostManager_13:77]),(expired?false, will expire?false) On Hostctkarch(Sun Apr 29 00:23:29 CEST 2012 - 1335651809340):
facing unknonw contract!!!!! 
Contract (1335651582347   28 Apr 2012 22:19:42 GMT) (init : #HOST_MANAGER##simu_7#HostManager_13:77, part : [#simu_7#DomainAgent_7, #HOST_MANAGER##simu_7#HostManager_13:77]),(expired?false, will expire?false)
receivedContract?false
alreadyCancelled?false
alreadyExecuted?false lost contracts are : 

!!!!!!!!!!!!!!!!!!!!!!!!!!!!!!!!!!!!!!!!!!!!!!!!!!!!!!!!!!!!!!!!!!!!!!!!!!!!!!!!!!!!!!!EXCEPTION ** FROM AGENT #HOST_MANAGER##simu_8#HostManager_28:77negotiation.negotiationframework.contracts.UnknownContractException: 
Contract (1335651908008   28 Apr 2012 22:25:08 GMT) (init : #HOST_MANAGER##simu_8#HostManager_28:77, part : [#simu_8#DomainAgent_69, #HOST_MANAGER##simu_8#HostManager_28:77]),(expired?false, will expire?false) On Hostctkarch(Sun Apr 29 00:25:09 CEST 2012 - 1335651909243):
facing unknonw contract!!!!! 
Contract (1335651908008   28 Apr 2012 22:25:08 GMT) (init : #HOST_MANAGER##simu_8#HostManager_28:77, part : [#simu_8#DomainAgent_69, #HOST_MANAGER##simu_8#HostManager_28:77]),(expired?false, will expire?false)
receivedContract?false
alreadyCancelled?false
alreadyExecuted?false lost contracts are : 

!!!!!!!!!!!!!!!!!!!!!!!!!!!!!!!!!!!!!!!!!!!!!!!!!!!!!!!!!!!!!!!!!!!!!!!!!!!!!!!!!!!!!!!EXCEPTION ** FROM AGENT #HOST_MANAGER##simu_8#HostManager_28:77negotiation.negotiationframework.contracts.UnknownContractException: 
Contract (1335651908186   28 Apr 2012 22:25:08 GMT) (init : #HOST_MANAGER##simu_8#HostManager_28:77, part : [#simu_8#DomainAgent_13, #HOST_MANAGER##simu_8#HostManager_28:77]),(expired?false, will expire?false) On Hostctkarch(Sun Apr 29 00:25:09 CEST 2012 - 1335651909244):
facing unknonw contract!!!!! 
Contract (1335651908186   28 Apr 2012 22:25:08 GMT) (init : #HOST_MANAGER##simu_8#HostManager_28:77, part : [#simu_8#DomainAgent_13, #HOST_MANAGER##simu_8#HostManager_28:77]),(expired?false, will expire?false)
receivedContract?false
alreadyCancelled?false
alreadyExecuted?false lost contracts are : 

!!!!!!!!!!!!!!!!!!!!!!!!!!!!!!!!!!!!!!!!!!!!!!!!!!!!!!!!!!!!!!!!!!!!!!!!!!!!!!!!!!!!!!!EXCEPTION ** FROM AGENT #HOST_MANAGER##simu_8#HostManager_22:77negotiation.negotiationframework.contracts.UnknownContractException: 
Contract (1335651908489   28 Apr 2012 22:25:08 GMT) (init : #HOST_MANAGER##simu_8#HostManager_22:77, part : [#simu_8#DomainAgent_91, #HOST_MANAGER##simu_8#HostManager_22:77]),(expired?false, will expire?false) On Hostctkarch(Sun Apr 29 00:25:10 CEST 2012 - 1335651910936):
facing unknonw contract!!!!! 
Contract (1335651908489   28 Apr 2012 22:25:08 GMT) (init : #HOST_MANAGER##simu_8#HostManager_22:77, part : [#simu_8#DomainAgent_91, #HOST_MANAGER##simu_8#HostManager_22:77]),(expired?false, will expire?false)
receivedContract?false
alreadyCancelled?false
alreadyExecuted?false lost contracts are : 

!!!!!!!!!!!!!!!!!!!!!!!!!!!!!!!!!!!!!!!!!!!!!!!!!!!!!!!!!!!!!!!!!!!!!!!!!!!!!!!!!!!!!!!EXCEPTION ** FROM AGENT #HOST_MANAGER##simu_8#HostManager_22:77negotiation.negotiationframework.contracts.UnknownContractException: 
Contract (1335651908489   28 Apr 2012 22:25:08 GMT) (init : #HOST_MANAGER##simu_8#HostManager_22:77, part : [#simu_8#DomainAgent_7, #HOST_MANAGER##simu_8#HostManager_22:77]),(expired?false, will expire?false) On Hostctkarch(Sun Apr 29 00:25:10 CEST 2012 - 1335651910937):
facing unknonw contract!!!!! 
Contract (1335651908489   28 Apr 2012 22:25:08 GMT) (init : #HOST_MANAGER##simu_8#HostManager_22:77, part : [#simu_8#DomainAgent_7, #HOST_MANAGER##simu_8#HostManager_22:77]),(expired?false, will expire?false)
receivedContract?false
alreadyCancelled?false
alreadyExecuted?false lost contracts are : 

!!!!!!!!!!!!!!!!!!!!!!!!!!!!!!!!!!!!!!!!!!!!!!!!!!!!!!!!!!!!!!!!!!!!!!!!!!!!!!!!!!!!!!!EXCEPTION ** FROM AGENT #HOST_MANAGER##simu_8#HostManager_22:77negotiation.negotiationframework.contracts.UnknownContractException: 
Contract (1335651908489   28 Apr 2012 22:25:08 GMT) (init : #HOST_MANAGER##simu_8#HostManager_22:77, part : [#simu_8#DomainAgent_64, #HOST_MANAGER##simu_8#HostManager_22:77]),(expired?false, will expire?false) On Hostctkarch(Sun Apr 29 00:25:10 CEST 2012 - 1335651910938):
facing unknonw contract!!!!! 
Contract (1335651908489   28 Apr 2012 22:25:08 GMT) (init : #HOST_MANAGER##simu_8#HostManager_22:77, part : [#simu_8#DomainAgent_64, #HOST_MANAGER##simu_8#HostManager_22:77]),(expired?false, will expire?false)
receivedContract?false
alreadyCancelled?false
alreadyExecuted?false lost contracts are : 

!!!!!!!!!!!!!!!!!!!!!!!!!!!!!!!!!!!!!!!!!!!!!!!!!!!!!!!!!!!!!!!!!!!!!!!!!!!!!!!!!!!!!!!EXCEPTION ** FROM AGENT #HOST_MANAGER##simu_8#HostManager_22:77negotiation.negotiationframework.contracts.UnknownContractException: 
Contract (1335651908489   28 Apr 2012 22:25:08 GMT) (init : #HOST_MANAGER##simu_8#HostManager_22:77, part : [#simu_8#DomainAgent_17, #HOST_MANAGER##simu_8#HostManager_22:77]),(expired?false, will expire?false) On Hostctkarch(Sun Apr 29 00:25:10 CEST 2012 - 1335651910950):
facing unknonw contract!!!!! 
Contract (1335651908489   28 Apr 2012 22:25:08 GMT) (init : #HOST_MANAGER##simu_8#HostManager_22:77, part : [#simu_8#DomainAgent_17, #HOST_MANAGER##simu_8#HostManager_22:77]),(expired?false, will expire?false)
receivedContract?false
alreadyCancelled?false
alreadyExecuted?false lost contracts are : 

!!!!!!!!!!!!!!!!!!!!!!!!!!!!!!!!!!!!!!!!!!!!!!!!!!!!!!!!!!!!!!!!!!!!!!!!!!!!!!!!!!!!!!!EXCEPTION ** FROM AGENT #HOST_MANAGER##simu_9#HostManager_13:77negotiation.negotiationframework.contracts.UnknownContractException: 
Contract (1335652221581   28 Apr 2012 22:30:21 GMT) (init : #HOST_MANAGER##simu_9#HostManager_13:77, part : [#simu_9#DomainAgent_14, #HOST_MANAGER##simu_9#HostManager_13:77]),(expired?false, will expire?false) On Hostctkarch(Sun Apr 29 00:30:22 CEST 2012 - 1335652222152):
facing unknonw contract!!!!! 
Contract (1335652221581   28 Apr 2012 22:30:21 GMT) (init : #HOST_MANAGER##simu_9#HostManager_13:77, part : [#simu_9#DomainAgent_14, #HOST_MANAGER##simu_9#HostManager_13:77]),(expired?false, will expire?false)
receivedContract?false
alreadyCancelled?false
alreadyExecuted?false lost contracts are : 

!!!!!!!!!!!!!!!!!!!!!!!!!!!!!!!!!!!!!!!!!!!!!!!!!!!!!!!!!!!!!!!!!!!!!!!!!!!!!!!!!!!!!!!EXCEPTION ** FROM AGENT #HOST_MANAGER##simu_9#HostManager_13:77negotiation.negotiationframework.contracts.UnknownContractException: 
Contract (1335652221581   28 Apr 2012 22:30:21 GMT) (init : #HOST_MANAGER##simu_9#HostManager_13:77, part : [#simu_9#DomainAgent_57, #HOST_MANAGER##simu_9#HostManager_13:77]),(expired?false, will expire?false) On Hostctkarch(Sun Apr 29 00:30:22 CEST 2012 - 1335652222305):
facing unknonw contract!!!!! 
Contract (1335652221581   28 Apr 2012 22:30:21 GMT) (init : #HOST_MANAGER##simu_9#HostManager_13:77, part : [#simu_9#DomainAgent_57, #HOST_MANAGER##simu_9#HostManager_13:77]),(expired?false, will expire?false)
receivedContract?false
alreadyCancelled?false
alreadyExecuted?false lost contracts are : 

!!!!!!!!!!!!!!!!!!!!!!!!!!!!!!!!!!!!!!!!!!!!!!!!!!!!!!!!!!!!!!!!!!!!!!!!!!!!!!!!!!!!!!!EXCEPTION ** FROM AGENT #HOST_MANAGER##simu_9#HostManager_6:77negotiation.negotiationframework.contracts.UnknownContractException: 
Contract (1335652222307   28 Apr 2012 22:30:22 GMT) (init : #HOST_MANAGER##simu_9#HostManager_6:77, part : [#simu_9#DomainAgent_45, #HOST_MANAGER##simu_9#HostManager_6:77]),(expired?false, will expire?false) On Hostctkarch(Sun Apr 29 00:30:22 CEST 2012 - 1335652222724):
facing unknonw contract!!!!! 
Contract (1335652222307   28 Apr 2012 22:30:22 GMT) (init : #HOST_MANAGER##simu_9#HostManager_6:77, part : [#simu_9#DomainAgent_45, #HOST_MANAGER##simu_9#HostManager_6:77]),(expired?false, will expire?false)
receivedContract?false
alreadyCancelled?false
alreadyExecuted?false lost contracts are : 

!!!!!!!!!!!!!!!!!!!!!!!!!!!!!!!!!!!!!!!!!!!!!!!!!!!!!!!!!!!!!!!!!!!!!!!!!!!!!!!!!!!!!!!EXCEPTION ** FROM AGENT #HOST_MANAGER##simu_9#HostManager_2:77negotiation.negotiationframework.contracts.UnknownContractException: 
Contract (1335652222684   28 Apr 2012 22:30:22 GMT) (init : #HOST_MANAGER##simu_9#HostManager_2:77, part : [#simu_9#DomainAgent_14, #HOST_MANAGER##simu_9#HostManager_2:77]),(expired?false, will expire?false) On Hostctkarch(Sun Apr 29 00:30:23 CEST 2012 - 1335652223403):
facing unknonw contract!!!!! 
Contract (1335652222684   28 Apr 2012 22:30:22 GMT) (init : #HOST_MANAGER##simu_9#HostManager_2:77, part : [#simu_9#DomainAgent_14, #HOST_MANAGER##simu_9#HostManager_2:77]),(expired?false, will expire?false)
receivedContract?false
alreadyCancelled?false
alreadyExecuted?false lost contracts are : 

!!!!!!!!!!!!!!!!!!!!!!!!!!!!!!!!!!!!!!!!!!!!!!!!!!!!!!!!!!!!!!!!!!!!!!!!!!!!!!!!!!!!!!!EXCEPTION ** FROM AGENT #HOST_MANAGER##simu_9#HostManager_2:77negotiation.negotiationframework.contracts.UnknownContractException: 
Contract (1335652222684   28 Apr 2012 22:30:22 GMT) (init : #HOST_MANAGER##simu_9#HostManager_2:77, part : [#simu_9#DomainAgent_45, #HOST_MANAGER##simu_9#HostManager_2:77]),(expired?false, will expire?false) On Hostctkarch(Sun Apr 29 00:30:23 CEST 2012 - 1335652223404):
facing unknonw contract!!!!! 
Contract (1335652222684   28 Apr 2012 22:30:22 GMT) (init : #HOST_MANAGER##simu_9#HostManager_2:77, part : [#simu_9#DomainAgent_45, #HOST_MANAGER##simu_9#HostManager_2:77]),(expired?false, will expire?false)
receivedContract?false
alreadyCancelled?false
alreadyExecuted?false lost contracts are : 

