!!!!!!!!!!!!!!!!!!!!!!!!!!!!!!!!!!!!!!!!!!!!!!!!!!!!!!!!!!!!!!!!!!!!!!!!!!!!!!!!!!!!!!!EXCEPTION ** FROM AGENT #HOST_MANAGER##simu_8#HostManager_22:77negotiation.negotiationframework.contracts.UnknownContractException: 
Contract (1335651908489   28 Apr 2012 22:25:08 GMT) (init : #HOST_MANAGER##simu_8#HostManager_22:77, part : [#simu_8#DomainAgent_91, #HOST_MANAGER##simu_8#HostManager_22:77]),(expired?false, will expire?false) On Hostctkarch(Sun Apr 29 00:25:10 CEST 2012 - 1335651910936):
facing unknonw contract!!!!! 
Contract (1335651908489   28 Apr 2012 22:25:08 GMT) (init : #HOST_MANAGER##simu_8#HostManager_22:77, part : [#simu_8#DomainAgent_91, #HOST_MANAGER##simu_8#HostManager_22:77]),(expired?false, will expire?false)
receivedContract?false
alreadyCancelled?false
alreadyExecuted?false lost contracts are : 

!!!!!!!!!!!!!!!!!!!!!!!!!!!!!!!!!!!!!!!!!!!!!!!!!!!!!!!!!!!!!!!!!!!!!!!!!!!!!!!!!!!!!!!EXCEPTION ** FROM AGENT #HOST_MANAGER##simu_8#HostManager_22:77negotiation.negotiationframework.contracts.UnknownContractException: 
Contract (1335651908489   28 Apr 2012 22:25:08 GMT) (init : #HOST_MANAGER##simu_8#HostManager_22:77, part : [#simu_8#DomainAgent_7, #HOST_MANAGER##simu_8#HostManager_22:77]),(expired?false, will expire?false) On Hostctkarch(Sun Apr 29 00:25:10 CEST 2012 - 1335651910937):
facing unknonw contract!!!!! 
Contract (1335651908489   28 Apr 2012 22:25:08 GMT) (init : #HOST_MANAGER##simu_8#HostManager_22:77, part : [#simu_8#DomainAgent_7, #HOST_MANAGER##simu_8#HostManager_22:77]),(expired?false, will expire?false)
receivedContract?false
alreadyCancelled?false
alreadyExecuted?false lost contracts are : 

!!!!!!!!!!!!!!!!!!!!!!!!!!!!!!!!!!!!!!!!!!!!!!!!!!!!!!!!!!!!!!!!!!!!!!!!!!!!!!!!!!!!!!!EXCEPTION ** FROM AGENT #HOST_MANAGER##simu_8#HostManager_22:77negotiation.negotiationframework.contracts.UnknownContractException: 
Contract (1335651908489   28 Apr 2012 22:25:08 GMT) (init : #HOST_MANAGER##simu_8#HostManager_22:77, part : [#simu_8#DomainAgent_64, #HOST_MANAGER##simu_8#HostManager_22:77]),(expired?false, will expire?false) On Hostctkarch(Sun Apr 29 00:25:10 CEST 2012 - 1335651910938):
facing unknonw contract!!!!! 
Contract (1335651908489   28 Apr 2012 22:25:08 GMT) (init : #HOST_MANAGER##simu_8#HostManager_22:77, part : [#simu_8#DomainAgent_64, #HOST_MANAGER##simu_8#HostManager_22:77]),(expired?false, will expire?false)
receivedContract?false
alreadyCancelled?false
alreadyExecuted?false lost contracts are : 

!!!!!!!!!!!!!!!!!!!!!!!!!!!!!!!!!!!!!!!!!!!!!!!!!!!!!!!!!!!!!!!!!!!!!!!!!!!!!!!!!!!!!!!EXCEPTION ** FROM AGENT #HOST_MANAGER##simu_8#HostManager_22:77negotiation.negotiationframework.contracts.UnknownContractException: 
Contract (1335651908489   28 Apr 2012 22:25:08 GMT) (init : #HOST_MANAGER##simu_8#HostManager_22:77, part : [#simu_8#DomainAgent_17, #HOST_MANAGER##simu_8#HostManager_22:77]),(expired?false, will expire?false) On Hostctkarch(Sun Apr 29 00:25:10 CEST 2012 - 1335651910950):
facing unknonw contract!!!!! 
Contract (1335651908489   28 Apr 2012 22:25:08 GMT) (init : #HOST_MANAGER##simu_8#HostManager_22:77, part : [#simu_8#DomainAgent_17, #HOST_MANAGER##simu_8#HostManager_22:77]),(expired?false, will expire?false)
receivedContract?false
alreadyCancelled?false
alreadyExecuted?false lost contracts are : 

