!!!!!!!!!!!!!!!!!!!!!!!!!!!!!!!!!!!!!!!!!!!!!!!!!!!!!!!!!!!!!!!!!!!!!!!!!!!!!!!!!!!!!!!EXCEPTION ** FROM AGENT #HOST_MANAGER##simu_7#HostManager_11:77negotiation.negotiationframework.contracts.UnknownContractException: 
Contract (1335651582093   28 Apr 2012 22:19:42 GMT) (init : #HOST_MANAGER##simu_7#HostManager_11:77, part : [#simu_7#DomainAgent_45, #HOST_MANAGER##simu_7#HostManager_11:77]),(expired?false, will expire?false) On Hostctkarch(Sun Apr 29 00:19:44 CEST 2012 - 1335651584396):
facing unknonw contract!!!!! 
Contract (1335651582093   28 Apr 2012 22:19:42 GMT) (init : #HOST_MANAGER##simu_7#HostManager_11:77, part : [#simu_7#DomainAgent_45, #HOST_MANAGER##simu_7#HostManager_11:77]),(expired?false, will expire?false)
receivedContract?false
alreadyCancelled?false
alreadyExecuted?false lost contracts are : 

!!!!!!!!!!!!!!!!!!!!!!!!!!!!!!!!!!!!!!!!!!!!!!!!!!!!!!!!!!!!!!!!!!!!!!!!!!!!!!!!!!!!!!!EXCEPTION ** FROM AGENT #HOST_MANAGER##simu_7#HostManager_11:77negotiation.negotiationframework.contracts.UnknownContractException: 
Contract (1335651582093   28 Apr 2012 22:19:42 GMT) (init : #HOST_MANAGER##simu_7#HostManager_11:77, part : [#simu_7#DomainAgent_31, #HOST_MANAGER##simu_7#HostManager_11:77]),(expired?false, will expire?false) On Hostctkarch(Sun Apr 29 00:19:44 CEST 2012 - 1335651584397):
facing unknonw contract!!!!! 
Contract (1335651582093   28 Apr 2012 22:19:42 GMT) (init : #HOST_MANAGER##simu_7#HostManager_11:77, part : [#simu_7#DomainAgent_31, #HOST_MANAGER##simu_7#HostManager_11:77]),(expired?false, will expire?false)
receivedContract?false
alreadyCancelled?false
alreadyExecuted?false lost contracts are : 

!!!!!!!!!!!!!!!!!!!!!!!!!!!!!!!!!!!!!!!!!!!!!!!!!!!!!!!!!!!!!!!!!!!!!!!!!!!!!!!!!!!!!!!EXCEPTION ** FROM AGENT #HOST_MANAGER##simu_7#HostManager_11:77negotiation.negotiationframework.contracts.UnknownContractException: 
Contract (1335651582093   28 Apr 2012 22:19:42 GMT) (init : #HOST_MANAGER##simu_7#HostManager_11:77, part : [#simu_7#DomainAgent_7, #HOST_MANAGER##simu_7#HostManager_11:77]),(expired?false, will expire?false) On Hostctkarch(Sun Apr 29 00:19:44 CEST 2012 - 1335651584398):
facing unknonw contract!!!!! 
Contract (1335651582093   28 Apr 2012 22:19:42 GMT) (init : #HOST_MANAGER##simu_7#HostManager_11:77, part : [#simu_7#DomainAgent_7, #HOST_MANAGER##simu_7#HostManager_11:77]),(expired?false, will expire?false)
receivedContract?false
alreadyCancelled?false
alreadyExecuted?false lost contracts are : 

