!!!!!!!!!!!!!!!!!!!!!!!!!!!!!!!!!!!!!!!!!!!!!!!!!!!!!!!!!!!!!!!!!!!!!!!!!!!!!!!!!!!!!!!EXCEPTION ** FROM AGENT #HOST_MANAGER##simu_7#HostManager_13:77negotiation.negotiationframework.contracts.UnknownContractException: 
Contract (1335651582347   28 Apr 2012 22:19:42 GMT) (init : #HOST_MANAGER##simu_7#HostManager_13:77, part : [#simu_7#DomainAgent_4, #HOST_MANAGER##simu_7#HostManager_13:77]),(expired?false, will expire?false) On Hostctkarch(Sun Apr 29 00:23:29 CEST 2012 - 1335651809336):
facing unknonw contract!!!!! 
Contract (1335651582347   28 Apr 2012 22:19:42 GMT) (init : #HOST_MANAGER##simu_7#HostManager_13:77, part : [#simu_7#DomainAgent_4, #HOST_MANAGER##simu_7#HostManager_13:77]),(expired?false, will expire?false)
receivedContract?false
alreadyCancelled?false
alreadyExecuted?false lost contracts are : 

!!!!!!!!!!!!!!!!!!!!!!!!!!!!!!!!!!!!!!!!!!!!!!!!!!!!!!!!!!!!!!!!!!!!!!!!!!!!!!!!!!!!!!!EXCEPTION ** FROM AGENT #HOST_MANAGER##simu_7#HostManager_13:77negotiation.negotiationframework.contracts.UnknownContractException: 
Contract (1335651582347   28 Apr 2012 22:19:42 GMT) (init : #HOST_MANAGER##simu_7#HostManager_13:77, part : [#simu_7#DomainAgent_67, #HOST_MANAGER##simu_7#HostManager_13:77]),(expired?false, will expire?false) On Hostctkarch(Sun Apr 29 00:23:29 CEST 2012 - 1335651809337):
facing unknonw contract!!!!! 
Contract (1335651582347   28 Apr 2012 22:19:42 GMT) (init : #HOST_MANAGER##simu_7#HostManager_13:77, part : [#simu_7#DomainAgent_67, #HOST_MANAGER##simu_7#HostManager_13:77]),(expired?false, will expire?false)
receivedContract?false
alreadyCancelled?false
alreadyExecuted?false lost contracts are : 

!!!!!!!!!!!!!!!!!!!!!!!!!!!!!!!!!!!!!!!!!!!!!!!!!!!!!!!!!!!!!!!!!!!!!!!!!!!!!!!!!!!!!!!EXCEPTION ** FROM AGENT #HOST_MANAGER##simu_7#HostManager_13:77negotiation.negotiationframework.contracts.UnknownContractException: 
Contract (1335651582347   28 Apr 2012 22:19:42 GMT) (init : #HOST_MANAGER##simu_7#HostManager_13:77, part : [#simu_7#DomainAgent_77, #HOST_MANAGER##simu_7#HostManager_13:77]),(expired?false, will expire?false) On Hostctkarch(Sun Apr 29 00:23:29 CEST 2012 - 1335651809338):
facing unknonw contract!!!!! 
Contract (1335651582347   28 Apr 2012 22:19:42 GMT) (init : #HOST_MANAGER##simu_7#HostManager_13:77, part : [#simu_7#DomainAgent_77, #HOST_MANAGER##simu_7#HostManager_13:77]),(expired?false, will expire?false)
receivedContract?false
alreadyCancelled?false
alreadyExecuted?false lost contracts are : 

!!!!!!!!!!!!!!!!!!!!!!!!!!!!!!!!!!!!!!!!!!!!!!!!!!!!!!!!!!!!!!!!!!!!!!!!!!!!!!!!!!!!!!!EXCEPTION ** FROM AGENT #HOST_MANAGER##simu_7#HostManager_13:77negotiation.negotiationframework.contracts.UnknownContractException: 
Contract (1335651582347   28 Apr 2012 22:19:42 GMT) (init : #HOST_MANAGER##simu_7#HostManager_13:77, part : [#simu_7#DomainAgent_86, #HOST_MANAGER##simu_7#HostManager_13:77]),(expired?false, will expire?false) On Hostctkarch(Sun Apr 29 00:23:29 CEST 2012 - 1335651809339):
facing unknonw contract!!!!! 
Contract (1335651582347   28 Apr 2012 22:19:42 GMT) (init : #HOST_MANAGER##simu_7#HostManager_13:77, part : [#simu_7#DomainAgent_86, #HOST_MANAGER##simu_7#HostManager_13:77]),(expired?false, will expire?false)
receivedContract?false
alreadyCancelled?false
alreadyExecuted?false lost contracts are : 

!!!!!!!!!!!!!!!!!!!!!!!!!!!!!!!!!!!!!!!!!!!!!!!!!!!!!!!!!!!!!!!!!!!!!!!!!!!!!!!!!!!!!!!EXCEPTION ** FROM AGENT #HOST_MANAGER##simu_7#HostManager_13:77negotiation.negotiationframework.contracts.UnknownContractException: 
Contract (1335651582347   28 Apr 2012 22:19:42 GMT) (init : #HOST_MANAGER##simu_7#HostManager_13:77, part : [#simu_7#DomainAgent_7, #HOST_MANAGER##simu_7#HostManager_13:77]),(expired?false, will expire?false) On Hostctkarch(Sun Apr 29 00:23:29 CEST 2012 - 1335651809340):
facing unknonw contract!!!!! 
Contract (1335651582347   28 Apr 2012 22:19:42 GMT) (init : #HOST_MANAGER##simu_7#HostManager_13:77, part : [#simu_7#DomainAgent_7, #HOST_MANAGER##simu_7#HostManager_13:77]),(expired?false, will expire?false)
receivedContract?false
alreadyCancelled?false
alreadyExecuted?false lost contracts are : 

